<?xml version="1.0" encoding="utf-8"?>
<coverage line-rate="1" branch-rate="0.9712999999999999" version="1.9" timestamp="1772217296" lines-covered="662" lines-valid="662" branches-covered="237" branches-valid="244">
  <sources>
    <source>/home/rutasan/AIG/src/AIG.Game/</source>
  </sources>
  <packages>
    <package name="AIG.Game" line-rate="1" branch-rate="0.9712999999999999" complexity="305">
      <classes>
        <class name="AIG.Game.Program" filename="Program.cs" line-rate="1" branch-rate="1" complexity="2">
          <methods>
            <method name="get_GameFactory" signature="()" line-rate="1" branch-rate="1" complexity="1">
              <lines>
                <line number="7" hits="5" branch="False" />
              </lines>
            </method>
            <method name="Main" signature="(System.String[])" line-rate="1" branch-rate="1" complexity="1">
              <lines>
                <line number="10" hits="1" branch="False" />
                <line number="11" hits="1" branch="False" />
                <line number="12" hits="1" branch="False" />
              </lines>
            </method>
          </methods>
          <lines>
            <line number="7" hits="5" branch="False" />
            <line number="10" hits="1" branch="False" />
            <line number="11" hits="1" branch="False" />
            <line number="12" hits="1" branch="False" />
          </lines>
        </class>
        <class name="AIG.Game.World.WorldMap" filename="World/WorldMap.cs" line-rate="1" branch-rate="1" complexity="44">
          <methods>
            <method name="get_Width" signature="()" line-rate="1" branch-rate="1" complexity="1">
              <lines>
                <line number="21" hits="67230" branch="False" />
              </lines>
            </method>
            <method name="get_Height" signature="()" line-rate="1" branch-rate="1" complexity="1">
              <lines>
                <line number="22" hits="121550" branch="False" />
              </lines>
            </method>
            <method name="get_Depth" signature="()" line-rate="1" branch-rate="1" complexity="1">
              <lines>
                <line number="23" hits="64818" branch="False" />
              </lines>
            </method>
            <method name="get_ChunkSize" signature="()" line-rate="1" branch-rate="1" complexity="1">
              <lines>
                <line number="24" hits="63578" branch="False" />
              </lines>
            </method>
            <method name="get_Seed" signature="()" line-rate="1" branch-rate="1" complexity="1">
              <lines>
                <line number="25" hits="65768" branch="False" />
              </lines>
            </method>
            <method name="GetBlock" signature="(System.Int32,System.Int32,System.Int32)" line-rate="1" branch-rate="1" complexity="2">
              <lines>
                <line number="28" hits="16173" branch="False" />
                <line number="29" hits="16173" branch="True" condition-coverage="100% (2/2)">
                  <conditions>
                    <condition number="15" type="jump" coverage="100%" />
                  </conditions>
                </line>
                <line number="30" hits="406" branch="False" />
                <line number="31" hits="406" branch="False" />
                <line number="34" hits="15767" branch="False" />
                <line number="35" hits="15767" branch="False" />
                <line number="36" hits="16173" branch="False" />
              </lines>
            </method>
            <method name="SetBlock" signature="(System.Int32,System.Int32,System.Int32,AIG.Game.World.BlockType)" line-rate="1" branch-rate="1" complexity="2">
              <lines>
                <line number="39" hits="32" branch="False" />
                <line number="40" hits="32" branch="True" condition-coverage="100% (2/2)">
                  <conditions>
                    <condition number="15" type="jump" coverage="100%" />
                  </conditions>
                </line>
                <line number="41" hits="6" branch="False" />
                <line number="42" hits="6" branch="False" />
                <line number="45" hits="26" branch="False" />
                <line number="46" hits="26" branch="False" />
                <line number="47" hits="32" branch="False" />
              </lines>
            </method>
            <method name="IsSolid" signature="(System.Int32,System.Int32,System.Int32)" line-rate="1" branch-rate="1" complexity="1">
              <lines>
                <line number="50" hits="13306" branch="False" />
                <line number="51" hits="13306" branch="False" />
                <line number="52" hits="13306" branch="False" />
              </lines>
            </method>
            <method name="IsSolidAt" signature="(System.Numerics.Vector3)" line-rate="1" branch-rate="1" complexity="1">
              <lines>
                <line number="55" hits="863" branch="False" />
                <line number="56" hits="863" branch="False" />
                <line number="57" hits="863" branch="False" />
                <line number="58" hits="863" branch="False" />
                <line number="59" hits="863" branch="False" />
                <line number="60" hits="863" branch="False" />
              </lines>
            </method>
            <method name="IsInside" signature="(System.Int32,System.Int32,System.Int32)" line-rate="1" branch-rate="1" complexity="10">
              <lines>
                <line number="63" hits="16215" branch="False" />
                <line number="64" hits="16215" branch="True" condition-coverage="100% (10/10)">
                  <conditions>
                    <condition number="3" type="jump" coverage="100%" />
                    <condition number="12" type="jump" coverage="100%" />
                    <condition number="16" type="jump" coverage="100%" />
                    <condition number="25" type="jump" coverage="100%" />
                    <condition number="29" type="jump" coverage="100%" />
                  </conditions>
                </line>
                <line number="65" hits="16215" branch="False" />
              </lines>
            </method>
            <method name="GenerateWorld" signature="()" line-rate="1" branch-rate="1" complexity="4">
              <lines>
                <line number="68" hits="35" branch="False" />
                <line number="69" hits="35" branch="False" />
                <line number="70" hits="35" branch="False" />
                <line number="72" hits="234" branch="True" condition-coverage="100% (2/2)">
                  <conditions>
                    <condition number="136" type="jump" coverage="100%" />
                  </conditions>
                </line>
                <line number="73" hits="82" branch="False" />
                <line number="74" hits="696" branch="True" condition-coverage="100% (2/2)">
                  <conditions>
                    <condition number="121" type="jump" coverage="100%" />
                  </conditions>
                </line>
                <line number="75" hits="266" branch="False" />
                <line number="76" hits="266" branch="False" />
                <line number="77" hits="266" branch="False" />
                <line number="78" hits="266" branch="False" />
                <line number="79" hits="266" branch="False" />
                <line number="80" hits="82" branch="False" />
                <line number="81" hits="35" branch="False" />
              </lines>
            </method>
            <method name="GenerateChunkColumns" signature="(AIG.Game.World.Chunks.Chunk,System.Int32,System.Int32)" line-rate="1" branch-rate="1" complexity="14">
              <lines>
                <line number="84" hits="266" branch="False" />
                <line number="85" hits="7620" branch="True" condition-coverage="100% (2/2)">
                  <conditions>
                    <condition number="184" type="jump" coverage="100%" />
                  </conditions>
                </line>
                <line number="86" hits="3544" branch="False" />
                <line number="87" hits="109104" branch="True" condition-coverage="100% (2/2)">
                  <conditions>
                    <condition number="161" type="jump" coverage="100%" />
                  </conditions>
                </line>
                <line number="88" hits="51008" branch="False" />
                <line number="89" hits="51008" branch="False" />
                <line number="90" hits="51008" branch="False" />
                <line number="91" hits="51008" branch="True" condition-coverage="100% (4/4)">
                  <conditions>
                    <condition number="46" type="jump" coverage="100%" />
                    <condition number="67" type="jump" coverage="100%" />
                  </conditions>
                </line>
                <line number="92" hits="2648" branch="False" />
                <line number="93" hits="2648" branch="False" />
                <line number="96" hits="48360" branch="False" />
                <line number="97" hits="307568" branch="True" condition-coverage="100% (4/4)">
                  <conditions>
                    <condition number="141" type="jump" coverage="100%" />
                    <condition number="122" type="jump" coverage="100%" />
                  </conditions>
                </line>
                <line number="98" hits="105424" branch="False" />
                <line number="99" hits="105424" branch="True" condition-coverage="100% (2/2)">
                  <conditions>
                    <condition number="90" type="jump" coverage="100%" />
                  </conditions>
                </line>
                <line number="100" hits="105424" branch="False" />
                <line number="101" hits="105424" branch="False" />
                <line number="102" hits="48360" branch="False" />
                <line number="103" hits="3544" branch="False" />
                <line number="104" hits="266" branch="False" />
              </lines>
            </method>
            <method name="GetTopY" signature="(System.Int32,System.Int32)" line-rate="1" branch-rate="1" complexity="2">
              <lines>
                <line number="107" hits="48360" branch="False" />
                <line number="109" hits="48360" branch="True" condition-coverage="100% (2/2)">
                  <conditions>
                    <condition number="12" type="jump" coverage="100%" />
                  </conditions>
                </line>
                <line number="110" hits="30952" branch="False" />
                <line number="111" hits="30952" branch="False" />
                <line number="114" hits="17408" branch="False" />
                <line number="115" hits="17408" branch="False" />
                <line number="116" hits="17408" branch="False" />
                <line number="117" hits="48360" branch="False" />
              </lines>
            </method>
            <method name="Hash" signature="(System.Int32,System.Int32,System.Int32)" line-rate="1" branch-rate="1" complexity="1">
              <lines>
                <line number="120" hits="17408" branch="False" />
                <line number="122" hits="17408" branch="False" />
                <line number="123" hits="17408" branch="False" />
                <line number="124" hits="17408" branch="False" />
                <line number="125" hits="17408" branch="False" />
                <line number="126" hits="17408" branch="False" />
                <line number="128" hits="17408" branch="False" />
              </lines>
            </method>
            <method name="ResolveChunkCoords" signature="(System.Int32,System.Int32)" line-rate="1" branch-rate="1" complexity="1">
              <lines>
                <line number="131" hits="15793" branch="False" />
                <line number="132" hits="15793" branch="False" />
                <line number="133" hits="15793" branch="False" />
                <line number="135" hits="15793" branch="False" />
                <line number="136" hits="15793" branch="False" />
                <line number="138" hits="15793" branch="False" />
                <line number="139" hits="15793" branch="False" />
              </lines>
            </method>
            <method name=".ctor" signature="(System.Int32,System.Int32,System.Int32,System.Int32,System.Int32)" line-rate="1" branch-rate="1" complexity="1">
              <lines>
                <line number="8" hits="35" branch="False" />
                <line number="10" hits="35" branch="False" />
                <line number="11" hits="35" branch="False" />
                <line number="12" hits="35" branch="False" />
                <line number="13" hits="35" branch="False" />
                <line number="14" hits="35" branch="False" />
                <line number="15" hits="35" branch="False" />
                <line number="16" hits="35" branch="False" />
                <line number="18" hits="35" branch="False" />
                <line number="19" hits="35" branch="False" />
              </lines>
            </method>
          </methods>
          <lines>
            <line number="21" hits="67230" branch="False" />
            <line number="22" hits="121550" branch="False" />
            <line number="23" hits="64818" branch="False" />
            <line number="24" hits="63578" branch="False" />
            <line number="25" hits="65768" branch="False" />
            <line number="28" hits="16173" branch="False" />
            <line number="29" hits="16173" branch="True" condition-coverage="100% (2/2)">
              <conditions>
                <condition number="15" type="jump" coverage="100%" />
              </conditions>
            </line>
            <line number="30" hits="406" branch="False" />
            <line number="31" hits="406" branch="False" />
            <line number="34" hits="15767" branch="False" />
            <line number="35" hits="15767" branch="False" />
            <line number="36" hits="16173" branch="False" />
            <line number="39" hits="32" branch="False" />
            <line number="40" hits="32" branch="True" condition-coverage="100% (2/2)">
              <conditions>
                <condition number="15" type="jump" coverage="100%" />
              </conditions>
            </line>
            <line number="41" hits="6" branch="False" />
            <line number="42" hits="6" branch="False" />
            <line number="45" hits="26" branch="False" />
            <line number="46" hits="26" branch="False" />
            <line number="47" hits="32" branch="False" />
            <line number="50" hits="13306" branch="False" />
            <line number="51" hits="13306" branch="False" />
            <line number="52" hits="13306" branch="False" />
            <line number="55" hits="863" branch="False" />
            <line number="56" hits="863" branch="False" />
            <line number="57" hits="863" branch="False" />
            <line number="58" hits="863" branch="False" />
            <line number="59" hits="863" branch="False" />
            <line number="60" hits="863" branch="False" />
            <line number="63" hits="16215" branch="False" />
            <line number="64" hits="16215" branch="True" condition-coverage="100% (10/10)">
              <conditions>
                <condition number="3" type="jump" coverage="100%" />
                <condition number="12" type="jump" coverage="100%" />
                <condition number="16" type="jump" coverage="100%" />
                <condition number="25" type="jump" coverage="100%" />
                <condition number="29" type="jump" coverage="100%" />
              </conditions>
            </line>
            <line number="65" hits="16215" branch="False" />
            <line number="68" hits="35" branch="False" />
            <line number="69" hits="35" branch="False" />
            <line number="70" hits="35" branch="False" />
            <line number="72" hits="234" branch="True" condition-coverage="100% (2/2)">
              <conditions>
                <condition number="136" type="jump" coverage="100%" />
              </conditions>
            </line>
            <line number="73" hits="82" branch="False" />
            <line number="74" hits="696" branch="True" condition-coverage="100% (2/2)">
              <conditions>
                <condition number="121" type="jump" coverage="100%" />
              </conditions>
            </line>
            <line number="75" hits="266" branch="False" />
            <line number="76" hits="266" branch="False" />
            <line number="77" hits="266" branch="False" />
            <line number="78" hits="266" branch="False" />
            <line number="79" hits="266" branch="False" />
            <line number="80" hits="82" branch="False" />
            <line number="81" hits="35" branch="False" />
            <line number="84" hits="266" branch="False" />
            <line number="85" hits="7620" branch="True" condition-coverage="100% (2/2)">
              <conditions>
                <condition number="184" type="jump" coverage="100%" />
              </conditions>
            </line>
            <line number="86" hits="3544" branch="False" />
            <line number="87" hits="109104" branch="True" condition-coverage="100% (2/2)">
              <conditions>
                <condition number="161" type="jump" coverage="100%" />
              </conditions>
            </line>
            <line number="88" hits="51008" branch="False" />
            <line number="89" hits="51008" branch="False" />
            <line number="90" hits="51008" branch="False" />
            <line number="91" hits="51008" branch="True" condition-coverage="100% (4/4)">
              <conditions>
                <condition number="46" type="jump" coverage="100%" />
                <condition number="67" type="jump" coverage="100%" />
              </conditions>
            </line>
            <line number="92" hits="2648" branch="False" />
            <line number="93" hits="2648" branch="False" />
            <line number="96" hits="48360" branch="False" />
            <line number="97" hits="307568" branch="True" condition-coverage="100% (4/4)">
              <conditions>
                <condition number="141" type="jump" coverage="100%" />
                <condition number="122" type="jump" coverage="100%" />
              </conditions>
            </line>
            <line number="98" hits="105424" branch="False" />
            <line number="99" hits="105424" branch="True" condition-coverage="100% (2/2)">
              <conditions>
                <condition number="90" type="jump" coverage="100%" />
              </conditions>
            </line>
            <line number="100" hits="105424" branch="False" />
            <line number="101" hits="105424" branch="False" />
            <line number="102" hits="48360" branch="False" />
            <line number="103" hits="3544" branch="False" />
            <line number="104" hits="266" branch="False" />
            <line number="107" hits="48360" branch="False" />
            <line number="109" hits="48360" branch="True" condition-coverage="100% (2/2)">
              <conditions>
                <condition number="12" type="jump" coverage="100%" />
              </conditions>
            </line>
            <line number="110" hits="30952" branch="False" />
            <line number="111" hits="30952" branch="False" />
            <line number="114" hits="17408" branch="False" />
            <line number="115" hits="17408" branch="False" />
            <line number="116" hits="17408" branch="False" />
            <line number="117" hits="48360" branch="False" />
            <line number="120" hits="17408" branch="False" />
            <line number="122" hits="17408" branch="False" />
            <line number="123" hits="17408" branch="False" />
            <line number="124" hits="17408" branch="False" />
            <line number="125" hits="17408" branch="False" />
            <line number="126" hits="17408" branch="False" />
            <line number="128" hits="17408" branch="False" />
            <line number="131" hits="15793" branch="False" />
            <line number="132" hits="15793" branch="False" />
            <line number="133" hits="15793" branch="False" />
            <line number="135" hits="15793" branch="False" />
            <line number="136" hits="15793" branch="False" />
            <line number="138" hits="15793" branch="False" />
            <line number="139" hits="15793" branch="False" />
            <line number="8" hits="35" branch="False" />
            <line number="10" hits="35" branch="False" />
            <line number="11" hits="35" branch="False" />
            <line number="12" hits="35" branch="False" />
            <line number="13" hits="35" branch="False" />
            <line number="14" hits="35" branch="False" />
            <line number="15" hits="35" branch="False" />
            <line number="16" hits="35" branch="False" />
            <line number="18" hits="35" branch="False" />
            <line number="19" hits="35" branch="False" />
          </lines>
        </class>
        <class name="AIG.Game.World.Chunks.Chunk" filename="World/Chunks/Chunk.cs" line-rate="1" branch-rate="1" complexity="5">
          <methods>
            <method name="get_Size" signature="()" line-rate="1" branch-rate="1" complexity="1">
              <lines>
                <line number="14" hits="160379" branch="False" />
              </lines>
            </method>
            <method name="get_Height" signature="()" line-rate="1" branch-rate="1" complexity="1">
              <lines>
                <line number="15" hits="1" branch="False" />
              </lines>
            </method>
            <method name="Get" signature="(System.Int32,System.Int32,System.Int32)" line-rate="1" branch-rate="1" complexity="1">
              <lines>
                <line number="17" hits="15767" branch="False" />
              </lines>
            </method>
            <method name="Set" signature="(System.Int32,System.Int32,System.Int32,AIG.Game.World.BlockType)" line-rate="1" branch-rate="1" complexity="1">
              <lines>
                <line number="19" hits="105450" branch="False" />
              </lines>
            </method>
            <method name=".ctor" signature="(System.Int32,System.Int32)" line-rate="1" branch-rate="1" complexity="1">
              <lines>
                <line number="7" hits="267" branch="False" />
                <line number="8" hits="267" branch="False" />
                <line number="9" hits="267" branch="False" />
                <line number="10" hits="267" branch="False" />
                <line number="11" hits="267" branch="False" />
                <line number="12" hits="267" branch="False" />
              </lines>
            </method>
          </methods>
          <lines>
            <line number="14" hits="160379" branch="False" />
            <line number="15" hits="1" branch="False" />
            <line number="17" hits="15767" branch="False" />
            <line number="19" hits="105450" branch="False" />
            <line number="7" hits="267" branch="False" />
            <line number="8" hits="267" branch="False" />
            <line number="9" hits="267" branch="False" />
            <line number="10" hits="267" branch="False" />
            <line number="11" hits="267" branch="False" />
            <line number="12" hits="267" branch="False" />
          </lines>
        </class>
        <class name="AIG.Game.Player.PlayerController" filename="Player/PlayerController.cs" line-rate="1" branch-rate="1" complexity="43">
          <methods>
            <method name="get_Position" signature="()" line-rate="1" branch-rate="1" complexity="1">
              <lines>
                <line number="22" hits="14563" branch="False" />
              </lines>
            </method>
            <method name="get_Yaw" signature="()" line-rate="1" branch-rate="1" complexity="1">
              <lines>
                <line number="23" hits="2392" branch="False" />
              </lines>
            </method>
            <method name="get_Pitch" signature="()" line-rate="1" branch-rate="1" complexity="1">
              <lines>
                <line number="24" hits="2395" branch="False" />
              </lines>
            </method>
            <method name="get_IsGrounded" signature="()" line-rate="1" branch-rate="1" complexity="1">
              <lines>
                <line number="25" hits="2211" branch="False" />
              </lines>
            </method>
            <method name="get_ColliderHalfWidth" signature="()" line-rate="1" branch-rate="1" complexity="1">
              <lines>
                <line number="26" hits="2" branch="False" />
              </lines>
            </method>
            <method name="get_ColliderHeight" signature="()" line-rate="1" branch-rate="1" complexity="1">
              <lines>
                <line number="27" hits="2" branch="False" />
              </lines>
            </method>
            <method name="get_EyePosition" signature="()" line-rate="1" branch-rate="1" complexity="1">
              <lines>
                <line number="29" hits="31" branch="False" />
              </lines>
            </method>
            <method name="get_LookDirection" signature="()" line-rate="1" branch-rate="1" complexity="1">
              <lines>
                <line number="34" hits="19" branch="False" />
                <line number="35" hits="19" branch="False" />
                <line number="36" hits="19" branch="False" />
                <line number="37" hits="19" branch="False" />
                <line number="38" hits="19" branch="False" />
                <line number="39" hits="19" branch="False" />
              </lines>
            </method>
            <method name="Update" signature="(AIG.Game.World.WorldMap,AIG.Game.Player.PlayerInput,System.Single)" line-rate="1" branch-rate="1" complexity="1">
              <lines>
                <line number="43" hits="584" branch="False" />
                <line number="44" hits="584" branch="False" />
                <line number="45" hits="584" branch="False" />
                <line number="46" hits="584" branch="False" />
                <line number="47" hits="584" branch="False" />
              </lines>
            </method>
            <method name="ApplyLook" signature="(AIG.Game.Player.PlayerInput)" line-rate="1" branch-rate="1" complexity="1">
              <lines>
                <line number="50" hits="584" branch="False" />
                <line number="51" hits="584" branch="False" />
                <line number="52" hits="584" branch="False" />
                <line number="54" hits="584" branch="False" />
                <line number="55" hits="584" branch="False" />
                <line number="56" hits="584" branch="False" />
              </lines>
            </method>
            <method name="ApplyHorizontalMovement" signature="(AIG.Game.World.WorldMap,AIG.Game.Player.PlayerInput,System.Single)" line-rate="1" branch-rate="1" complexity="6">
              <lines>
                <line number="59" hits="584" branch="False" />
                <line number="60" hits="584" branch="False" />
                <line number="61" hits="584" branch="False" />
                <line number="63" hits="584" branch="False" />
                <line number="64" hits="584" branch="True" condition-coverage="100% (2/2)">
                  <conditions>
                    <condition number="110" type="jump" coverage="100%" />
                  </conditions>
                </line>
                <line number="65" hits="1" branch="False" />
                <line number="66" hits="1" branch="False" />
                <line number="67" hits="1" branch="False" />
                <line number="69" hits="584" branch="False" />
                <line number="70" hits="584" branch="False" />
                <line number="72" hits="584" branch="False" />
                <line number="73" hits="584" branch="True" condition-coverage="100% (2/2)">
                  <conditions>
                    <condition number="194" type="jump" coverage="100%" />
                  </conditions>
                </line>
                <line number="74" hits="579" branch="False" />
                <line number="75" hits="579" branch="False" />
                <line number="76" hits="579" branch="False" />
                <line number="78" hits="584" branch="False" />
                <line number="79" hits="584" branch="True" condition-coverage="100% (2/2)">
                  <conditions>
                    <condition number="254" type="jump" coverage="100%" />
                  </conditions>
                </line>
                <line number="80" hits="579" branch="False" />
                <line number="81" hits="579" branch="False" />
                <line number="82" hits="579" branch="False" />
                <line number="84" hits="584" branch="False" />
                <line number="85" hits="584" branch="False" />
              </lines>
            </method>
            <method name="ApplyVerticalMovement" signature="(AIG.Game.World.WorldMap,System.Boolean,System.Single)" line-rate="1" branch-rate="1" complexity="12">
              <lines>
                <line number="88" hits="584" branch="False" />
                <line number="89" hits="584" branch="False" />
                <line number="90" hits="584" branch="True" condition-coverage="100% (4/4)">
                  <conditions>
                    <condition number="21" type="jump" coverage="100%" />
                    <condition number="41" type="jump" coverage="100%" />
                  </conditions>
                </line>
                <line number="91" hits="40" branch="False" />
                <line number="92" hits="40" branch="False" />
                <line number="93" hits="40" branch="False" />
                <line number="95" hits="584" branch="True" condition-coverage="100% (2/2)">
                  <conditions>
                    <condition number="66" type="jump" coverage="100%" />
                  </conditions>
                </line>
                <line number="96" hits="1" branch="False" />
                <line number="97" hits="1" branch="False" />
                <line number="98" hits="1" branch="False" />
                <line number="99" hits="1" branch="False" />
                <line number="101" hits="584" branch="False" />
                <line number="102" hits="584" branch="False" />
                <line number="104" hits="584" branch="True" condition-coverage="100% (2/2)">
                  <conditions>
                    <condition number="168" type="jump" coverage="100%" />
                  </conditions>
                </line>
                <line number="105" hits="126" branch="False" />
                <line number="106" hits="126" branch="False" />
                <line number="107" hits="126" branch="False" />
                <line number="110" hits="458" branch="True" condition-coverage="100% (2/2)">
                  <conditions>
                    <condition number="201" type="jump" coverage="100%" />
                  </conditions>
                </line>
                <line number="111" hits="457" branch="False" />
                <line number="112" hits="463" branch="True" condition-coverage="100% (2/2)">
                  <conditions>
                    <condition number="290" type="jump" coverage="100%" />
                  </conditions>
                </line>
                <line number="113" hits="6" branch="False" />
                <line number="114" hits="6" branch="False" />
                <line number="115" hits="6" branch="False" />
                <line number="117" hits="457" branch="False" />
                <line number="118" hits="457" branch="False" />
                <line number="120" hits="458" branch="False" />
                <line number="121" hits="584" branch="False" />
              </lines>
            </method>
            <method name="IsStandingOnSolid" signature="(AIG.Game.World.WorldMap)" line-rate="1" branch-rate="1" complexity="6">
              <lines>
                <line number="124" hits="584" branch="False" />
                <line number="125" hits="584" branch="False" />
                <line number="126" hits="584" branch="False" />
                <line number="127" hits="584" branch="False" />
                <line number="128" hits="584" branch="False" />
                <line number="129" hits="584" branch="False" />
                <line number="131" hits="584" branch="True" condition-coverage="100% (6/6)">
                  <conditions>
                    <condition number="130" type="jump" coverage="100%" />
                    <condition number="147" type="jump" coverage="100%" />
                    <condition number="163" type="jump" coverage="100%" />
                  </conditions>
                </line>
                <line number="132" hits="584" branch="False" />
                <line number="133" hits="584" branch="False" />
                <line number="134" hits="584" branch="False" />
                <line number="135" hits="584" branch="False" />
              </lines>
            </method>
            <method name="CollidesAt" signature="(AIG.Game.World.WorldMap,System.Numerics.Vector3)" line-rate="1" branch-rate="1" complexity="8">
              <lines>
                <line number="138" hits="2215" branch="False" />
                <line number="139" hits="2215" branch="False" />
                <line number="140" hits="2215" branch="False" />
                <line number="142" hits="2215" branch="False" />
                <line number="143" hits="2215" branch="False" />
                <line number="144" hits="2215" branch="False" />
                <line number="145" hits="2215" branch="False" />
                <line number="146" hits="2215" branch="False" />
                <line number="147" hits="2215" branch="False" />
                <line number="149" hits="9304" branch="True" condition-coverage="100% (2/2)">
                  <conditions>
                    <condition number="270" type="jump" coverage="100%" />
                  </conditions>
                </line>
                <line number="150" hits="3362" branch="False" />
                <line number="151" hits="17258" branch="True" condition-coverage="100% (2/2)">
                  <conditions>
                    <condition number="249" type="jump" coverage="100%" />
                  </conditions>
                </line>
                <line number="152" hits="6192" branch="False" />
                <line number="153" hits="31138" branch="True" condition-coverage="100% (2/2)">
                  <conditions>
                    <condition number="227" type="jump" coverage="100%" />
                  </conditions>
                </line>
                <line number="154" hits="10302" branch="False" />
                <line number="155" hits="10302" branch="True" condition-coverage="100% (2/2)">
                  <conditions>
                    <condition number="199" type="jump" coverage="100%" />
                  </conditions>
                </line>
                <line number="156" hits="925" branch="False" />
                <line number="157" hits="925" branch="False" />
                <line number="159" hits="9377" branch="False" />
                <line number="160" hits="5267" branch="False" />
                <line number="161" hits="2437" branch="False" />
                <line number="163" hits="1290" branch="False" />
                <line number="164" hits="2215" branch="False" />
              </lines>
            </method>
            <method name=".ctor" signature="(AIG.Game.Config.GameConfig,System.Numerics.Vector3)" line-rate="1" branch-rate="1" complexity="1">
              <lines>
                <line number="15" hits="18" branch="False" />
                <line number="16" hits="18" branch="False" />
                <line number="17" hits="18" branch="False" />
                <line number="18" hits="18" branch="False" />
                <line number="19" hits="18" branch="False" />
                <line number="20" hits="18" branch="False" />
              </lines>
            </method>
          </methods>
          <lines>
            <line number="22" hits="14563" branch="False" />
            <line number="23" hits="2392" branch="False" />
            <line number="24" hits="2395" branch="False" />
            <line number="25" hits="2211" branch="False" />
            <line number="26" hits="2" branch="False" />
            <line number="27" hits="2" branch="False" />
            <line number="29" hits="31" branch="False" />
            <line number="34" hits="19" branch="False" />
            <line number="35" hits="19" branch="False" />
            <line number="36" hits="19" branch="False" />
            <line number="37" hits="19" branch="False" />
            <line number="38" hits="19" branch="False" />
            <line number="39" hits="19" branch="False" />
            <line number="43" hits="584" branch="False" />
            <line number="44" hits="584" branch="False" />
            <line number="45" hits="584" branch="False" />
            <line number="46" hits="584" branch="False" />
            <line number="47" hits="584" branch="False" />
            <line number="50" hits="584" branch="False" />
            <line number="51" hits="584" branch="False" />
            <line number="52" hits="584" branch="False" />
            <line number="54" hits="584" branch="False" />
            <line number="55" hits="584" branch="False" />
            <line number="56" hits="584" branch="False" />
            <line number="59" hits="584" branch="False" />
            <line number="60" hits="584" branch="False" />
            <line number="61" hits="584" branch="False" />
            <line number="63" hits="584" branch="False" />
            <line number="64" hits="584" branch="True" condition-coverage="100% (2/2)">
              <conditions>
                <condition number="110" type="jump" coverage="100%" />
              </conditions>
            </line>
            <line number="65" hits="1" branch="False" />
            <line number="66" hits="1" branch="False" />
            <line number="67" hits="1" branch="False" />
            <line number="69" hits="584" branch="False" />
            <line number="70" hits="584" branch="False" />
            <line number="72" hits="584" branch="False" />
            <line number="73" hits="584" branch="True" condition-coverage="100% (2/2)">
              <conditions>
                <condition number="194" type="jump" coverage="100%" />
              </conditions>
            </line>
            <line number="74" hits="579" branch="False" />
            <line number="75" hits="579" branch="False" />
            <line number="76" hits="579" branch="False" />
            <line number="78" hits="584" branch="False" />
            <line number="79" hits="584" branch="True" condition-coverage="100% (2/2)">
              <conditions>
                <condition number="254" type="jump" coverage="100%" />
              </conditions>
            </line>
            <line number="80" hits="579" branch="False" />
            <line number="81" hits="579" branch="False" />
            <line number="82" hits="579" branch="False" />
            <line number="84" hits="584" branch="False" />
            <line number="85" hits="584" branch="False" />
            <line number="88" hits="584" branch="False" />
            <line number="89" hits="584" branch="False" />
            <line number="90" hits="584" branch="True" condition-coverage="100% (4/4)">
              <conditions>
                <condition number="21" type="jump" coverage="100%" />
                <condition number="41" type="jump" coverage="100%" />
              </conditions>
            </line>
            <line number="91" hits="40" branch="False" />
            <line number="92" hits="40" branch="False" />
            <line number="93" hits="40" branch="False" />
            <line number="95" hits="584" branch="True" condition-coverage="100% (2/2)">
              <conditions>
                <condition number="66" type="jump" coverage="100%" />
              </conditions>
            </line>
            <line number="96" hits="1" branch="False" />
            <line number="97" hits="1" branch="False" />
            <line number="98" hits="1" branch="False" />
            <line number="99" hits="1" branch="False" />
            <line number="101" hits="584" branch="False" />
            <line number="102" hits="584" branch="False" />
            <line number="104" hits="584" branch="True" condition-coverage="100% (2/2)">
              <conditions>
                <condition number="168" type="jump" coverage="100%" />
              </conditions>
            </line>
            <line number="105" hits="126" branch="False" />
            <line number="106" hits="126" branch="False" />
            <line number="107" hits="126" branch="False" />
            <line number="110" hits="458" branch="True" condition-coverage="100% (2/2)">
              <conditions>
                <condition number="201" type="jump" coverage="100%" />
              </conditions>
            </line>
            <line number="111" hits="457" branch="False" />
            <line number="112" hits="463" branch="True" condition-coverage="100% (2/2)">
              <conditions>
                <condition number="290" type="jump" coverage="100%" />
              </conditions>
            </line>
            <line number="113" hits="6" branch="False" />
            <line number="114" hits="6" branch="False" />
            <line number="115" hits="6" branch="False" />
            <line number="117" hits="457" branch="False" />
            <line number="118" hits="457" branch="False" />
            <line number="120" hits="458" branch="False" />
            <line number="121" hits="584" branch="False" />
            <line number="124" hits="584" branch="False" />
            <line number="125" hits="584" branch="False" />
            <line number="126" hits="584" branch="False" />
            <line number="127" hits="584" branch="False" />
            <line number="128" hits="584" branch="False" />
            <line number="129" hits="584" branch="False" />
            <line number="131" hits="584" branch="True" condition-coverage="100% (6/6)">
              <conditions>
                <condition number="130" type="jump" coverage="100%" />
                <condition number="147" type="jump" coverage="100%" />
                <condition number="163" type="jump" coverage="100%" />
              </conditions>
            </line>
            <line number="132" hits="584" branch="False" />
            <line number="133" hits="584" branch="False" />
            <line number="134" hits="584" branch="False" />
            <line number="135" hits="584" branch="False" />
            <line number="138" hits="2215" branch="False" />
            <line number="139" hits="2215" branch="False" />
            <line number="140" hits="2215" branch="False" />
            <line number="142" hits="2215" branch="False" />
            <line number="143" hits="2215" branch="False" />
            <line number="144" hits="2215" branch="False" />
            <line number="145" hits="2215" branch="False" />
            <line number="146" hits="2215" branch="False" />
            <line number="147" hits="2215" branch="False" />
            <line number="149" hits="9304" branch="True" condition-coverage="100% (2/2)">
              <conditions>
                <condition number="270" type="jump" coverage="100%" />
              </conditions>
            </line>
            <line number="150" hits="3362" branch="False" />
            <line number="151" hits="17258" branch="True" condition-coverage="100% (2/2)">
              <conditions>
                <condition number="249" type="jump" coverage="100%" />
              </conditions>
            </line>
            <line number="152" hits="6192" branch="False" />
            <line number="153" hits="31138" branch="True" condition-coverage="100% (2/2)">
              <conditions>
                <condition number="227" type="jump" coverage="100%" />
              </conditions>
            </line>
            <line number="154" hits="10302" branch="False" />
            <line number="155" hits="10302" branch="True" condition-coverage="100% (2/2)">
              <conditions>
                <condition number="199" type="jump" coverage="100%" />
              </conditions>
            </line>
            <line number="156" hits="925" branch="False" />
            <line number="157" hits="925" branch="False" />
            <line number="159" hits="9377" branch="False" />
            <line number="160" hits="5267" branch="False" />
            <line number="161" hits="2437" branch="False" />
            <line number="163" hits="1290" branch="False" />
            <line number="164" hits="2215" branch="False" />
            <line number="15" hits="18" branch="False" />
            <line number="16" hits="18" branch="False" />
            <line number="17" hits="18" branch="False" />
            <line number="18" hits="18" branch="False" />
            <line number="19" hits="18" branch="False" />
            <line number="20" hits="18" branch="False" />
          </lines>
        </class>
        <class name="AIG.Game.Player.PlayerInput" filename="Player/PlayerInput.cs" line-rate="1" branch-rate="1" complexity="5">
          <methods>
            <method name="get_MoveForward" signature="()" line-rate="1" branch-rate="1" complexity="1">
              <lines>
                <line number="4" hits="588" branch="False" />
              </lines>
            </method>
            <method name="get_MoveRight" signature="()" line-rate="1" branch-rate="1" complexity="1">
              <lines>
                <line number="5" hits="588" branch="False" />
              </lines>
            </method>
            <method name="get_Jump" signature="()" line-rate="1" branch-rate="1" complexity="1">
              <lines>
                <line number="6" hits="586" branch="False" />
              </lines>
            </method>
            <method name="get_LookDeltaX" signature="()" line-rate="1" branch-rate="1" complexity="1">
              <lines>
                <line number="7" hits="585" branch="False" />
              </lines>
            </method>
            <method name="get_LookDeltaY" signature="()" line-rate="1" branch-rate="1" complexity="1">
              <lines>
                <line number="8" hits="585" branch="False" />
              </lines>
            </method>
          </methods>
          <lines>
            <line number="4" hits="588" branch="False" />
            <line number="5" hits="588" branch="False" />
            <line number="6" hits="586" branch="False" />
            <line number="7" hits="585" branch="False" />
            <line number="8" hits="585" branch="False" />
          </lines>
        </class>
        <class name="AIG.Game.Gameplay.BlockInteraction" filename="Gameplay/BlockInteraction.cs" line-rate="1" branch-rate="1" complexity="16">
          <methods>
            <method name="TryBreak" signature="(AIG.Game.World.WorldMap,System.Nullable`1&lt;AIG.Game.Gameplay.BlockRaycastHit&gt;)" line-rate="1" branch-rate="1" complexity="6">
              <lines>
                <line number="9" hits="5" branch="False" />
                <line number="10" hits="5" branch="True" condition-coverage="100% (2/2)">
                  <conditions>
                    <condition number="13" type="jump" coverage="100%" />
                  </conditions>
                </line>
                <line number="11" hits="1" branch="False" />
                <line number="12" hits="1" branch="False" />
                <line number="15" hits="4" branch="False" />
                <line number="16" hits="4" branch="True" condition-coverage="100% (2/2)">
                  <conditions>
                    <condition number="60" type="jump" coverage="100%" />
                  </conditions>
                </line>
                <line number="17" hits="1" branch="False" />
                <line number="18" hits="1" branch="False" />
                <line number="21" hits="3" branch="True" condition-coverage="100% (2/2)">
                  <conditions>
                    <condition number="101" type="jump" coverage="100%" />
                  </conditions>
                </line>
                <line number="22" hits="1" branch="False" />
                <line number="23" hits="1" branch="False" />
                <line number="26" hits="2" branch="False" />
                <line number="27" hits="2" branch="False" />
                <line number="28" hits="5" branch="False" />
              </lines>
            </method>
            <method name="TryPlace" signature="(AIG.Game.World.WorldMap,System.Nullable`1&lt;AIG.Game.Gameplay.BlockRaycastHit&gt;,AIG.Game.World.BlockType,System.Func`2&lt;System.Numerics.Vector3,System.Boolean&gt;)" line-rate="1" branch-rate="1" complexity="10">
              <lines>
                <line number="31" hits="8" branch="False" />
                <line number="32" hits="8" branch="True" condition-coverage="100% (4/4)">
                  <conditions>
                    <condition number="8" type="jump" coverage="100%" />
                    <condition number="19" type="jump" coverage="100%" />
                  </conditions>
                </line>
                <line number="33" hits="2" branch="False" />
                <line number="34" hits="2" branch="False" />
                <line number="37" hits="6" branch="False" />
                <line number="38" hits="6" branch="True" condition-coverage="100% (2/2)">
                  <conditions>
                    <condition number="71" type="jump" coverage="100%" />
                  </conditions>
                </line>
                <line number="39" hits="1" branch="False" />
                <line number="40" hits="1" branch="False" />
                <line number="43" hits="5" branch="True" condition-coverage="100% (2/2)">
                  <conditions>
                    <condition number="112" type="jump" coverage="100%" />
                  </conditions>
                </line>
                <line number="44" hits="2" branch="False" />
                <line number="45" hits="2" branch="False" />
                <line number="48" hits="3" branch="False" />
                <line number="49" hits="3" branch="True" condition-coverage="100% (2/2)">
                  <conditions>
                    <condition number="179" type="jump" coverage="100%" />
                  </conditions>
                </line>
                <line number="50" hits="2" branch="False" />
                <line number="51" hits="2" branch="False" />
                <line number="54" hits="1" branch="False" />
                <line number="55" hits="1" branch="False" />
                <line number="56" hits="8" branch="False" />
              </lines>
            </method>
          </methods>
          <lines>
            <line number="9" hits="5" branch="False" />
            <line number="10" hits="5" branch="True" condition-coverage="100% (2/2)">
              <conditions>
                <condition number="13" type="jump" coverage="100%" />
              </conditions>
            </line>
            <line number="11" hits="1" branch="False" />
            <line number="12" hits="1" branch="False" />
            <line number="15" hits="4" branch="False" />
            <line number="16" hits="4" branch="True" condition-coverage="100% (2/2)">
              <conditions>
                <condition number="60" type="jump" coverage="100%" />
              </conditions>
            </line>
            <line number="17" hits="1" branch="False" />
            <line number="18" hits="1" branch="False" />
            <line number="21" hits="3" branch="True" condition-coverage="100% (2/2)">
              <conditions>
                <condition number="101" type="jump" coverage="100%" />
              </conditions>
            </line>
            <line number="22" hits="1" branch="False" />
            <line number="23" hits="1" branch="False" />
            <line number="26" hits="2" branch="False" />
            <line number="27" hits="2" branch="False" />
            <line number="28" hits="5" branch="False" />
            <line number="31" hits="8" branch="False" />
            <line number="32" hits="8" branch="True" condition-coverage="100% (4/4)">
              <conditions>
                <condition number="8" type="jump" coverage="100%" />
                <condition number="19" type="jump" coverage="100%" />
              </conditions>
            </line>
            <line number="33" hits="2" branch="False" />
            <line number="34" hits="2" branch="False" />
            <line number="37" hits="6" branch="False" />
            <line number="38" hits="6" branch="True" condition-coverage="100% (2/2)">
              <conditions>
                <condition number="71" type="jump" coverage="100%" />
              </conditions>
            </line>
            <line number="39" hits="1" branch="False" />
            <line number="40" hits="1" branch="False" />
            <line number="43" hits="5" branch="True" condition-coverage="100% (2/2)">
              <conditions>
                <condition number="112" type="jump" coverage="100%" />
              </conditions>
            </line>
            <line number="44" hits="2" branch="False" />
            <line number="45" hits="2" branch="False" />
            <line number="48" hits="3" branch="False" />
            <line number="49" hits="3" branch="True" condition-coverage="100% (2/2)">
              <conditions>
                <condition number="179" type="jump" coverage="100%" />
              </conditions>
            </line>
            <line number="50" hits="2" branch="False" />
            <line number="51" hits="2" branch="False" />
            <line number="54" hits="1" branch="False" />
            <line number="55" hits="1" branch="False" />
            <line number="56" hits="8" branch="False" />
          </lines>
        </class>
        <class name="AIG.Game.Gameplay.BlockRaycastHit" filename="Gameplay/BlockRaycastHit.cs" line-rate="1" branch-rate="1" complexity="6">
          <methods>
            <method name="get_X" signature="()" line-rate="1" branch-rate="1" complexity="1">
              <lines>
                <line number="4" hits="17" branch="False" />
              </lines>
            </method>
            <method name="get_Y" signature="()" line-rate="1" branch-rate="1" complexity="1">
              <lines>
                <line number="5" hits="16" branch="False" />
              </lines>
            </method>
            <method name="get_Z" signature="()" line-rate="1" branch-rate="1" complexity="1">
              <lines>
                <line number="6" hits="16" branch="False" />
              </lines>
            </method>
            <method name="get_PreviousX" signature="()" line-rate="1" branch-rate="1" complexity="1">
              <lines>
                <line number="7" hits="15" branch="False" />
              </lines>
            </method>
            <method name="get_PreviousY" signature="()" line-rate="1" branch-rate="1" complexity="1">
              <lines>
                <line number="8" hits="15" branch="False" />
              </lines>
            </method>
            <method name="get_PreviousZ" signature="()" line-rate="1" branch-rate="1" complexity="1">
              <lines>
                <line number="9" hits="15" branch="False" />
              </lines>
            </method>
          </methods>
          <lines>
            <line number="4" hits="17" branch="False" />
            <line number="5" hits="16" branch="False" />
            <line number="6" hits="16" branch="False" />
            <line number="7" hits="15" branch="False" />
            <line number="8" hits="15" branch="False" />
            <line number="9" hits="15" branch="False" />
          </lines>
        </class>
        <class name="AIG.Game.Gameplay.VoxelRaycaster" filename="Gameplay/VoxelRaycaster.cs" line-rate="1" branch-rate="1" complexity="36">
          <methods>
            <method name="Raycast" signature="(AIG.Game.World.WorldMap,System.Numerics.Vector3,System.Numerics.Vector3,System.Single)" line-rate="1" branch-rate="1" complexity="36">
              <lines>
                <line number="9" hits="14" branch="False" />
                <line number="10" hits="14" branch="True" condition-coverage="100% (2/2)">
                  <conditions>
                    <condition number="22" type="jump" coverage="100%" />
                  </conditions>
                </line>
                <line number="11" hits="1" branch="False" />
                <line number="12" hits="1" branch="False" />
                <line number="15" hits="13" branch="False" />
                <line number="17" hits="13" branch="False" />
                <line number="18" hits="13" branch="False" />
                <line number="19" hits="13" branch="False" />
                <line number="21" hits="13" branch="True" condition-coverage="100% (2/2)">
                  <conditions>
                    <condition number="100" type="jump" coverage="100%" />
                  </conditions>
                </line>
                <line number="22" hits="13" branch="True" condition-coverage="100% (2/2)">
                  <conditions>
                    <condition number="118" type="jump" coverage="100%" />
                  </conditions>
                </line>
                <line number="23" hits="13" branch="True" condition-coverage="100% (2/2)">
                  <conditions>
                    <condition number="137" type="jump" coverage="100%" />
                  </conditions>
                </line>
                <line number="25" hits="13" branch="True" condition-coverage="100% (2/2)">
                  <conditions>
                    <condition number="156" type="jump" coverage="100%" />
                  </conditions>
                </line>
                <line number="26" hits="13" branch="True" condition-coverage="100% (2/2)">
                  <conditions>
                    <condition number="195" type="jump" coverage="100%" />
                  </conditions>
                </line>
                <line number="27" hits="13" branch="True" condition-coverage="100% (2/2)">
                  <conditions>
                    <condition number="234" type="jump" coverage="100%" />
                  </conditions>
                </line>
                <line number="29" hits="13" branch="True" condition-coverage="100% (2/2)">
                  <conditions>
                    <condition number="273" type="jump" coverage="100%" />
                  </conditions>
                </line>
                <line number="30" hits="13" branch="True" condition-coverage="100% (2/2)">
                  <conditions>
                    <condition number="294" type="jump" coverage="100%" />
                  </conditions>
                </line>
                <line number="31" hits="13" branch="True" condition-coverage="100% (2/2)">
                  <conditions>
                    <condition number="315" type="jump" coverage="100%" />
                  </conditions>
                </line>
                <line number="33" hits="13" branch="True" condition-coverage="100% (2/2)">
                  <conditions>
                    <condition number="336" type="jump" coverage="100%" />
                  </conditions>
                </line>
                <line number="34" hits="13" branch="True" condition-coverage="100% (2/2)">
                  <conditions>
                    <condition number="375" type="jump" coverage="100%" />
                  </conditions>
                </line>
                <line number="35" hits="13" branch="True" condition-coverage="100% (2/2)">
                  <conditions>
                    <condition number="414" type="jump" coverage="100%" />
                  </conditions>
                </line>
                <line number="37" hits="13" branch="False" />
                <line number="38" hits="13" branch="False" />
                <line number="39" hits="13" branch="False" />
                <line number="41" hits="13" branch="False" />
                <line number="42" hits="81" branch="True" condition-coverage="100% (2/2)">
                  <conditions>
                    <condition number="645" type="jump" coverage="100%" />
                  </conditions>
                </line>
                <line number="43" hits="79" branch="False" />
                <line number="44" hits="79" branch="True" condition-coverage="100% (2/2)">
                  <conditions>
                    <condition number="477" type="jump" coverage="100%" />
                  </conditions>
                </line>
                <line number="45" hits="11" branch="False" />
                <line number="46" hits="11" branch="False" />
                <line number="49" hits="68" branch="False" />
                <line number="50" hits="68" branch="False" />
                <line number="51" hits="68" branch="False" />
                <line number="53" hits="68" branch="True" condition-coverage="100% (2/2)">
                  <conditions>
                    <condition number="525" type="jump" coverage="100%" />
                  </conditions>
                </line>
                <line number="54" hits="41" branch="False" />
                <line number="55" hits="41" branch="True" condition-coverage="100% (2/2)">
                  <conditions>
                    <condition number="538" type="jump" coverage="100%" />
                  </conditions>
                </line>
                <line number="56" hits="20" branch="False" />
                <line number="57" hits="20" branch="False" />
                <line number="58" hits="20" branch="False" />
                <line number="59" hits="20" branch="False" />
                <line number="60" hits="20" branch="False" />
                <line number="62" hits="21" branch="False" />
                <line number="63" hits="21" branch="False" />
                <line number="64" hits="21" branch="False" />
                <line number="65" hits="21" branch="False" />
                <line number="66" hits="21" branch="False" />
                <line number="67" hits="41" branch="False" />
                <line number="69" hits="27" branch="False" />
                <line number="70" hits="27" branch="True" condition-coverage="100% (2/2)">
                  <conditions>
                    <condition number="591" type="jump" coverage="100%" />
                  </conditions>
                </line>
                <line number="71" hits="14" branch="False" />
                <line number="72" hits="14" branch="False" />
                <line number="73" hits="14" branch="False" />
                <line number="74" hits="14" branch="False" />
                <line number="75" hits="14" branch="False" />
                <line number="77" hits="13" branch="False" />
                <line number="78" hits="13" branch="False" />
                <line number="79" hits="13" branch="False" />
                <line number="80" hits="13" branch="False" />
                <line number="81" hits="13" branch="False" />
                <line number="82" hits="27" branch="False" />
                <line number="83" hits="68" branch="False" />
                <line number="85" hits="2" branch="False" />
                <line number="86" hits="14" branch="False" />
              </lines>
            </method>
          </methods>
          <lines>
            <line number="9" hits="14" branch="False" />
            <line number="10" hits="14" branch="True" condition-coverage="100% (2/2)">
              <conditions>
                <condition number="22" type="jump" coverage="100%" />
              </conditions>
            </line>
            <line number="11" hits="1" branch="False" />
            <line number="12" hits="1" branch="False" />
            <line number="15" hits="13" branch="False" />
            <line number="17" hits="13" branch="False" />
            <line number="18" hits="13" branch="False" />
            <line number="19" hits="13" branch="False" />
            <line number="21" hits="13" branch="True" condition-coverage="100% (2/2)">
              <conditions>
                <condition number="100" type="jump" coverage="100%" />
              </conditions>
            </line>
            <line number="22" hits="13" branch="True" condition-coverage="100% (2/2)">
              <conditions>
                <condition number="118" type="jump" coverage="100%" />
              </conditions>
            </line>
            <line number="23" hits="13" branch="True" condition-coverage="100% (2/2)">
              <conditions>
                <condition number="137" type="jump" coverage="100%" />
              </conditions>
            </line>
            <line number="25" hits="13" branch="True" condition-coverage="100% (2/2)">
              <conditions>
                <condition number="156" type="jump" coverage="100%" />
              </conditions>
            </line>
            <line number="26" hits="13" branch="True" condition-coverage="100% (2/2)">
              <conditions>
                <condition number="195" type="jump" coverage="100%" />
              </conditions>
            </line>
            <line number="27" hits="13" branch="True" condition-coverage="100% (2/2)">
              <conditions>
                <condition number="234" type="jump" coverage="100%" />
              </conditions>
            </line>
            <line number="29" hits="13" branch="True" condition-coverage="100% (2/2)">
              <conditions>
                <condition number="273" type="jump" coverage="100%" />
              </conditions>
            </line>
            <line number="30" hits="13" branch="True" condition-coverage="100% (2/2)">
              <conditions>
                <condition number="294" type="jump" coverage="100%" />
              </conditions>
            </line>
            <line number="31" hits="13" branch="True" condition-coverage="100% (2/2)">
              <conditions>
                <condition number="315" type="jump" coverage="100%" />
              </conditions>
            </line>
            <line number="33" hits="13" branch="True" condition-coverage="100% (2/2)">
              <conditions>
                <condition number="336" type="jump" coverage="100%" />
              </conditions>
            </line>
            <line number="34" hits="13" branch="True" condition-coverage="100% (2/2)">
              <conditions>
                <condition number="375" type="jump" coverage="100%" />
              </conditions>
            </line>
            <line number="35" hits="13" branch="True" condition-coverage="100% (2/2)">
              <conditions>
                <condition number="414" type="jump" coverage="100%" />
              </conditions>
            </line>
            <line number="37" hits="13" branch="False" />
            <line number="38" hits="13" branch="False" />
            <line number="39" hits="13" branch="False" />
            <line number="41" hits="13" branch="False" />
            <line number="42" hits="81" branch="True" condition-coverage="100% (2/2)">
              <conditions>
                <condition number="645" type="jump" coverage="100%" />
              </conditions>
            </line>
            <line number="43" hits="79" branch="False" />
            <line number="44" hits="79" branch="True" condition-coverage="100% (2/2)">
              <conditions>
                <condition number="477" type="jump" coverage="100%" />
              </conditions>
            </line>
            <line number="45" hits="11" branch="False" />
            <line number="46" hits="11" branch="False" />
            <line number="49" hits="68" branch="False" />
            <line number="50" hits="68" branch="False" />
            <line number="51" hits="68" branch="False" />
            <line number="53" hits="68" branch="True" condition-coverage="100% (2/2)">
              <conditions>
                <condition number="525" type="jump" coverage="100%" />
              </conditions>
            </line>
            <line number="54" hits="41" branch="False" />
            <line number="55" hits="41" branch="True" condition-coverage="100% (2/2)">
              <conditions>
                <condition number="538" type="jump" coverage="100%" />
              </conditions>
            </line>
            <line number="56" hits="20" branch="False" />
            <line number="57" hits="20" branch="False" />
            <line number="58" hits="20" branch="False" />
            <line number="59" hits="20" branch="False" />
            <line number="60" hits="20" branch="False" />
            <line number="62" hits="21" branch="False" />
            <line number="63" hits="21" branch="False" />
            <line number="64" hits="21" branch="False" />
            <line number="65" hits="21" branch="False" />
            <line number="66" hits="21" branch="False" />
            <line number="67" hits="41" branch="False" />
            <line number="69" hits="27" branch="False" />
            <line number="70" hits="27" branch="True" condition-coverage="100% (2/2)">
              <conditions>
                <condition number="591" type="jump" coverage="100%" />
              </conditions>
            </line>
            <line number="71" hits="14" branch="False" />
            <line number="72" hits="14" branch="False" />
            <line number="73" hits="14" branch="False" />
            <line number="74" hits="14" branch="False" />
            <line number="75" hits="14" branch="False" />
            <line number="77" hits="13" branch="False" />
            <line number="78" hits="13" branch="False" />
            <line number="79" hits="13" branch="False" />
            <line number="80" hits="13" branch="False" />
            <line number="81" hits="13" branch="False" />
            <line number="82" hits="27" branch="False" />
            <line number="83" hits="68" branch="False" />
            <line number="85" hits="2" branch="False" />
            <line number="86" hits="14" branch="False" />
          </lines>
        </class>
        <class name="AIG.Game.Core.GameApp" filename="Core/GameApp.cs" line-rate="1" branch-rate="0.9444" complexity="134">
          <methods>
            <method name="Run" signature="()" line-rate="1" branch-rate="1" complexity="22">
              <lines>
                <line number="46" hits="8" branch="False" />
                <line number="47" hits="8" branch="False" />
                <line number="48" hits="8" branch="False" />
                <line number="49" hits="8" branch="False" />
                <line number="50" hits="8" branch="False" />
                <line number="52" hits="8" branch="True" condition-coverage="100% (4/4)">
                  <conditions>
                    <condition number="106" type="jump" coverage="100%" />
                    <condition number="127" type="jump" coverage="100%" />
                  </conditions>
                </line>
                <line number="53" hits="6" branch="False" />
                <line number="54" hits="6" branch="False" />
                <line number="55" hits="6" branch="False" />
                <line number="57" hits="8" branch="False" />
                <line number="58" hits="8" branch="False" />
                <line number="60" hits="8" branch="False" />
                <line number="62" hits="8" branch="False" />
                <line number="63" hits="8" branch="False" />
                <line number="65" hits="28" branch="True" condition-coverage="100% (4/4)">
                  <conditions>
                    <condition number="641" type="jump" coverage="100%" />
                    <condition number="618" type="jump" coverage="100%" />
                  </conditions>
                </line>
                <line number="66" hits="20" branch="False" />
                <line number="67" hits="20" branch="True" condition-coverage="100% (4/4)">
                  <conditions>
                    <condition number="261" type="jump" coverage="100%" />
                    <condition number="286" type="jump" coverage="100%" />
                  </conditions>
                </line>
                <line number="68" hits="1" branch="False" />
                <line number="69" hits="1" branch="False" />
                <line number="70" hits="1" branch="False" />
                <line number="71" hits="1" branch="False" />
                <line number="73" hits="20" branch="False" />
                <line number="74" hits="20" branch="True" condition-coverage="100% (2/2)">
                  <conditions>
                    <condition number="334" type="jump" coverage="100%" />
                  </conditions>
                </line>
                <line number="75" hits="6" branch="False" />
                <line number="76" hits="6" branch="False" />
                <line number="78" hits="6" branch="False" />
                <line number="79" hits="6" branch="False" />
                <line number="81" hits="6" branch="False" />
                <line number="82" hits="6" branch="True" condition-coverage="100% (2/2)">
                  <conditions>
                    <condition number="442" type="jump" coverage="100%" />
                  </conditions>
                </line>
                <line number="83" hits="1" branch="False" />
                <line number="84" hits="1" branch="False" />
                <line number="85" hits="1" branch="False" />
                <line number="87" hits="6" branch="True" condition-coverage="100% (2/2)">
                  <conditions>
                    <condition number="475" type="jump" coverage="100%" />
                  </conditions>
                </line>
                <line number="88" hits="2" branch="False" />
                <line number="89" hits="2" branch="False" />
                <line number="90" hits="2" branch="False" />
                <line number="91" hits="6" branch="False" />
                <line number="93" hits="14" branch="False" />
                <line number="94" hits="14" branch="False" />
                <line number="95" hits="14" branch="False" />
                <line number="96" hits="14" branch="True" condition-coverage="100% (4/4)">
                  <conditions>
                    <condition number="549" type="switch" coverage="100%" />
                  </conditions>
                </line>
                <line number="99" hits="4" branch="False" />
                <line number="100" hits="4" branch="False" />
                <line number="101" hits="4" branch="False" />
                <line number="103" hits="1" branch="False" />
                <line number="104" hits="1" branch="False" />
                <line number="106" hits="1" branch="False" />
                <line number="107" hits="1" branch="False" />
                <line number="109" hits="14" branch="False" />
                <line number="111" hits="20" branch="False" />
                <line number="112" hits="20" branch="False" />
                <line number="114" hits="8" branch="False" />
                <line number="115" hits="8" branch="False" />
                <line number="116" hits="8" branch="False" />
                <line number="117" hits="8" branch="False" />
              </lines>
            </method>
            <method name="ReadInput" signature="(AIG.Game.Core.IGamePlatform)" line-rate="1" branch-rate="1" complexity="16">
              <lines>
                <line number="120" hits="10" branch="False" />
                <line number="121" hits="10" branch="False" />
                <line number="122" hits="10" branch="False" />
                <line number="124" hits="10" branch="True" condition-coverage="100% (4/4)">
                  <conditions>
                    <condition number="21" type="jump" coverage="100%" />
                    <condition number="39" type="jump" coverage="100%" />
                  </conditions>
                </line>
                <line number="125" hits="2" branch="False" />
                <line number="126" hits="2" branch="False" />
                <line number="127" hits="2" branch="False" />
                <line number="129" hits="10" branch="True" condition-coverage="100% (4/4)">
                  <conditions>
                    <condition number="59" type="jump" coverage="100%" />
                    <condition number="79" type="jump" coverage="100%" />
                  </conditions>
                </line>
                <line number="130" hits="3" branch="False" />
                <line number="131" hits="3" branch="False" />
                <line number="132" hits="3" branch="False" />
                <line number="134" hits="10" branch="True" condition-coverage="100% (4/4)">
                  <conditions>
                    <condition number="99" type="jump" coverage="100%" />
                    <condition number="119" type="jump" coverage="100%" />
                  </conditions>
                </line>
                <line number="135" hits="2" branch="False" />
                <line number="136" hits="2" branch="False" />
                <line number="137" hits="2" branch="False" />
                <line number="139" hits="10" branch="True" condition-coverage="100% (4/4)">
                  <conditions>
                    <condition number="139" type="jump" coverage="100%" />
                    <condition number="159" type="jump" coverage="100%" />
                  </conditions>
                </line>
                <line number="140" hits="3" branch="False" />
                <line number="141" hits="3" branch="False" />
                <line number="142" hits="3" branch="False" />
                <line number="144" hits="10" branch="False" />
                <line number="145" hits="10" branch="False" />
                <line number="146" hits="10" branch="False" />
                <line number="147" hits="10" branch="False" />
                <line number="148" hits="10" branch="False" />
                <line number="149" hits="10" branch="False" />
                <line number="150" hits="10" branch="False" />
                <line number="151" hits="10" branch="False" />
                <line number="152" hits="10" branch="False" />
              </lines>
            </method>
            <method name="SelectHotbarIndex" signature="(System.Int32,AIG.Game.Core.IGamePlatform,System.Int32)" line-rate="1" branch-rate="1" complexity="6">
              <lines>
                <line number="155" hits="7" branch="False" />
                <line number="156" hits="7" branch="False" />
                <line number="157" hits="42" branch="True" condition-coverage="100% (4/4)">
[...]
            <line number="224" hits="12" branch="False" />
            <line number="225" hits="12" branch="False" />
            <line number="226" hits="12" branch="False" />
            <line number="227" hits="12" branch="False" />
            <line number="229" hits="12" branch="False" />
            <line number="230" hits="12" branch="False" />
            <line number="231" hits="12" branch="False" />
            <line number="233" hits="20" branch="True" condition-coverage="100% (2/2)">
              <conditions>
                <condition number="239" type="jump" coverage="100%" />
              </conditions>
            </line>
            <line number="234" hits="10" branch="False" />
            <line number="235" hits="10" branch="False" />
            <line number="236" hits="10" branch="False" />
            <line number="238" hits="20" branch="False" />
            <line number="239" hits="20" branch="False" />
            <line number="242" hits="12" branch="False" />
            <line number="243" hits="12" branch="False" />
            <line number="244" hits="12" branch="False" />
            <line number="245" hits="12" branch="False" />
            <line number="246" hits="12" branch="False" />
            <line number="248" hits="12" branch="False" />
            <line number="249" hits="12" branch="False" />
            <line number="250" hits="12" branch="False" />
            <line number="251" hits="12" branch="False" />
            <line number="252" hits="12" branch="False" />
            <line number="253" hits="12" branch="False" />
            <line number="255" hits="12" branch="False" />
            <line number="257" hits="162" branch="True" condition-coverage="100% (2/2)">
              <conditions>
                <condition number="614" type="jump" coverage="100%" />
              </conditions>
            </line>
            <line number="258" hits="69" branch="False" />
            <line number="259" hits="1434" branch="True" condition-coverage="100% (2/2)">
              <conditions>
                <condition number="589" type="jump" coverage="100%" />
              </conditions>
            </line>
            <line number="260" hits="648" branch="False" />
            <line number="261" hits="10440" branch="True" condition-coverage="100% (2/2)">
              <conditions>
                <condition number="564" type="jump" coverage="100%" />
              </conditions>
            </line>
            <line number="262" hits="4572" branch="False" />
            <line number="263" hits="4572" branch="False" />
            <line number="264" hits="4572" branch="False" />
            <line number="265" hits="4572" branch="True" condition-coverage="100% (2/2)">
              <conditions>
                <condition number="285" type="jump" coverage="100%" />
              </conditions>
            </line>
            <line number="266" hits="1728" branch="False" />
            <line number="267" hits="1728" branch="False" />
            <line number="270" hits="2844" branch="False" />
            <line number="271" hits="2844" branch="True" condition-coverage="100% (4/4)">
              <conditions>
                <condition number="314" type="jump" coverage="100%" />
                <condition number="338" type="jump" coverage="100%" />
              </conditions>
            </line>
            <line number="272" hits="2189" branch="False" />
            <line number="273" hits="2189" branch="False" />
            <line number="276" hits="655" branch="False" />
            <line number="277" hits="655" branch="True" condition-coverage="100% (4/4)">
              <conditions>
                <condition number="387" type="jump" coverage="100%" />
                <condition number="394" type="jump" coverage="100%" />
              </conditions>
            </line>
            <line number="278" hits="655" branch="False" />
            <line number="279" hits="315" branch="False" />
            <line number="280" hits="336" branch="False" />
            <line number="281" hits="4" branch="False" />
            <line number="282" hits="655" branch="False" />
            <line number="284" hits="655" branch="False" />
            <line number="285" hits="655" branch="True" condition-coverage="100% (2/2)">
              <conditions>
                <condition number="501" type="jump" coverage="100%" />
              </conditions>
            </line>
            <line number="286" hits="126" branch="False" />
            <line number="287" hits="126" branch="False" />
            <line number="288" hits="126" branch="False" />
            <line number="289" hits="655" branch="False" />
            <line number="290" hits="648" branch="False" />
            <line number="291" hits="69" branch="False" />
            <line number="292" hits="12" branch="False" />
            <line number="295" hits="655" branch="False" />
            <line number="296" hits="655" branch="True" condition-coverage="80% (8/10)">
              <conditions>
                <condition number="17" type="jump" coverage="100%" />
                <condition number="35" type="jump" coverage="100%" />
                <condition number="53" type="jump" coverage="100%" />
                <condition number="71" type="jump" coverage="50%" />
                <condition number="89" type="jump" coverage="50%" />
              </conditions>
            </line>
            <line number="297" hits="655" branch="False" />
            <line number="298" hits="655" branch="False" />
            <line number="299" hits="655" branch="False" />
            <line number="300" hits="655" branch="False" />
            <line number="301" hits="655" branch="False" />
            <line number="302" hits="655" branch="False" />
            <line number="305" hits="12" branch="False" />
            <line number="306" hits="12" branch="True" condition-coverage="100% (4/4)">
              <conditions>
                <condition number="8" type="jump" coverage="100%" />
                <condition number="27" type="jump" coverage="100%" />
              </conditions>
            </line>
            <line number="307" hits="7" branch="False" />
            <line number="308" hits="7" branch="False" />
            <line number="311" hits="5" branch="False" />
            <line number="312" hits="5" branch="False" />
            <line number="313" hits="5" branch="False" />
            <line number="314" hits="12" branch="False" />
            <line number="317" hits="12" branch="False" />
            <line number="318" hits="12" branch="True" condition-coverage="100% (2/2)">
              <conditions>
                <condition number="4" type="jump" coverage="100%" />
              </conditions>
            </line>
            <line number="319" hits="10" branch="False" />
            <line number="320" hits="10" branch="False" />
            <line number="321" hits="10" branch="False" />
            <line number="322" hits="10" branch="False" />
            <line number="323" hits="10" branch="False" />
            <line number="324" hits="10" branch="False" />
            <line number="326" hits="12" branch="False" />
            <line number="327" hits="12" branch="False" />
            <line number="328" hits="12" branch="False" />
            <line number="329" hits="12" branch="False" />
            <line number="332" hits="12" branch="False" />
            <line number="333" hits="12" branch="False" />
            <line number="334" hits="12" branch="False" />
            <line number="335" hits="12" branch="False" />
            <line number="336" hits="12" branch="False" />
            <line number="338" hits="12" branch="False" />
            <line number="339" hits="12" branch="False" />
            <line number="341" hits="72" branch="True" condition-coverage="100% (2/2)">
              <conditions>
                <condition number="309" type="jump" coverage="100%" />
              </conditions>
            </line>
            <line number="342" hits="24" branch="False" />
            <line number="343" hits="24" branch="False" />
            <line number="344" hits="24" branch="False" />
            <line number="346" hits="24" branch="True" condition-coverage="100% (2/2)">
              <conditions>
                <condition number="116" type="jump" coverage="100%" />
              </conditions>
            </line>
            <line number="347" hits="24" branch="False" />
            <line number="348" hits="24" branch="False" />
            <line number="349" hits="24" branch="False" />
            <line number="350" hits="12" branch="False" />
            <line number="353" hits="10" branch="False" />
            <line number="354" hits="10" branch="True" condition-coverage="100% (2/2)">
              <conditions>
                <condition number="7" type="jump" coverage="100%" />
              </conditions>
            </line>
            <line number="355" hits="10" branch="True" condition-coverage="100% (2/2)">
              <conditions>
                <condition number="28" type="jump" coverage="100%" />
              </conditions>
            </line>
            <line number="356" hits="10" branch="True" condition-coverage="100% (2/2)">
              <conditions>
                <condition number="54" type="jump" coverage="100%" />
              </conditions>
            </line>
            <line number="358" hits="10" branch="False" />
            <line number="359" hits="10" branch="False" />
            <line number="361" hits="10" branch="False" />
            <line number="362" hits="10" branch="False" />
            <line number="363" hits="10" branch="False" />
            <line number="365" hits="10" branch="False" />
            <line number="366" hits="10" branch="False" />
            <line number="367" hits="10" branch="False" />
            <line number="369" hits="10" branch="False" />
            <line number="370" hits="10" branch="False" />
            <line number="371" hits="10" branch="False" />
            <line number="372" hits="10" branch="False" />
            <line number="375" hits="24" branch="False" />
            <line number="376" hits="24" branch="False" />
            <line number="377" hits="24" branch="False" />
            <line number="378" hits="24" branch="False" />
            <line number="379" hits="24" branch="False" />
            <line number="382" hits="20" branch="False" />
            <line number="383" hits="20" branch="False" />
            <line number="384" hits="20" branch="False" />
            <line number="385" hits="20" branch="False" />
            <line number="386" hits="20" branch="False" />
            <line number="389" hits="19" branch="False" />
            <line number="390" hits="19" branch="False" />
            <line number="391" hits="19" branch="False" />
            <line number="392" hits="19" branch="False" />
            <line number="393" hits="19" branch="False" />
            <line number="396" hits="1" branch="False" />
            <line number="397" hits="1" branch="False" />
            <line number="398" hits="1" branch="False" />
            <line number="400" hits="1" branch="False" />
            <line number="401" hits="1" branch="False" />
            <line number="403" hits="1" branch="False" />
            <line number="404" hits="1" branch="False" />
            <line number="406" hits="1" branch="True" condition-coverage="50% (5/10)">
              <conditions>
                <condition number="214" type="jump" coverage="50%" />
                <condition number="229" type="jump" coverage="50%" />
                <condition number="244" type="jump" coverage="50%" />
                <condition number="259" type="jump" coverage="50%" />
                <condition number="274" type="jump" coverage="50%" />
              </conditions>
            </line>
            <line number="407" hits="1" branch="False" />
            <line number="408" hits="1" branch="False" />
            <line number="409" hits="1" branch="False" />
            <line number="412" hits="25" branch="False" />
            <line number="413" hits="25" branch="True" condition-coverage="100% (4/4)">
              <conditions>
                <condition number="7" type="jump" coverage="100%" />
                <condition number="13" type="jump" coverage="100%" />
              </conditions>
            </line>
            <line number="414" hits="25" branch="False" />
            <line number="415" hits="12" branch="False" />
            <line number="416" hits="12" branch="False" />
            <line number="417" hits="1" branch="False" />
            <line number="418" hits="25" branch="False" />
            <line number="419" hits="25" branch="False" />
            <line number="430" hits="9" branch="False" />
            <line number="431" hits="9" branch="True" condition-coverage="100% (2/2)">
              <conditions>
                <condition number="2" type="jump" coverage="100%" />
              </conditions>
            </line>
            <line number="432" hits="9" branch="False" />
            <line number="433" hits="9" branch="False" />
            <line number="434" hits="9" branch="False" />
            <line number="435" hits="9" branch="False" />
            <line number="436" hits="9" branch="False" />
            <line number="437" hits="9" branch="False" />
            <line number="438" hits="9" branch="False" />
            <line number="439" hits="9" branch="False" />
            <line number="440" hits="9" branch="False" />
            <line number="441" hits="9" branch="False" />
            <line number="443" hits="39" branch="True" condition-coverage="100% (2/2)">
              <conditions>
                <condition number="253" type="jump" coverage="100%" />
              </conditions>
            </line>
            <line number="444" hits="10" branch="False" />
            <line number="445" hits="10" branch="True" condition-coverage="100% (2/2)">
              <conditions>
                <condition number="239" type="jump" coverage="100%" />
              </conditions>
            </line>
            <line number="446" hits="8" branch="False" />
            <line number="447" hits="8" branch="False" />
            <line number="449" hits="2" branch="False" />
            <line number="451" hits="1" branch="False" />
            <line number="452" hits="9" branch="False" />
            <line number="455" hits="2" branch="False" />
            <line number="456" hits="2" branch="False" />
            <line number="457" hits="2" branch="False" />
            <line number="460" hits="1" branch="False" />
            <line number="461" hits="1" branch="False" />
            <line number="462" hits="1" branch="False" />
            <line number="27" hits="1" branch="False" />
            <line number="28" hits="1" branch="False" />
            <line number="29" hits="1" branch="False" />
            <line number="20" hits="9" branch="False" />
            <line number="22" hits="9" branch="False" />
            <line number="23" hits="9" branch="False" />
            <line number="31" hits="9" branch="False" />
            <line number="32" hits="9" branch="False" />
            <line number="33" hits="9" branch="False" />
            <line number="34" hits="9" branch="False" />
            <line number="35" hits="9" branch="False" />
            <line number="36" hits="9" branch="False" />
          </lines>
        </class>
        <class name="AIG.Game.Config.GameConfig" filename="Config/GameConfig.cs" line-rate="1" branch-rate="1" complexity="14">
          <methods>
            <method name="get_WindowWidth" signature="()" line-rate="1" branch-rate="1" complexity="1">
              <lines>
                <line number="5" hits="28" branch="False" />
              </lines>
            </method>
            <method name="get_WindowHeight" signature="()" line-rate="1" branch-rate="1" complexity="1">
              <lines>
                <line number="6" hits="28" branch="False" />
              </lines>
            </method>
            <method name="get_Title" signature="()" line-rate="1" branch-rate="1" complexity="1">
              <lines>
                <line number="7" hits="28" branch="False" />
              </lines>
            </method>
            <method name="get_MouseSensitivity" signature="()" line-rate="1" branch-rate="1" complexity="1">
              <lines>
                <line number="8" hits="1188" branch="False" />
              </lines>
            </method>
            <method name="get_MoveSpeed" signature="()" line-rate="1" branch-rate="1" complexity="1">
              <lines>
                <line number="9" hits="604" branch="False" />
              </lines>
            </method>
            <method name="get_JumpSpeed" signature="()" line-rate="1" branch-rate="1" complexity="1">
              <lines>
                <line number="10" hits="21" branch="False" />
              </lines>
            </method>
            <method name="get_Gravity" signature="()" line-rate="1" branch-rate="1" complexity="1">
              <lines>
                <line number="11" hits="604" branch="False" />
              </lines>
            </method>
            <method name="get_TargetFps" signature="()" line-rate="1" branch-rate="1" complexity="1">
              <lines>
                <line number="12" hits="28" branch="False" />
              </lines>
            </method>
            <method name="get_FullscreenByDefault" signature="()" line-rate="1" branch-rate="1" complexity="1">
              <lines>
                <line number="13" hits="30" branch="False" />
              </lines>
            </method>
            <method name="get_InteractionDistance" signature="()" line-rate="1" branch-rate="1" complexity="1">
              <lines>
                <line number="14" hits="28" branch="False" />
              </lines>
            </method>
            <method name="get_WorldSeed" signature="()" line-rate="1" branch-rate="1" complexity="1">
              <lines>
                <line number="15" hits="21" branch="False" />
              </lines>
            </method>
            <method name="get_ChunkSize" signature="()" line-rate="1" branch-rate="1" complexity="1">
              <lines>
                <line number="16" hits="21" branch="False" />
              </lines>
            </method>
            <method name="get_RenderDistance" signature="()" line-rate="1" branch-rate="1" complexity="1">
              <lines>
                <line number="17" hits="34" branch="False" />
              </lines>
            </method>
            <method name="get_DrawBlockWires" signature="()" line-rate="1" branch-rate="1" complexity="1">
              <lines>
                <line number="18" hits="676" branch="False" />
              </lines>
            </method>
          </methods>
          <lines>
            <line number="5" hits="28" branch="False" />
            <line number="6" hits="28" branch="False" />
            <line number="7" hits="28" branch="False" />
            <line number="8" hits="1188" branch="False" />
            <line number="9" hits="604" branch="False" />
            <line number="10" hits="21" branch="False" />
            <line number="11" hits="604" branch="False" />
            <line number="12" hits="28" branch="False" />
            <line number="13" hits="30" branch="False" />
            <line number="14" hits="28" branch="False" />
            <line number="15" hits="21" branch="False" />
            <line number="16" hits="21" branch="False" />
            <line number="17" hits="34" branch="False" />
            <line number="18" hits="676" branch="False" />
          </lines>
        </class>
      </classes>
    </package>
  </packages>
</coverage>