<?xml version="1.0" encoding="utf-8"?>
<coverage line-rate="1" branch-rate="1" version="1.9" timestamp="1772228133" lines-covered="1077" lines-valid="1077" branches-covered="363" branches-valid="363">
  <sources>
    <source>/home/rutasan/AIG/src/AIG.Game/</source>
  </sources>
  <packages>
    <package name="AIG.Game" line-rate="1" branch-rate="1" complexity="460">
      <classes>
        <class name="AIG.Game.Program" filename="Program.cs" line-rate="1" branch-rate="1" complexity="14">
          <methods>
            <method name="get_GameFactory" signature="()" line-rate="1" branch-rate="1" complexity="1">
              <lines>
                <line number="9" hits="8" branch="False" />
              </lines>
            </method>
            <method name="get_AutoCaptureFactory" signature="()" line-rate="1" branch-rate="1" complexity="1">
              <lines>
                <line number="10" hits="14" branch="False" />
              </lines>
            </method>
            <method name="get_AutoCaptureConfigFactory" signature="()" line-rate="1" branch-rate="1" complexity="1">
              <lines>
                <line number="11" hits="5" branch="False" />
              </lines>
            </method>
            <method name="get_PlatformFactory" signature="()" line-rate="1" branch-rate="1" complexity="1">
              <lines>
                <line number="17" hits="5" branch="False" />
              </lines>
            </method>
            <method name="get_WorldFactory" signature="()" line-rate="1" branch-rate="1" complexity="1">
              <lines>
                <line number="18" hits="5" branch="False" />
              </lines>
            </method>
            <method name="Main" signature="(System.String[])" line-rate="1" branch-rate="1" complexity="2">
              <lines>
                <line number="22" hits="2" branch="False" />
                <line number="23" hits="2" branch="True" condition-coverage="100% (2/2)">
                  <conditions>
                    <condition number="9" type="jump" coverage="100%" />
                  </conditions>
                </line>
                <line number="24" hits="1" branch="False" />
                <line number="25" hits="1" branch="False" />
                <line number="28" hits="1" branch="False" />
                <line number="29" hits="2" branch="False" />
              </lines>
            </method>
            <method name="TryRunAutoCapture" signature="(System.String[])" line-rate="1" branch-rate="1" complexity="6">
              <lines>
                <line number="32" hits="5" branch="False" />
                <line number="33" hits="5" branch="True" condition-coverage="100% (4/4)">
                  <conditions>
                    <condition number="3" type="jump" coverage="100%" />
                    <condition number="27" type="jump" coverage="100%" />
                  </conditions>
                </line>
                <line number="34" hits="2" branch="False" />
                <line number="35" hits="2" branch="False" />
                <line number="38" hits="3" branch="True" condition-coverage="100% (2/2)">
                  <conditions>
                    <condition number="38" type="jump" coverage="100%" />
                  </conditions>
                </line>
                <line number="39" hits="3" branch="False" />
                <line number="40" hits="3" branch="False" />
                <line number="42" hits="3" branch="False" />
                <line number="43" hits="3" branch="False" />
                <line number="44" hits="5" branch="False" />
              </lines>
            </method>
            <method name=".cctor" signature="()" line-rate="1" branch-rate="1" complexity="1">
              <lines>
                <line number="12" hits="1" branch="False" />
                <line number="13" hits="1" branch="False" />
                <line number="14" hits="1" branch="False" />
                <line number="15" hits="1" branch="False" />
                <line number="16" hits="1" branch="False" />
                <line number="19" hits="1" branch="False" />
              </lines>
            </method>
          </methods>
          <lines>
            <line number="9" hits="8" branch="False" />
            <line number="10" hits="14" branch="False" />
            <line number="11" hits="5" branch="False" />
            <line number="17" hits="5" branch="False" />
            <line number="18" hits="5" branch="False" />
            <line number="22" hits="2" branch="False" />
            <line number="23" hits="2" branch="True" condition-coverage="100% (2/2)">
              <conditions>
                <condition number="9" type="jump" coverage="100%" />
              </conditions>
            </line>
            <line number="24" hits="1" branch="False" />
            <line number="25" hits="1" branch="False" />
            <line number="28" hits="1" branch="False" />
            <line number="29" hits="2" branch="False" />
            <line number="32" hits="5" branch="False" />
            <line number="33" hits="5" branch="True" condition-coverage="100% (4/4)">
              <conditions>
                <condition number="3" type="jump" coverage="100%" />
                <condition number="27" type="jump" coverage="100%" />
              </conditions>
            </line>
            <line number="34" hits="2" branch="False" />
            <line number="35" hits="2" branch="False" />
            <line number="38" hits="3" branch="True" condition-coverage="100% (2/2)">
              <conditions>
                <condition number="38" type="jump" coverage="100%" />
              </conditions>
            </line>
            <line number="39" hits="3" branch="False" />
            <line number="40" hits="3" branch="False" />
            <line number="42" hits="3" branch="False" />
            <line number="43" hits="3" branch="False" />
            <line number="44" hits="5" branch="False" />
            <line number="12" hits="1" branch="False" />
            <line number="13" hits="1" branch="False" />
            <line number="14" hits="1" branch="False" />
            <line number="15" hits="1" branch="False" />
            <line number="16" hits="1" branch="False" />
            <line number="19" hits="1" branch="False" />
          </lines>
        </class>
        <class name="AIG.Game.Program/AutoCaptureRunner" filename="Program.cs" line-rate="1" branch-rate="1" complexity="2">
          <methods>
            <method name="Run" signature="()" line-rate="1" branch-rate="1" complexity="1">
              <lines>
                <line number="49" hits="1" branch="False" />
                <line number="50" hits="1" branch="False" />
                <line number="51" hits="1" branch="False" />
                <line number="52" hits="1" branch="False" />
                <line number="53" hits="1" branch="False" />
                <line number="54" hits="1" branch="False" />
              </lines>
            </method>
            <method name=".ctor" signature="(System.String)" line-rate="1" branch-rate="1" complexity="1">
              <lines>
                <line number="46" hits="1" branch="False" />
              </lines>
            </method>
          </methods>
          <lines>
            <line number="49" hits="1" branch="False" />
            <line number="50" hits="1" branch="False" />
            <line number="51" hits="1" branch="False" />
            <line number="52" hits="1" branch="False" />
            <line number="53" hits="1" branch="False" />
            <line number="54" hits="1" branch="False" />
            <line number="46" hits="1" branch="False" />
          </lines>
        </class>
        <class name="AIG.Game.World.WorldMap" filename="World/WorldMap.cs" line-rate="1" branch-rate="1" complexity="44">
          <methods>
            <method name="get_Width" signature="()" line-rate="1" branch-rate="1" complexity="1">
              <lines>
                <line number="21" hits="3300343" branch="False" />
              </lines>
            </method>
            <method name="get_Height" signature="()" line-rate="1" branch-rate="1" complexity="1">
              <lines>
                <line number="22" hits="3307171" branch="False" />
              </lines>
            </method>
            <method name="get_Depth" signature="()" line-rate="1" branch-rate="1" complexity="1">
              <lines>
                <line number="23" hits="3191043" branch="False" />
              </lines>
            </method>
            <method name="get_ChunkSize" signature="()" line-rate="1" branch-rate="1" complexity="1">
              <lines>
                <line number="24" hits="12400840" branch="False" />
              </lines>
            </method>
            <method name="get_Seed" signature="()" line-rate="1" branch-rate="1" complexity="1">
              <lines>
                <line number="25" hits="142554" branch="False" />
              </lines>
            </method>
            <method name="GetBlock" signature="(System.Int32,System.Int32,System.Int32)" line-rate="1" branch-rate="1" complexity="2">
              <lines>
                <line number="28" hits="3209447" branch="False" />
                <line number="29" hits="3209447" branch="True" condition-coverage="100% (2/2)">
                  <conditions>
                    <condition number="15" type="jump" coverage="100%" />
                  </conditions>
                </line>
                <line number="30" hits="109452" branch="False" />
                <line number="31" hits="109452" branch="False" />
                <line number="34" hits="3099995" branch="False" />
                <line number="35" hits="3099995" branch="False" />
                <line number="36" hits="3209447" branch="False" />
              </lines>
            </method>
            <method name="SetBlock" signature="(System.Int32,System.Int32,System.Int32,AIG.Game.World.BlockType)" line-rate="1" branch-rate="1" complexity="2">
              <lines>
                <line number="39" hits="54" branch="False" />
                <line number="40" hits="54" branch="True" condition-coverage="100% (2/2)">
                  <conditions>
                    <condition number="15" type="jump" coverage="100%" />
                  </conditions>
                </line>
                <line number="41" hits="6" branch="False" />
                <line number="42" hits="6" branch="False" />
                <line number="45" hits="48" branch="False" />
                <line number="46" hits="48" branch="False" />
                <line number="47" hits="54" branch="False" />
              </lines>
            </method>
            <method name="IsSolid" signature="(System.Int32,System.Int32,System.Int32)" line-rate="1" branch-rate="1" complexity="1">
              <lines>
                <line number="50" hits="1802323" branch="False" />
                <line number="51" hits="1802323" branch="False" />
                <line number="52" hits="1802323" branch="False" />
              </lines>
            </method>
            <method name="IsSolidAt" signature="(System.Numerics.Vector3)" line-rate="1" branch-rate="1" complexity="1">
              <lines>
                <line number="55" hits="952" branch="False" />
                <line number="56" hits="952" branch="False" />
                <line number="57" hits="952" branch="False" />
                <line number="58" hits="952" branch="False" />
                <line number="59" hits="952" branch="False" />
                <line number="60" hits="952" branch="False" />
              </lines>
            </method>
            <method name="IsInside" signature="(System.Int32,System.Int32,System.Int32)" line-rate="1" branch-rate="1" complexity="10">
              <lines>
                <line number="63" hits="3209847" branch="False" />
                <line number="64" hits="3209847" branch="True" condition-coverage="100% (10/10)">
                  <conditions>
                    <condition number="3" type="jump" coverage="100%" />
                    <condition number="12" type="jump" coverage="100%" />
                    <condition number="16" type="jump" coverage="100%" />
                    <condition number="25" type="jump" coverage="100%" />
                    <condition number="29" type="jump" coverage="100%" />
                  </conditions>
                </line>
                <line number="65" hits="3209847" branch="False" />
              </lines>
            </method>
            <method name="GenerateWorld" signature="()" line-rate="1" branch-rate="1" complexity="4">
              <lines>
                <line number="68" hits="52" branch="False" />
                <line number="69" hits="52" branch="False" />
                <line number="70" hits="52" branch="False" />
                <line number="72" hits="364" branch="True" condition-coverage="100% (2/2)">
                  <conditions>
                    <condition number="136" type="jump" coverage="100%" />
                  </conditions>
                </line>
                <line number="73" hits="130" branch="False" />
                <line number="74" hits="1180" branch="True" condition-coverage="100% (2/2)">
                  <conditions>
                    <condition number="121" type="jump" coverage="100%" />
                  </conditions>
                </line>
                <line number="75" hits="460" branch="False" />
                <line number="76" hits="460" branch="False" />
                <line number="77" hits="460" branch="False" />
                <line number="78" hits="460" branch="False" />
                <line number="79" hits="460" branch="False" />
                <line number="80" hits="130" branch="False" />
                <line number="81" hits="52" branch="False" />
              </lines>
            </method>
            <method name="GenerateChunkColumns" signature="(AIG.Game.World.Chunks.Chunk,System.Int32,System.Int32)" line-rate="1" branch-rate="1" complexity="14">
              <lines>
                <line number="84" hits="460" branch="False" />
                <line number="85" hits="13408" branch="True" condition-coverage="100% (2/2)">
                  <conditions>
                    <condition number="184" type="jump" coverage="100%" />
                  </conditions>
                </line>
                <line number="86" hits="6244" branch="False" />
                <line number="87" hits="194536" branch="True" condition-coverage="100% (2/2)">
                  <conditions>
                    <condition number="161" type="jump" coverage="100%" />
                  </conditions>
                </line>
                <line number="88" hits="91024" branch="False" />
                <line number="89" hits="91024" branch="False" />
                <line number="90" hits="91024" branch="False" />
                <line number="91" hits="91024" branch="True" condition-coverage="100% (4/4)">
                  <conditions>
                    <condition number="46" type="jump" coverage="100%" />
                    <condition number="67" type="jump" coverage="100%" />
                  </conditions>
                </line>
                <line number="92" hits="2742" branch="False" />
                <line number="93" hits="2742" branch="False" />
                <line number="96" hits="88282" branch="False" />
                <line number="97" hits="583964" branch="True" condition-coverage="100% (4/4)">
                  <conditions>
                    <condition number="141" type="jump" coverage="100%" />
                    <condition number="122" type="jump" coverage="100%" />
                  </conditions>
                </line>
                <line number="98" hits="203700" branch="False" />
                <line number="99" hits="203700" branch="True" condition-coverage="100% (2/2)">
                  <conditions>
                    <condition number="90" type="jump" coverage="100%" />
                  </conditions>
                </line>
                <line number="100" hits="203700" branch="False" />
                <line number="101" hits="203700" branch="False" />
                <line number="102" hits="88282" branch="False" />
                <line number="103" hits="6244" branch="False" />
                <line number="104" hits="460" branch="False" />
              </lines>
            </method>
            <method name="GetTopY" signature="(System.Int32,System.Int32)" line-rate="1" branch-rate="1" complexity="2">
              <lines>
                <line number="107" hits="88282" branch="False" />
                <line number="109" hits="88282" branch="True" condition-coverage="100% (2/2)">
                  <conditions>
                    <condition number="12" type="jump" coverage="100%" />
                  </conditions>
                </line>
                <line number="110" hits="34010" branch="False" />
                <line number="111" hits="34010" branch="False" />
                <line number="114" hits="54272" branch="False" />
                <line number="115" hits="54272" branch="False" />
                <line number="116" hits="54272" branch="False" />
                <line number="117" hits="88282" branch="False" />
              </lines>
            </method>
            <method name="Hash" signature="(System.Int32,System.Int32,System.Int32)" line-rate="1" branch-rate="1" complexity="1">
              <lines>
                <line number="120" hits="54272" branch="False" />
                <line number="122" hits="54272" branch="False" />
                <line number="123" hits="54272" branch="False" />
                <line number="124" hits="54272" branch="False" />
                <line number="125" hits="54272" branch="False" />
                <line number="126" hits="54272" branch="False" />
                <line number="128" hits="54272" branch="False" />
              </lines>
            </method>
            <method name="ResolveChunkCoords" signature="(System.Int32,System.Int32)" line-rate="1" branch-rate="1" complexity="1">
              <lines>
                <line number="131" hits="3100043" branch="False" />
                <line number="132" hits="3100043" branch="False" />
                <line number="133" hits="3100043" branch="False" />
                <line number="135" hits="3100043" branch="False" />
                <line number="136" hits="3100043" branch="False" />
                <line number="138" hits="3100043" branch="False" />
                <line number="139" hits="3100043" branch="False" />
              </lines>
            </method>
            <method name=".ctor" signature="(System.Int32,System.Int32,System.Int32,System.Int32,System.Int32)" line-rate="1" branch-rate="1" complexity="1">
              <lines>
                <line number="8" hits="52" branch="False" />
                <line number="10" hits="52" branch="False" />
                <line number="11" hits="52" branch="False" />
                <line number="12" hits="52" branch="False" />
                <line number="13" hits="52" branch="False" />
                <line number="14" hits="52" branch="False" />
                <line number="15" hits="52" branch="False" />
                <line number="16" hits="52" branch="False" />
                <line number="18" hits="52" branch="False" />
                <line number="19" hits="52" branch="False" />
              </lines>
            </method>
          </methods>
          <lines>
            <line number="21" hits="3300343" branch="False" />
            <line number="22" hits="3307171" branch="False" />
            <line number="23" hits="3191043" branch="False" />
            <line number="24" hits="12400840" branch="False" />
            <line number="25" hits="142554" branch="False" />
            <line number="28" hits="3209447" branch="False" />
            <line number="29" hits="3209447" branch="True" condition-coverage="100% (2/2)">
              <conditions>
                <condition number="15" type="jump" coverage="100%" />
              </conditions>
            </line>
            <line number="30" hits="109452" branch="False" />
            <line number="31" hits="109452" branch="False" />
            <line number="34" hits="3099995" branch="False" />
            <line number="35" hits="3099995" branch="False" />
            <line number="36" hits="3209447" branch="False" />
            <line number="39" hits="54" branch="False" />
            <line number="40" hits="54" branch="True" condition-coverage="100% (2/2)">
              <conditions>
                <condition number="15" type="jump" coverage="100%" />
              </conditions>
            </line>
            <line number="41" hits="6" branch="False" />
            <line number="42" hits="6" branch="False" />
            <line number="45" hits="48" branch="False" />
            <line number="46" hits="48" branch="False" />
            <line number="47" hits="54" branch="False" />
            <line number="50" hits="1802323" branch="False" />
            <line number="51" hits="1802323" branch="False" />
            <line number="52" hits="1802323" branch="False" />
            <line number="55" hits="952" branch="False" />
            <line number="56" hits="952" branch="False" />
            <line number="57" hits="952" branch="False" />
            <line number="58" hits="952" branch="False" />
            <line number="59" hits="952" branch="False" />
            <line number="60" hits="952" branch="False" />
            <line number="63" hits="3209847" branch="False" />
            <line number="64" hits="3209847" branch="True" condition-coverage="100% (10/10)">
              <conditions>
                <condition number="3" type="jump" coverage="100%" />
                <condition number="12" type="jump" coverage="100%" />
                <condition number="16" type="jump" coverage="100%" />
                <condition number="25" type="jump" coverage="100%" />
                <condition number="29" type="jump" coverage="100%" />
              </conditions>
            </line>
            <line number="65" hits="3209847" branch="False" />
            <line number="68" hits="52" branch="False" />
            <line number="69" hits="52" branch="False" />
            <line number="70" hits="52" branch="False" />
            <line number="72" hits="364" branch="True" condition-coverage="100% (2/2)">
              <conditions>
                <condition number="136" type="jump" coverage="100%" />
              </conditions>
            </line>
            <line number="73" hits="130" branch="False" />
            <line number="74" hits="1180" branch="True" condition-coverage="100% (2/2)">
              <conditions>
                <condition number="121" type="jump" coverage="100%" />
              </conditions>
            </line>
            <line number="75" hits="460" branch="False" />
            <line number="76" hits="460" branch="False" />
            <line number="77" hits="460" branch="False" />
            <line number="78" hits="460" branch="False" />
            <line number="79" hits="460" branch="False" />
            <line number="80" hits="130" branch="False" />
            <line number="81" hits="52" branch="False" />
            <line number="84" hits="460" branch="False" />
            <line number="85" hits="13408" branch="True" condition-coverage="100% (2/2)">
              <conditions>
                <condition number="184" type="jump" coverage="100%" />
              </conditions>
            </line>
            <line number="86" hits="6244" branch="False" />
            <line number="87" hits="194536" branch="True" condition-coverage="100% (2/2)">
              <conditions>
                <condition number="161" type="jump" coverage="100%" />
              </conditions>
            </line>
            <line number="88" hits="91024" branch="False" />
            <line number="89" hits="91024" branch="False" />
            <line number="90" hits="91024" branch="False" />
            <line number="91" hits="91024" branch="True" condition-coverage="100% (4/4)">
              <conditions>
                <condition number="46" type="jump" coverage="100%" />
                <condition number="67" type="jump" coverage="100%" />
              </conditions>
            </line>
            <line number="92" hits="2742" branch="False" />
            <line number="93" hits="2742" branch="False" />
            <line number="96" hits="88282" branch="False" />
            <line number="97" hits="583964" branch="True" condition-coverage="100% (4/4)">
              <conditions>
                <condition number="141" type="jump" coverage="100%" />
                <condition number="122" type="jump" coverage="100%" />
              </conditions>
            </line>
            <line number="98" hits="203700" branch="False" />
            <line number="99" hits="203700" branch="True" condition-coverage="100% (2/2)">
              <conditions>
                <condition number="90" type="jump" coverage="100%" />
              </conditions>
            </line>
            <line number="100" hits="203700" branch="False" />
            <line number="101" hits="203700" branch="False" />
            <line number="102" hits="88282" branch="False" />
            <line number="103" hits="6244" branch="False" />
            <line number="104" hits="460" branch="False" />
            <line number="107" hits="88282" branch="False" />
            <line number="109" hits="88282" branch="True" condition-coverage="100% (2/2)">
              <conditions>
                <condition number="12" type="jump" coverage="100%" />
              </conditions>
            </line>
            <line number="110" hits="34010" branch="False" />
            <line number="111" hits="34010" branch="False" />
            <line number="114" hits="54272" branch="False" />
            <line number="115" hits="54272" branch="False" />
            <line number="116" hits="54272" branch="False" />
            <line number="117" hits="88282" branch="False" />
            <line number="120" hits="54272" branch="False" />
            <line number="122" hits="54272" branch="False" />
            <line number="123" hits="54272" branch="False" />
            <line number="124" hits="54272" branch="False" />
            <line number="125" hits="54272" branch="False" />
            <line number="126" hits="54272" branch="False" />
            <line number="128" hits="54272" branch="False" />
            <line number="131" hits="3100043" branch="False" />
            <line number="132" hits="3100043" branch="False" />
            <line number="133" hits="3100043" branch="False" />
            <line number="135" hits="3100043" branch="False" />
            <line number="136" hits="3100043" branch="False" />
            <line number="138" hits="3100043" branch="False" />
            <line number="139" hits="3100043" branch="False" />
            <line number="8" hits="52" branch="False" />
            <line number="10" hits="52" branch="False" />
            <line number="11" hits="52" branch="False" />
            <line number="12" hits="52" branch="False" />
            <line number="13" hits="52" branch="False" />
            <line number="14" hits="52" branch="False" />
            <line number="15" hits="52" branch="False" />
            <line number="16" hits="52" branch="False" />
            <line number="18" hits="52" branch="False" />
            <line number="19" hits="52" branch="False" />
          </lines>
        </class>
        <class name="AIG.Game.World.Chunks.Chunk" filename="World/Chunks/Chunk.cs" line-rate="1" branch-rate="1" complexity="5">
          <methods>
            <method name="get_Size" signature="()" line-rate="1" branch-rate="1" complexity="1">
              <lines>
                <line number="14" hits="286021" branch="False" />
              </lines>
            </method>
            <method name="get_Height" signature="()" line-rate="1" branch-rate="1" complexity="1">
              <lines>
                <line number="15" hits="1" branch="False" />
              </lines>
            </method>
            <method name="Get" signature="(System.Int32,System.Int32,System.Int32)" line-rate="1" branch-rate="1" complexity="1">
              <lines>
                <line number="17" hits="3099995" branch="False" />
              </lines>
            </method>
            <method name="Set" signature="(System.Int32,System.Int32,System.Int32,AIG.Game.World.BlockType)" line-rate="1" branch-rate="1" complexity="1">
              <lines>
                <line number="19" hits="203748" branch="False" />
              </lines>
            </method>
            <method name=".ctor" signature="(System.Int32,System.Int32)" line-rate="1" branch-rate="1" complexity="1">
              <lines>
                <line number="7" hits="461" branch="False" />
                <line number="8" hits="461" branch="False" />
                <line number="9" hits="461" branch="False" />
                <line number="10" hits="461" branch="False" />
                <line number="11" hits="461" branch="False" />
                <line number="12" hits="461" branch="False" />
              </lines>
            </method>
          </methods>
          <lines>
            <line number="14" hits="286021" branch="False" />
            <line number="15" hits="1" branch="False" />
            <line number="17" hits="3099995" branch="False" />
            <line number="19" hits="203748" branch="False" />
            <line number="7" hits="461" branch="False" />
            <line number="8" hits="461" branch="False" />
            <line number="9" hits="461" branch="False" />
            <line number="10" hits="461" branch="False" />
            <line number="11" hits="461" branch="False" />
            <line number="12" hits="461" branch="False" />
          </lines>
        </class>
        <class name="AIG.Game.Player.PlayerController" filename="Player/PlayerController.cs" line-rate="1" branch-rate="1" complexity="52">
          <methods>
            <method name="get_Position" signature="()" line-rate="1" branch-rate="1" complexity="1">
              <lines>
                <line number="28" hits="3666318" branch="False" />
              </lines>
            </method>
            <method name="get_Yaw" signature="()" line-rate="1" branch-rate="1" complexity="1">
              <lines>
                <line number="29" hits="2579" branch="False" />
              </lines>
            </method>
            <method name="get_Pitch" signature="()" line-rate="1" branch-rate="1" complexity="1">
              <lines>
                <line number="30" hits="2507" branch="False" />
              </lines>
            </method>
            <method name="get_IsGrounded" signature="()" line-rate="1" branch-rate="1" complexity="1">
              <lines>
                <line number="31" hits="1772" branch="False" />
              </lines>
            </method>
            <method name="get_ColliderHalfWidth" signature="()" line-rate="1" branch-rate="1" complexity="1">
              <lines>
                <line number="32" hits="2" branch="False" />
              </lines>
            </method>
            <method name="get_ColliderHeight" signature="()" line-rate="1" branch-rate="1" complexity="1">
              <lines>
                <line number="33" hits="2" branch="False" />
              </lines>
            </method>
            <method name="get_EyePosition" signature="()" line-rate="1" branch-rate="1" complexity="1">
              <lines>
                <line number="35" hits="84" branch="False" />
              </lines>
            </method>
            <method name="get_LookDirection" signature="()" line-rate="1" branch-rate="1" complexity="1">
              <lines>
                <line number="40" hits="50" branch="False" />
                <line number="41" hits="50" branch="False" />
                <line number="42" hits="50" branch="False" />
                <line number="43" hits="50" branch="False" />
                <line number="44" hits="50" branch="False" />
                <line number="45" hits="50" branch="False" />
              </lines>
            </method>
            <method name="SetPose" signature="(System.Numerics.Vector3,System.Numerics.Vector3)" line-rate="1" branch-rate="1" complexity="4">
              <lines>
                <line number="49" hits="8" branch="False" />
                <line number="50" hits="8" branch="False" />
                <line number="51" hits="8" branch="False" />
                <line number="52" hits="8" branch="False" />
                <line number="53" hits="8" branch="False" />
                <line number="54" hits="8" branch="False" />
                <line number="56" hits="8" branch="True" condition-coverage="100% (2/2)">
                  <conditions>
                    <condition number="69" type="jump" coverage="100%" />
                  </conditions>
                </line>
                <line number="57" hits="1" branch="False" />
                <line number="58" hits="1" branch="False" />
                <line number="61" hits="7" branch="False" />
                <line number="62" hits="7" branch="False" />
                <line number="63" hits="7" branch="False" />
                <line number="65" hits="7" branch="False" />
                <line number="66" hits="7" branch="True" condition-coverage="100% (2/2)">
                  <conditions>
                    <condition number="168" type="jump" coverage="100%" />
                  </conditions>
                </line>
                <line number="67" hits="7" branch="False" />
                <line number="68" hits="7" branch="False" />
                <line number="69" hits="7" branch="False" />
                <line number="70" hits="8" branch="False" />
              </lines>
            </method>
            <method name="Update" signature="(AIG.Game.World.WorldMap,AIG.Game.Player.PlayerInput,System.Single)" line-rate="1" branch-rate="1" complexity="4">
              <lines>
                <line number="73" hits="587" branch="False" />
                <line number="74" hits="587" branch="False" />
                <line number="76" hits="587" branch="True" condition-coverage="100% (2/2)">
                  <conditions>
                    <condition number="18" type="jump" coverage="100%" />
                  </conditions>
                </line>
                <line number="77" hits="1" branch="False" />
                <line number="78" hits="1" branch="False" />
                <line number="79" hits="1" branch="False" />
                <line number="81" hits="586" branch="False" />
                <line number="82" hits="586" branch="False" />
                <line number="83" hits="586" branch="False" />
                <line number="85" hits="587" branch="False" />
                <line number="86" hits="587" branch="False" />
                <line number="87" hits="587" branch="False" />
                <line number="89" hits="2442" branch="True" condition-coverage="100% (2/2)">
                  <conditions>
                    <condition number="145" type="jump" coverage="100%" />
                  </conditions>
                </line>
                <line number="90" hits="634" branch="False" />
                <line number="91" hits="634" branch="False" />
                <line number="92" hits="634" branch="False" />
                <line number="93" hits="634" branch="False" />
                <line number="94" hits="587" branch="False" />
              </lines>
            </method>
            <method name="ApplyLook" signature="(AIG.Game.Player.PlayerInput)" line-rate="1" branch-rate="1" complexity="1">
              <lines>
                <line number="97" hits="587" branch="False" />
                <line number="98" hits="587" branch="False" />
                <line number="99" hits="587" branch="False" />
                <line number="101" hits="587" branch="False" />
                <line number="102" hits="587" branch="False" />
                <line number="103" hits="587" branch="False" />
              </lines>
            </method>
            <method name="ApplyHorizontalMovement" signature="(AIG.Game.World.WorldMap,AIG.Game.Player.PlayerInput,System.Single)" line-rate="1" branch-rate="1" complexity="6">
              <lines>
                <line number="106" hits="634" branch="False" />
                <line number="107" hits="634" branch="False" />
                <line number="108" hits="634" branch="False" />
                <line number="110" hits="634" branch="False" />
                <line number="111" hits="634" branch="True" condition-coverage="100% (2/2)">
                  <conditions>
                    <condition number="110" type="jump" coverage="100%" />
                  </conditions>
                </line>
                <line number="112" hits="8" branch="False" />
                <line number="113" hits="8" branch="False" />
                <line number="114" hits="8" branch="False" />
                <line number="116" hits="634" branch="False" />
                <line number="117" hits="634" branch="False" />
                <line number="119" hits="634" branch="False" />
                <line number="120" hits="634" branch="True" condition-coverage="100% (2/2)">
                  <conditions>
                    <condition number="194" type="jump" coverage="100%" />
                  </conditions>
                </line>
                <line number="121" hits="628" branch="False" />
                <line number="122" hits="628" branch="False" />
                <line number="123" hits="628" branch="False" />
                <line number="125" hits="634" branch="False" />
                <line number="126" hits="634" branch="True" condition-coverage="100% (2/2)">
                  <conditions>
                    <condition number="254" type="jump" coverage="100%" />
                  </conditions>
                </line>
                <line number="127" hits="628" branch="False" />
                <line number="128" hits="628" branch="False" />
                <line number="129" hits="628" branch="False" />
                <line number="131" hits="634" branch="False" />
                <line number="132" hits="634" branch="False" />
              </lines>
            </method>
            <method name="ApplyVerticalMovement" signature="(AIG.Game.World.WorldMap,System.Single)" line-rate="1" branch-rate="1" complexity="14">
              <lines>
                <line number="135" hits="634" branch="False" />
                <line number="136" hits="634" branch="False" />
                <line number="137" hits="634" branch="True" condition-coverage="100% (2/2)">
                  <conditions>
                    <condition number="23" type="jump" coverage="100%" />
                  </conditions>
                </line>
                <line number="138" hits="528" branch="False" />
                <line number="139" hits="528" branch="False" />
                <line number="140" hits="528" branch="True" condition-coverage="100% (2/2)">
                  <conditions>
                    <condition number="52" type="jump" coverage="100%" />
                  </conditions>
                </line>
                <line number="141" hits="41" branch="False" />
                <line number="142" hits="41" branch="False" />
                <line number="143" hits="41" branch="False" />
                <line number="144" hits="528" branch="False" />
                <line number="146" hits="106" branch="False" />
                <line number="147" hits="106" branch="False" />
                <line number="148" hits="106" branch="False" />
                <line number="150" hits="634" branch="True" condition-coverage="100% (4/4)">
                  <conditions>
                    <condition number="107" type="jump" coverage="100%" />
                    <condition number="127" type="jump" coverage="100%" />
                  </conditions>
                </line>
                <line number="151" hits="1" branch="False" />
                <line number="152" hits="1" branch="False" />
                <line number="153" hits="1" branch="False" />
                <line number="154" hits="1" branch="False" />
                <line number="155" hits="1" branch="False" />
                <line number="156" hits="1" branch="False" />
                <line number="158" hits="634" branch="False" />
                <line number="159" hits="634" branch="False" />
                <line number="161" hits="634" branch="True" condition-coverage="100% (2/2)">
                  <conditions>
                    <condition number="253" type="jump" coverage="100%" />
                  </conditions>
                </line>
                <line number="162" hits="139" branch="False" />
                <line number="163" hits="139" branch="False" />
                <line number="164" hits="139" branch="False" />
                <line number="167" hits="495" branch="True" condition-coverage="100% (2/2)">
                  <conditions>
                    <condition number="286" type="jump" coverage="100%" />
                  </conditions>
                </line>
                <line number="168" hits="494" branch="False" />
                <line number="169" hits="500" branch="True" condition-coverage="100% (2/2)">
                  <conditions>
                    <condition number="375" type="jump" coverage="100%" />
                  </conditions>
                </line>
                <line number="170" hits="6" branch="False" />
                <line number="171" hits="6" branch="False" />
                <line number="172" hits="6" branch="False" />
                <line number="174" hits="494" branch="False" />
                <line number="175" hits="494" branch="False" />
                <line number="177" hits="495" branch="False" />
                <line number="178" hits="634" branch="False" />
              </lines>
            </method>
            <method name="IsStandingOnSolid" signature="(AIG.Game.World.WorldMap)" line-rate="1" branch-rate="1" complexity="6">
              <lines>
                <line number="181" hits="634" branch="False" />
                <line number="182" hits="634" branch="False" />
                <line number="183" hits="634" branch="False" />
                <line number="184" hits="634" branch="False" />
                <line number="185" hits="634" branch="False" />
                <line number="186" hits="634" branch="False" />
                <line number="188" hits="634" branch="True" condition-coverage="100% (6/6)">
                  <conditions>
                    <condition number="130" type="jump" coverage="100%" />
                    <condition number="147" type="jump" coverage="100%" />
                    <condition number="163" type="jump" coverage="100%" />
                  </conditions>
                </line>
                <line number="189" hits="634" branch="False" />
                <line number="190" hits="634" branch="False" />
                <line number="191" hits="634" branch="False" />
                <line number="192" hits="634" branch="False" />
              </lines>
            </method>
            <method name="CollidesAt" signature="(AIG.Game.World.WorldMap,System.Numerics.Vector3)" line-rate="1" branch-rate="1" complexity="8">
              <lines>
                <line number="195" hits="2402" branch="False" />
                <line number="196" hits="2402" branch="False" />
                <line number="197" hits="2402" branch="False" />
                <line number="199" hits="2402" branch="False" />
                <line number="200" hits="2402" branch="False" />
                <line number="201" hits="2402" branch="False" />
                <line number="202" hits="2402" branch="False" />
                <line number="203" hits="2402" branch="False" />
                <line number="204" hits="2402" branch="False" />
                <line number="206" hits="10046" branch="True" condition-coverage="100% (2/2)">
                  <conditions>
                    <condition number="270" type="jump" coverage="100%" />
                  </conditions>
                </line>
                <line number="207" hits="3622" branch="False" />
                <line number="208" hits="18578" branch="True" condition-coverage="100% (2/2)">
                  <conditions>
                    <condition number="249" type="jump" coverage="100%" />
                  </conditions>
                </line>
                <line number="209" hits="6668" branch="False" />
                <line number="210" hits="33450" branch="True" condition-coverage="100% (2/2)">
                  <conditions>
                    <condition number="227" type="jump" coverage="100%" />
                  </conditions>
                </line>
                <line number="211" hits="11058" branch="False" />
                <line number="212" hits="11058" branch="True" condition-coverage="100% (2/2)">
                  <conditions>
                    <condition number="199" type="jump" coverage="100%" />
                  </conditions>
                </line>
                <line number="213" hits="1001" branch="False" />
                <line number="214" hits="1001" branch="False" />
                <line number="216" hits="10057" branch="False" />
                <line number="217" hits="5667" branch="False" />
                <line number="218" hits="2621" branch="False" />
                <line number="220" hits="1401" branch="False" />
                <line number="221" hits="2402" branch="False" />
              </lines>
            </method>
            <method name=".ctor" signature="(AIG.Game.Config.GameConfig,System.Numerics.Vector3)" line-rate="1" branch-rate="1" complexity="1">
              <lines>
                <line number="21" hits="30" branch="False" />
                <line number="22" hits="30" branch="False" />
                <line number="23" hits="30" branch="False" />
                <line number="24" hits="30" branch="False" />
                <line number="25" hits="30" branch="False" />
                <line number="26" hits="30" branch="False" />
              </lines>
            </method>
          </methods>
          <lines>
            <line number="28" hits="3666318" branch="False" />
            <line number="29" hits="2579" branch="False" />
            <line number="30" hits="2507" branch="False" />
            <line number="31" hits="1772" branch="False" />
            <line number="32" hits="2" branch="False" />
            <line number="33" hits="2" branch="False" />
            <line number="35" hits="84" branch="False" />
            <line number="40" hits="50" branch="False" />
            <line number="41" hits="50" branch="False" />
            <line number="42" hits="50" branch="False" />
            <line number="43" hits="50" branch="False" />
            <line number="44" hits="50" branch="False" />
            <line number="45" hits="50" branch="False" />
            <line number="49" hits="8" branch="False" />
            <line number="50" hits="8" branch="False" />
            <line number="51" hits="8" branch="False" />
            <line number="52" hits="8" branch="False" />
            <line number="53" hits="8" branch="False" />
            <line number="54" hits="8" branch="False" />
            <line number="56" hits="8" branch="True" condition-coverage="100% (2/2)">
              <conditions>
                <condition number="69" type="jump" coverage="100%" />
              </conditions>
            </line>
            <line number="57" hits="1" branch="False" />
            <line number="58" hits="1" branch="False" />
            <line number="61" hits="7" branch="False" />
            <line number="62" hits="7" branch="False" />
            <line number="63" hits="7" branch="False" />
            <line number="65" hits="7" branch="False" />
            <line number="66" hits="7" branch="True" condition-coverage="100% (2/2)">
              <conditions>
                <condition number="168" type="jump" coverage="100%" />
              </conditions>
            </line>
            <line number="67" hits="7" branch="False" />
            <line number="68" hits="7" branch="False" />
            <line number="69" hits="7" branch="False" />
            <line number="70" hits="8" branch="False" />
            <line number="73" hits="587" branch="False" />
            <line number="74" hits="587" branch="False" />
            <line number="76" hits="587" branch="True" condition-coverage="100% (2/2)">
              <conditions>
                <condition number="18" type="jump" coverage="100%" />
              </conditions>
            </line>
            <line number="77" hits="1" branch="False" />
            <line number="78" hits="1" branch="False" />
            <line number="79" hits="1" branch="False" />
            <line number="81" hits="586" branch="False" />
            <line number="82" hits="586" branch="False" />
            <line number="83" hits="586" branch="False" />
            <line number="85" hits="587" branch="False" />
            <line number="86" hits="587" branch="False" />
            <line number="87" hits="587" branch="False" />
            <line number="89" hits="2442" branch="True" condition-coverage="100% (2/2)">
              <conditions>
                <condition number="145" type="jump" coverage="100%" />
              </conditions>
            </line>
            <line number="90" hits="634" branch="False" />
            <line number="91" hits="634" branch="False" />
            <line number="92" hits="634" branch="False" />
            <line number="93" hits="634" branch="False" />
            <line number="94" hits="587" branch="False" />
            <line number="97" hits="587" branch="False" />
            <line number="98" hits="587" branch="False" />
            <line number="99" hits="587" branch="False" />
            <line number="101" hits="587" branch="False" />
            <line number="102" hits="587" branch="False" />
            <line number="103" hits="587" branch="False" />
            <line number="106" hits="634" branch="False" />
            <line number="107" hits="634" branch="False" />
            <line number="108" hits="634" branch="False" />
            <line number="110" hits="634" branch="False" />
            <line number="111" hits="634" branch="True" condition-coverage="100% (2/2)">
              <conditions>
                <condition number="110" type="jump" coverage="100%" />
              </conditions>
            </line>
            <line number="112" hits="8" branch="False" />
            <line number="113" hits="8" branch="False" />
            <line number="114" hits="8" branch="False" />
            <line number="116" hits="634" branch="False" />
            <line number="117" hits="634" branch="False" />
            <line number="119" hits="634" branch="False" />
            <line number="120" hits="634" branch="True" condition-coverage="100% (2/2)">
              <conditions>
                <condition number="194" type="jump" coverage="100%" />
              </conditions>
            </line>
            <line number="121" hits="628" branch="False" />
            <line number="122" hits="628" branch="False" />
            <line number="123" hits="628" branch="False" />
            <line number="125" hits="634" branch="False" />
            <line number="126" hits="634" branch="True" condition-coverage="100% (2/2)">
              <conditions>
                <condition number="254" type="jump" coverage="100%" />
              </conditions>
            </line>
            <line number="127" hits="628" branch="False" />
            <line number="128" hits="628" branch="False" />
            <line number="129" hits="628" branch="False" />
            <line number="131" hits="634" branch="False" />
            <line number="132" hits="634" branch="False" />
            <line number="135" hits="634" branch="False" />
            <line number="136" hits="634" branch="False" />
            <line number="137" hits="634" branch="True" condition-coverage="100% (2/2)">
              <conditions>
                <condition number="23" type="jump" coverage="100%" />
              </conditions>
            </line>
            <line number="138" hits="528" branch="False" />
            <line number="139" hits="528" branch="False" />
            <line number="140" hits="528" branch="True" condition-coverage="100% (2/2)">
              <conditions>
                <condition number="52" type="jump" coverage="100%" />
              </conditions>
            </line>
            <line number="141" hits="41" branch="False" />
            <line number="142" hits="41" branch="False" />
            <line number="143" hits="41" branch="False" />
            <line number="144" hits="528" branch="False" />
            <line number="146" hits="106" branch="False" />
            <line number="147" hits="106" branch="False" />
            <line number="148" hits="106" branch="False" />
            <line number="150" hits="634" branch="True" condition-coverage="100% (4/4)">
              <conditions>
                <condition number="107" type="jump" coverage="100%" />
                <condition number="127" type="jump" coverage="100%" />
              </conditions>
            </line>
            <line number="151" hits="1" branch="False" />
            <line number="152" hits="1" branch="False" />
            <line number="153" hits="1" branch="False" />
            <line number="154" hits="1" branch="False" />
            <line number="155" hits="1" branch="False" />
            <line number="156" hits="1" branch="False" />
            <line number="158" hits="634" branch="False" />
            <line number="159" hits="634" branch="False" />
            <line number="161" hits="634" branch="True" condition-coverage="100% (2/2)">
              <conditions>
                <condition number="253" type="jump" coverage="100%" />
              </conditions>
            </line>
            <line number="162" hits="139" branch="False" />
            <line number="163" hits="139" branch="False" />
            <line number="164" hits="139" branch="False" />
            <line number="167" hits="495" branch="True" condition-coverage="100% (2/2)">
              <conditions>
                <condition number="286" type="jump" coverage="100%" />
              </conditions>
            </line>
            <line number="168" hits="494" branch="False" />
            <line number="169" hits="500" branch="True" condition-coverage="100% (2/2)">
              <conditions>
                <condition number="375" type="jump" coverage="100%" />
              </conditions>
            </line>
            <line number="170" hits="6" branch="False" />
            <line number="171" hits="6" branch="False" />
            <line number="172" hits="6" branch="False" />
            <line number="174" hits="494" branch="False" />
            <line number="175" hits="494" branch="False" />
            <line number="177" hits="495" branch="False" />
            <line number="178" hits="634" branch="False" />
            <line number="181" hits="634" branch="False" />
            <line number="182" hits="634" branch="False" />
            <line number="183" hits="634" branch="False" />
            <line number="184" hits="634" branch="False" />
            <line number="185" hits="634" branch="False" />
            <line number="186" hits="634" branch="False" />
            <line number="188" hits="634" branch="True" condition-coverage="100% (6/6)">
              <conditions>
                <condition number="130" type="jump" coverage="100%" />
                <condition number="147" type="jump" coverage="100%" />
                <condition number="163" type="jump" coverage="100%" />
              </conditions>
            </line>
            <line number="189" hits="634" branch="False" />
            <line number="190" hits="634" branch="False" />
            <line number="191" hits="634" branch="False" />
            <line number="192" hits="634" branch="False" />
            <line number="195" hits="2402" branch="False" />
            <line number="196" hits="2402" branch="False" />
            <line number="197" hits="2402" branch="False" />
            <line number="199" hits="2402" branch="False" />
            <line number="200" hits="2402" branch="False" />
            <line number="201" hits="2402" branch="False" />
            <line number="202" hits="2402" branch="False" />
            <line number="203" hits="2402" branch="False" />
            <line number="204" hits="2402" branch="False" />
            <line number="206" hits="10046" branch="True" condition-coverage="100% (2/2)">
              <conditions>
                <condition number="270" type="jump" coverage="100%" />
              </conditions>
            </line>
            <line number="207" hits="3622" branch="False" />
            <line number="208" hits="18578" branch="True" condition-coverage="100% (2/2)">
              <conditions>
                <condition number="249" type="jump" coverage="100%" />
              </conditions>
            </line>
            <line number="209" hits="6668" branch="False" />
            <line number="210" hits="33450" branch="True" condition-coverage="100% (2/2)">
              <conditions>
                <condition number="227" type="jump" coverage="100%" />
              </conditions>
            </line>
            <line number="211" hits="11058" branch="False" />
            <line number="212" hits="11058" branch="True" condition-coverage="100% (2/2)">
              <conditions>
                <condition number="199" type="jump" coverage="100%" />
              </conditions>
            </line>
            <line number="213" hits="1001" branch="False" />
            <line number="214" hits="1001" branch="False" />
            <line number="216" hits="10057" branch="False" />
            <line number="217" hits="5667" branch="False" />
            <line number="218" hits="2621" branch="False" />
            <line number="220" hits="1401" branch="False" />
            <line number="221" hits="2402" branch="False" />
            <line number="21" hits="30" branch="False" />
            <line number="22" hits="30" branch="False" />
            <line number="23" hits="30" branch="False" />
            <line number="24" hits="30" branch="False" />
            <line number="25" hits="30" branch="False" />
            <line number="26" hits="30" branch="False" />
          </lines>
        </class>
        <class name="AIG.Game.Player.PlayerInput" filename="Player/PlayerInput.cs" line-rate="1" branch-rate="1" complexity="5">
          <methods>
            <method name="get_MoveForward" signature="()" line-rate="1" branch-rate="1" complexity="1">
              <lines>
                <line number="4" hits="638" branch="False" />
              </lines>
            </method>
            <method name="get_MoveRight" signature="()" line-rate="1" branch-rate="1" complexity="1">
              <lines>
                <line number="5" hits="638" branch="False" />
              </lines>
            </method>
            <method name="get_Jump" signature="()" line-rate="1" branch-rate="1" complexity="1">
              <lines>
                <line number="6" hits="589" branch="False" />
              </lines>
            </method>
            <method name="get_LookDeltaX" signature="()" line-rate="1" branch-rate="1" complexity="1">
              <lines>
                <line number="7" hits="588" branch="False" />
              </lines>
            </method>
            <method name="get_LookDeltaY" signature="()" line-rate="1" branch-rate="1" complexity="1">
              <lines>
                <line number="8" hits="588" branch="False" />
              </lines>
            </method>
          </methods>
          <lines>
            <line number="4" hits="638" branch="False" />
            <line number="5" hits="638" branch="False" />
            <line number="6" hits="589" branch="False" />
            <line number="7" hits="588" branch="False" />
            <line number="8" hits="588" branch="False" />
          </lines>
        </class>
        <class name="AIG.Game.Gameplay.BlockInteraction" filename="Gameplay/BlockInteraction.cs" line-rate="1" branch-rate="1" complexity="16">
          <methods>
            <method name="TryBreak" signature="(AIG.Game.World.WorldMap,System.Nullable`1&lt;AIG.Game.Gameplay.BlockRaycastHit&gt;)" line-rate="1" branch-rate="1" complexity="6">
              <lines>
                <line number="9" hits="5" branch="False" />
                <line number="10" hits="5" branch="True" condition-coverage="100% (2/2)">
                  <conditions>
                    <condition number="13" type="jump" coverage="100%" />
                  </conditions>
                </line>
                <line number="11" hits="1" branch="False" />
                <line number="12" hits="1" branch="False" />
                <line number="15" hits="4" branch="False" />
                <line number="16" hits="4" branch="True" condition-coverage="100% (2/2)">
                  <conditions>
                    <condition number="60" type="jump" coverage="100%" />
                  </conditions>
                </line>
                <line number="17" hits="1" branch="False" />
                <line number="18" hits="1" branch="False" />
                <line number="21" hits="3" branch="True" condition-coverage="100% (2/2)">
                  <conditions>
                    <condition number="101" type="jump" coverage="100%" />
                  </conditions>
                </line>
                <line number="22" hits="1" branch="False" />
                <line number="23" hits="1" branch="False" />
                <line number="26" hits="2" branch="False" />
                <line number="27" hits="2" branch="False" />
                <line number="28" hits="5" branch="False" />
              </lines>
            </method>
            <method name="TryPlace" signature="(AIG.Game.World.WorldMap,System.Nullable`1&lt;AIG.Game.Gameplay.BlockRaycastHit&gt;,AIG.Game.World.BlockType,System.Func`2&lt;System.Numerics.Vector3,System.Boolean&gt;)" line-rate="1" branch-rate="1" complexity="10">
              <lines>
                <line number="31" hits="8" branch="False" />
                <line number="32" hits="8" branch="True" condition-coverage="100% (4/4)">
                  <conditions>
                    <condition number="8" type="jump" coverage="100%" />
                    <condition number="19" type="jump" coverage="100%" />
                  </conditions>
                </line>
                <line number="33" hits="2" branch="False" />
                <line number="34" hits="2" branch="False" />
                <line number="37" hits="6" branch="False" />
                <line number="38" hits="6" branch="True" condition-coverage="100% (2/2)">
                  <conditions>
                    <condition number="71" type="jump" coverage="100%" />
                  </conditions>
                </line>
                <line number="39" hits="1" branch="False" />
                <line number="40" hits="1" branch="False" />
                <line number="43" hits="5" branch="True" condition-coverage="100% (2/2)">
                  <conditions>
                    <condition number="112" type="jump" coverage="100%" />
                  </conditions>
                </line>
                <line number="44" hits="2" branch="False" />
                <line number="45" hits="2" branch="False" />
                <line number="48" hits="3" branch="False" />
                <line number="49" hits="3" branch="True" condition-coverage="100% (2/2)">
                  <conditions>
                    <condition number="179" type="jump" coverage="100%" />
                  </conditions>
                </line>
                <line number="50" hits="1" branch="False" />
                <line number="51" hits="1" branch="False" />
                <line number="54" hits="2" branch="False" />
                <line number="55" hits="2" branch="False" />
                <line number="56" hits="8" branch="False" />
              </lines>
            </method>
          </methods>
          <lines>
            <line number="9" hits="5" branch="False" />
            <line number="10" hits="5" branch="True" condition-coverage="100% (2/2)">
              <conditions>
                <condition number="13" type="jump" coverage="100%" />
              </conditions>
            </line>
            <line number="11" hits="1" branch="False" />
            <line number="12" hits="1" branch="False" />
            <line number="15" hits="4" branch="False" />
            <line number="16" hits="4" branch="True" condition-coverage="100% (2/2)">
              <conditions>
                <condition number="60" type="jump" coverage="100%" />
              </conditions>
            </line>
            <line number="17" hits="1" branch="False" />
            <line number="18" hits="1" branch="False" />
            <line number="21" hits="3" branch="True" condition-coverage="100% (2/2)">
              <conditions>
                <condition number="101" type="jump" coverage="100%" />
              </conditions>
            </line>
            <line number="22" hits="1" branch="False" />
            <line number="23" hits="1" branch="False" />
            <line number="26" hits="2" branch="False" />
            <line number="27" hits="2" branch="False" />
            <line number="28" hits="5" branch="False" />
            <line number="31" hits="8" branch="False" />
            <line number="32" hits="8" branch="True" condition-coverage="100% (4/4)">
              <conditions>
                <condition number="8" type="jump" coverage="100%" />
                <condition number="19" type="jump" coverage="100%" />
              </conditions>
            </line>
            <line number="33" hits="2" branch="False" />
            <line number="34" hits="2" branch="False" />
            <line number="37" hits="6" branch="False" />
            <line number="38" hits="6" branch="True" condition-coverage="100% (2/2)">
              <conditions>
                <condition number="71" type="jump" coverage="100%" />
              </conditions>
            </line>
            <line number="39" hits="1" branch="False" />
            <line number="40" hits="1" branch="False" />
            <line number="43" hits="5" branch="True" condition-coverage="100% (2/2)">
              <conditions>
                <condition number="112" type="jump" coverage="100%" />
              </conditions>
            </line>
            <line number="44" hits="2" branch="False" />
            <line number="45" hits="2" branch="False" />
            <line number="48" hits="3" branch="False" />
            <line number="49" hits="3" branch="True" condition-coverage="100% (2/2)">
              <conditions>
                <condition number="179" type="jump" coverage="100%" />
              </conditions>
            </line>
            <line number="50" hits="1" branch="False" />
            <line number="51" hits="1" branch="False" />
            <line number="54" hits="2" branch="False" />
            <line number="55" hits="2" branch="False" />
            <line number="56" hits="8" branch="False" />
          </lines>
        </class>
        <class name="AIG.Game.Gameplay.BlockRaycastHit" filename="Gameplay/BlockRaycastHit.cs" line-rate="1" branch-rate="1" complexity="6">
          <methods>
            <method name="get_X" signature="()" line-rate="1" branch-rate="1" complexity="1">
              <lines>
                <line number="4" hits="988" branch="False" />
              </lines>
            </method>
            <method name="get_Y" signature="()" line-rate="1" branch-rate="1" complexity="1">
              <lines>
                <line number="5" hits="985" branch="False" />
              </lines>
            </method>
            <method name="get_Z" signature="()" line-rate="1" branch-rate="1" complexity="1">
              <lines>
                <line number="6" hits="985" branch="False" />
              </lines>
            </method>
            <method name="get_PreviousX" signature="()" line-rate="1" branch-rate="1" complexity="1">
              <lines>
                <line number="7" hits="654" branch="False" />
              </lines>
            </method>
            <method name="get_PreviousY" signature="()" line-rate="1" branch-rate="1" complexity="1">
              <lines>
                <line number="8" hits="654" branch="False" />
              </lines>
            </method>
            <method name="get_PreviousZ" signature="()" line-rate="1" branch-rate="1" complexity="1">
              <lines>
                <line number="9" hits="654" branch="False" />
              </lines>
            </method>
          </methods>
          <lines>
            <line number="4" hits="988" branch="False" />
            <line number="5" hits="985" branch="False" />
            <line number="6" hits="985" branch="False" />
            <line number="7" hits="654" branch="False" />
            <line number="8" hits="654" branch="False" />
            <line number="9" hits="654" branch="False" />
          </lines>
        </class>
        <class name="AIG.Game.Gameplay.VoxelRaycaster" filename="Gameplay/VoxelRaycaster.cs" line-rate="1" branch-rate="1" complexity="54">
          <methods>
            <method name="Raycast" signature="(AIG.Game.World.WorldMap,System.Numerics.Vector3,System.Numerics.Vector3,System.Single)" line-rate="1" branch-rate="1" complexity="22">
              <lines>
                <line number="13" hits="754" branch="False" />
                <line number="14" hits="754" branch="True" condition-coverage="100% (2/2)">
                  <conditions>
                    <condition number="22" type="jump" coverage="100%" />
                  </conditions>
                </line>
                <line number="15" hits="1" branch="False" />
                <line number="16" hits="1" branch="False" />
                <line number="19" hits="753" branch="False" />
                <line number="20" hits="753" branch="False" />
                <line number="22" hits="753" branch="False" />
                <line number="23" hits="753" branch="False" />
                <line number="24" hits="753" branch="False" />
                <line number="25" hits="753" branch="False" />
                <line number="26" hits="753" branch="False" />
                <line number="27" hits="753" branch="False" />
                <line number="29" hits="753" branch="False" />
                <line number="30" hits="753" branch="False" />
                <line number="32" hits="10552" branch="True" condition-coverage="100% (2/2)">
                  <conditions>
                    <condition number="547" type="jump" coverage="100%" />
                  </conditions>
                </line>
                <line number="33" hits="4523" branch="False" />
                <line number="34" hits="61834" branch="True" condition-coverage="100% (2/2)">
                  <conditions>
                    <condition number="523" type="jump" coverage="100%" />
                  </conditions>
                </line>
                <line number="35" hits="26394" branch="False" />
                <line number="36" hits="362514" branch="True" condition-coverage="100% (2/2)">
                  <conditions>
                    <condition number="498" type="jump" coverage="100%" />
                  </conditions>
                </line>
                <line number="37" hits="154863" branch="False" />
                <line number="38" hits="154863" branch="True" condition-coverage="100% (2/2)">
                  <conditions>
                    <condition number="342" type="jump" coverage="100%" />
                  </conditions>
                </line>
                <line number="39" hits="130082" branch="False" />
                <line number="40" hits="130082" branch="False" />
                <line number="43" hits="24781" branch="True" condition-coverage="100% (2/2)">
                  <conditions>
                    <condition number="373" type="jump" coverage="100%" />
                  </conditions>
                </line>
                <line number="44" hits="23550" branch="False" />
                <line number="45" hits="23550" branch="False" />
                <line number="48" hits="1231" branch="True" condition-coverage="100% (2/2)">
                  <conditions>
                    <condition number="394" type="jump" coverage="100%" />
                  </conditions>
                </line>
                <line number="49" hits="892" branch="False" />
                <line number="50" hits="892" branch="False" />
                <line number="51" hits="892" branch="False" />
                <line number="52" hits="892" branch="False" />
                <line number="53" hits="892" branch="False" />
                <line number="54" hits="339" branch="True" condition-coverage="100% (2/2)">
                  <conditions>
                    <condition number="455" type="jump" coverage="100%" />
                  </conditions>
                </line>
                <line number="55" hits="9" branch="False" />
                <line number="56" hits="9" branch="False" />
                <line number="57" hits="9" branch="False" />
                <line number="58" hits="1231" branch="False" />
                <line number="59" hits="26394" branch="False" />
                <line number="60" hits="4523" branch="False" />
                <line number="62" hits="753" branch="True" condition-coverage="100% (2/2)">
                  <conditions>
                    <condition number="566" type="jump" coverage="100%" />
                  </conditions>
                </line>
                <line number="63" hits="417" branch="False" />
                <line number="64" hits="417" branch="False" />
                <line number="67" hits="336" branch="False" />
                <line number="69" hits="336" branch="False" />
                <line number="70" hits="336" branch="True" condition-coverage="100% (2/2)">
                  <conditions>
                    <condition number="617" type="jump" coverage="100%" />
                  </conditions>
                </line>
                <line number="71" hits="332" branch="False" />
                <line number="72" hits="332" branch="False" />
                <line number="73" hits="332" branch="False" />
                <line number="74" hits="332" branch="False" />
                <line number="75" hits="332" branch="False" />
                <line number="76" hits="332" branch="False" />
                <line number="77" hits="332" branch="False" />
                <line number="79" hits="336" branch="True" condition-coverage="100% (2/2)">
                  <conditions>
                    <condition number="733" type="jump" coverage="100%" />
                  </conditions>
                </line>
                <line number="80" hits="1" branch="False" />
                <line number="81" hits="1" branch="False" />
                <line number="82" hits="1" branch="False" />
                <line number="84" hits="336" branch="False" />
                <line number="85" hits="336" branch="False" />
                <line number="86" hits="336" branch="False" />
                <line number="87" hits="336" branch="False" />
                <line number="88" hits="336" branch="False" />
                <line number="89" hits="336" branch="False" />
                <line number="90" hits="336" branch="False" />
                <line number="91" hits="754" branch="False" />
              </lines>
            </method>
            <method name="ResolveCandidate" signature="(System.Collections.Generic.IReadOnlyList`1&lt;System.ValueTuple`3&lt;System.Int32,System.Int32,System.Int32&gt;&gt;,System.Numerics.Vector3,System.Numerics.Vector3,System.Single,System.Single)" line-rate="1" branch-rate="1" complexity="16">
              <lines>
                <line number="99" hits="336" branch="False" />
                <line number="100" hits="336" branch="True" condition-coverage="100% (2/2)">
                  <conditions>
                    <condition number="14" type="jump" coverage="100%" />
                  </conditions>
                </line>
                <line number="101" hits="331" branch="False" />
                <line number="102" hits="331" branch="False" />
                <line number="105" hits="5" branch="False" />
                <line number="106" hits="5" branch="True" condition-coverage="100% (2/2)">
                  <conditions>
                    <condition number="60" type="jump" coverage="100%" />
                  </conditions>
                </line>
                <line number="107" hits="4" branch="False" />
                <line number="108" hits="4" branch="False" />
                <line number="109" hits="4" branch="False" />
                <line number="110" hits="4" branch="False" />
                <line number="111" hits="4" branch="False" />
                <line number="112" hits="4" branch="False" />
                <line number="114" hits="22" branch="True" condition-coverage="100% (2/2)">
                  <conditions>
                    <condition number="245" type="jump" coverage="100%" />
                  </conditions>
                </line>
                <line number="115" hits="8" branch="False" />
                <line number="116" hits="8" branch="True" condition-coverage="100% (6/6)">
                  <conditions>
                    <condition number="153" type="jump" coverage="100%" />
                    <condition number="175" type="jump" coverage="100%" />
                    <condition number="206" type="jump" coverage="100%" />
                  </conditions>
                </line>
                <line number="117" hits="8" branch="False" />
                <line number="118" hits="8" branch="False" />
                <line number="119" hits="1" branch="False" />
                <line number="120" hits="1" branch="False" />
                <line number="122" hits="7" branch="False" />
                <line number="123" hits="3" branch="False" />
                <line number="125" hits="4" branch="False" />
                <line number="126" hits="4" branch="False" />
                <line number="127" hits="4" branch="False" />
                <line number="129" hits="24" branch="True" condition-coverage="100% (2/2)">
                  <conditions>
                    <condition number="403" type="jump" coverage="100%" />
                  </conditions>
                </line>
                <line number="130" hits="8" branch="False" />
                <line number="131" hits="8" branch="False" />
                <line number="132" hits="8" branch="False" />
[...]
            <line number="696" hits="14" branch="True" condition-coverage="100% (2/2)">
              <conditions>
                <condition number="239" type="jump" coverage="100%" />
              </conditions>
            </line>
            <line number="697" hits="12" branch="False" />
            <line number="698" hits="12" branch="False" />
            <line number="700" hits="2" branch="False" />
            <line number="702" hits="1" branch="False" />
            <line number="703" hits="13" branch="False" />
            <line number="706" hits="12" branch="False" />
            <line number="707" hits="12" branch="False" />
            <line number="708" hits="12" branch="False" />
            <line number="709" hits="12" branch="False" />
            <line number="710" hits="12" branch="False" />
            <line number="712" hits="12" branch="True" condition-coverage="100% (6/6)">
              <conditions>
                <condition number="96" type="jump" coverage="100%" />
                <condition number="109" type="jump" coverage="100%" />
                <condition number="130" type="jump" coverage="100%" />
              </conditions>
            </line>
            <line number="713" hits="6" branch="False" />
            <line number="714" hits="6" branch="False" />
            <line number="715" hits="6" branch="False" />
            <line number="717" hits="12" branch="False" />
            <line number="718" hits="12" branch="False" />
            <line number="719" hits="12" branch="False" />
            <line number="722" hits="12" branch="False" />
            <line number="723" hits="12" branch="False" />
            <line number="724" hits="12" branch="False" />
            <line number="725" hits="12" branch="False" />
            <line number="726" hits="12" branch="False" />
            <line number="729" hits="2" branch="False" />
            <line number="730" hits="2" branch="False" />
            <line number="731" hits="2" branch="False" />
            <line number="732" hits="2" branch="False" />
            <line number="733" hits="2" branch="False" />
            <line number="734" hits="2" branch="False" />
            <line number="735" hits="2" branch="False" />
            <line number="736" hits="2" branch="False" />
            <line number="737" hits="2" branch="False" />
            <line number="738" hits="2" branch="False" />
            <line number="739" hits="2" branch="False" />
            <line number="740" hits="2" branch="False" />
            <line number="741" hits="2" branch="False" />
            <line number="744" hits="6" branch="False" />
            <line number="745" hits="6" branch="False" />
            <line number="746" hits="6" branch="False" />
            <line number="747" hits="6" branch="False" />
            <line number="748" hits="6" branch="False" />
            <line number="751" hits="2" branch="False" />
            <line number="752" hits="2" branch="False" />
            <line number="753" hits="2" branch="False" />
            <line number="756" hits="1" branch="False" />
            <line number="757" hits="1" branch="False" />
            <line number="758" hits="1" branch="False" />
            <line number="444" hits="316080" branch="False" />
            <line number="450" hits="258318" branch="False" />
            <line number="30" hits="1" branch="False" />
            <line number="31" hits="1" branch="False" />
            <line number="32" hits="1" branch="False" />
            <line number="21" hits="14" branch="False" />
            <line number="24" hits="14" branch="False" />
            <line number="25" hits="14" branch="False" />
            <line number="34" hits="14" branch="False" />
            <line number="35" hits="14" branch="False" />
            <line number="36" hits="14" branch="False" />
            <line number="37" hits="14" branch="False" />
            <line number="38" hits="14" branch="False" />
            <line number="39" hits="14" branch="False" />
            <line number="40" hits="14" branch="False" />
          </lines>
        </class>
        <class name="AIG.Game.Core.GameApp/AutoCaptureShot" filename="Core/GameApp.cs" line-rate="1" branch-rate="1" complexity="1">
          <methods>
            <method name="get_FileName" signature="()" line-rate="1" branch-rate="1" complexity="1">
              <lines>
                <line number="16" hits="22" branch="False" />
              </lines>
            </method>
          </methods>
          <lines>
            <line number="16" hits="22" branch="False" />
          </lines>
        </class>
        <class name="AIG.Game.Core.GraphicsSettings" filename="Core/GraphicsSettings.cs" line-rate="1" branch-rate="1" complexity="20">
          <methods>
            <method name="get_Quality" signature="()" line-rate="1" branch-rate="1" complexity="1">
              <lines>
                <line number="18" hits="114" branch="False" />
              </lines>
            </method>
            <method name="get_FogEnabled" signature="()" line-rate="1" branch-rate="1" complexity="1">
              <lines>
                <line number="19" hits="105400" branch="False" />
              </lines>
            </method>
            <method name="get_ReliefContoursEnabled" signature="()" line-rate="1" branch-rate="1" complexity="1">
              <lines>
                <line number="20" hits="52733" branch="False" />
              </lines>
            </method>
            <method name="get_RenderDistance" signature="()" line-rate="1" branch-rate="1" complexity="1">
              <lines>
                <line number="21" hits="57" branch="False" />
              </lines>
            </method>
            <method name="get_DrawBlockWires" signature="()" line-rate="1" branch-rate="1" complexity="1">
              <lines>
                <line number="22" hits="105389" branch="False" />
              </lines>
            </method>
            <method name="get_FogNear" signature="()" line-rate="1" branch-rate="1" complexity="1">
              <lines>
                <line number="23" hits="172237" branch="False" />
              </lines>
            </method>
            <method name="get_FogFar" signature="()" line-rate="1" branch-rate="1" complexity="1">
              <lines>
                <line number="24" hits="86131" branch="False" />
              </lines>
            </method>
            <method name="get_LightStrength" signature="()" line-rate="1" branch-rate="1" complexity="1">
              <lines>
                <line number="25" hits="105384" branch="False" />
              </lines>
            </method>
            <method name="get_Contrast" signature="()" line-rate="1" branch-rate="1" complexity="1">
              <lines>
                <line number="26" hits="105384" branch="False" />
              </lines>
            </method>
            <method name="CycleQuality" signature="()" line-rate="1" branch-rate="1" complexity="4">
              <lines>
                <line number="29" hits="6" branch="False" />
                <line number="30" hits="6" branch="True" condition-coverage="100% (4/4)">
                  <conditions>
                    <condition number="13" type="jump" coverage="100%" />
                    <condition number="19" type="jump" coverage="100%" />
                  </conditions>
                </line>
                <line number="31" hits="6" branch="False" />
                <line number="32" hits="2" branch="False" />
                <line number="33" hits="3" branch="False" />
                <line number="34" hits="1" branch="False" />
                <line number="35" hits="6" branch="False" />
                <line number="37" hits="6" branch="False" />
                <line number="38" hits="6" branch="False" />
              </lines>
            </method>
            <method name="ToggleFog" signature="()" line-rate="1" branch-rate="1" complexity="1">
              <lines>
                <line number="40" hits="3" branch="False" />
              </lines>
            </method>
            <method name="ToggleReliefContours" signature="()" line-rate="1" branch-rate="1" complexity="1">
              <lines>
                <line number="42" hits="2" branch="False" />
              </lines>
            </method>
            <method name="ApplyPreset" signature="(AIG.Game.Config.GraphicsQuality)" line-rate="1" branch-rate="1" complexity="4">
              <lines>
                <line number="45" hits="24" branch="False" />
                <line number="46" hits="24" branch="False" />
                <line number="47" hits="24" branch="True" condition-coverage="100% (4/4)">
                  <conditions>
                    <condition number="14" type="jump" coverage="100%" />
                    <condition number="20" type="jump" coverage="100%" />
                  </conditions>
                </line>
                <line number="50" hits="4" branch="False" />
                <line number="51" hits="4" branch="False" />
                <line number="52" hits="4" branch="False" />
                <line number="53" hits="4" branch="False" />
                <line number="54" hits="4" branch="False" />
                <line number="55" hits="4" branch="False" />
                <line number="56" hits="4" branch="False" />
                <line number="58" hits="15" branch="False" />
                <line number="59" hits="15" branch="False" />
                <line number="60" hits="15" branch="False" />
                <line number="61" hits="15" branch="False" />
                <line number="62" hits="15" branch="False" />
                <line number="63" hits="15" branch="False" />
                <line number="64" hits="15" branch="False" />
                <line number="66" hits="5" branch="False" />
                <line number="67" hits="5" branch="False" />
                <line number="68" hits="5" branch="False" />
                <line number="69" hits="5" branch="False" />
                <line number="70" hits="5" branch="False" />
                <line number="71" hits="5" branch="False" />
                <line number="72" hits="5" branch="False" />
                <line number="74" hits="24" branch="False" />
              </lines>
            </method>
            <method name=".ctor" signature="(AIG.Game.Config.GameConfig)" line-rate="1" branch-rate="1" complexity="1">
              <lines>
                <line number="9" hits="18" branch="False" />
                <line number="10" hits="18" branch="False" />
                <line number="11" hits="18" branch="False" />
                <line number="12" hits="18" branch="False" />
                <line number="13" hits="18" branch="False" />
                <line number="14" hits="18" branch="False" />
                <line number="15" hits="18" branch="False" />
                <line number="16" hits="18" branch="False" />
              </lines>
            </method>
          </methods>
          <lines>
            <line number="18" hits="114" branch="False" />
            <line number="19" hits="105400" branch="False" />
            <line number="20" hits="52733" branch="False" />
            <line number="21" hits="57" branch="False" />
            <line number="22" hits="105389" branch="False" />
            <line number="23" hits="172237" branch="False" />
            <line number="24" hits="86131" branch="False" />
            <line number="25" hits="105384" branch="False" />
            <line number="26" hits="105384" branch="False" />
            <line number="29" hits="6" branch="False" />
            <line number="30" hits="6" branch="True" condition-coverage="100% (4/4)">
              <conditions>
                <condition number="13" type="jump" coverage="100%" />
                <condition number="19" type="jump" coverage="100%" />
              </conditions>
            </line>
            <line number="31" hits="6" branch="False" />
            <line number="32" hits="2" branch="False" />
            <line number="33" hits="3" branch="False" />
            <line number="34" hits="1" branch="False" />
            <line number="35" hits="6" branch="False" />
            <line number="37" hits="6" branch="False" />
            <line number="38" hits="6" branch="False" />
            <line number="40" hits="3" branch="False" />
            <line number="42" hits="2" branch="False" />
            <line number="45" hits="24" branch="False" />
            <line number="46" hits="24" branch="False" />
            <line number="47" hits="24" branch="True" condition-coverage="100% (4/4)">
              <conditions>
                <condition number="14" type="jump" coverage="100%" />
                <condition number="20" type="jump" coverage="100%" />
              </conditions>
            </line>
            <line number="50" hits="4" branch="False" />
            <line number="51" hits="4" branch="False" />
            <line number="52" hits="4" branch="False" />
            <line number="53" hits="4" branch="False" />
            <line number="54" hits="4" branch="False" />
            <line number="55" hits="4" branch="False" />
            <line number="56" hits="4" branch="False" />
            <line number="58" hits="15" branch="False" />
            <line number="59" hits="15" branch="False" />
            <line number="60" hits="15" branch="False" />
            <line number="61" hits="15" branch="False" />
            <line number="62" hits="15" branch="False" />
            <line number="63" hits="15" branch="False" />
            <line number="64" hits="15" branch="False" />
            <line number="66" hits="5" branch="False" />
            <line number="67" hits="5" branch="False" />
            <line number="68" hits="5" branch="False" />
            <line number="69" hits="5" branch="False" />
            <line number="70" hits="5" branch="False" />
            <line number="71" hits="5" branch="False" />
            <line number="72" hits="5" branch="False" />
            <line number="74" hits="24" branch="False" />
            <line number="9" hits="18" branch="False" />
            <line number="10" hits="18" branch="False" />
            <line number="11" hits="18" branch="False" />
            <line number="12" hits="18" branch="False" />
            <line number="13" hits="18" branch="False" />
            <line number="14" hits="18" branch="False" />
            <line number="15" hits="18" branch="False" />
            <line number="16" hits="18" branch="False" />
          </lines>
        </class>
        <class name="AIG.Game.Config.GameConfig" filename="Config/GameConfig.cs" line-rate="1" branch-rate="1" complexity="17">
          <methods>
            <method name="get_WindowWidth" signature="()" line-rate="1" branch-rate="1" complexity="1">
              <lines>
                <line number="5" hits="45" branch="False" />
              </lines>
            </method>
            <method name="get_WindowHeight" signature="()" line-rate="1" branch-rate="1" complexity="1">
              <lines>
                <line number="6" hits="45" branch="False" />
              </lines>
            </method>
            <method name="get_Title" signature="()" line-rate="1" branch-rate="1" complexity="1">
              <lines>
                <line number="7" hits="45" branch="False" />
              </lines>
            </method>
            <method name="get_MouseSensitivity" signature="()" line-rate="1" branch-rate="1" complexity="1">
              <lines>
                <line number="8" hits="1207" branch="False" />
              </lines>
            </method>
            <method name="get_MoveSpeed" signature="()" line-rate="1" branch-rate="1" complexity="1">
              <lines>
                <line number="9" hits="667" branch="False" />
              </lines>
            </method>
            <method name="get_JumpSpeed" signature="()" line-rate="1" branch-rate="1" complexity="1">
              <lines>
                <line number="10" hits="34" branch="False" />
              </lines>
            </method>
            <method name="get_Gravity" signature="()" line-rate="1" branch-rate="1" complexity="1">
              <lines>
                <line number="11" hits="667" branch="False" />
              </lines>
            </method>
            <method name="get_TargetFps" signature="()" line-rate="1" branch-rate="1" complexity="1">
              <lines>
                <line number="12" hits="45" branch="False" />
              </lines>
            </method>
            <method name="get_FullscreenByDefault" signature="()" line-rate="1" branch-rate="1" complexity="1">
              <lines>
                <line number="13" hits="50" branch="False" />
              </lines>
            </method>
            <method name="get_InteractionDistance" signature="()" line-rate="1" branch-rate="1" complexity="1">
              <lines>
                <line number="14" hits="51" branch="False" />
              </lines>
            </method>
            <method name="get_WorldSeed" signature="()" line-rate="1" branch-rate="1" complexity="1">
              <lines>
                <line number="15" hits="36" branch="False" />
              </lines>
            </method>
            <method name="get_ChunkSize" signature="()" line-rate="1" branch-rate="1" complexity="1">
              <lines>
                <line number="16" hits="36" branch="False" />
              </lines>
            </method>
            <method name="get_RenderDistance" signature="()" line-rate="1" branch-rate="1" complexity="1">
              <lines>
                <line number="17" hits="35" branch="False" />
              </lines>
            </method>
            <method name="get_DrawBlockWires" signature="()" line-rate="1" branch-rate="1" complexity="1">
              <lines>
                <line number="18" hits="53" branch="False" />
              </lines>
            </method>
            <method name="get_GraphicsQuality" signature="()" line-rate="1" branch-rate="1" complexity="1">
              <lines>
                <line number="19" hits="56" branch="False" />
              </lines>
            </method>
            <method name="get_FogEnabled" signature="()" line-rate="1" branch-rate="1" complexity="1">
              <lines>
                <line number="20" hits="51" branch="False" />
              </lines>
            </method>
            <method name="get_ReliefContoursEnabled" signature="()" line-rate="1" branch-rate="1" complexity="1">
              <lines>
                <line number="21" hits="51" branch="False" />
              </lines>
            </method>
          </methods>
          <lines>
            <line number="5" hits="45" branch="False" />
            <line number="6" hits="45" branch="False" />
            <line number="7" hits="45" branch="False" />
            <line number="8" hits="1207" branch="False" />
            <line number="9" hits="667" branch="False" />
            <line number="10" hits="34" branch="False" />
            <line number="11" hits="667" branch="False" />
            <line number="12" hits="45" branch="False" />
            <line number="13" hits="50" branch="False" />
            <line number="14" hits="51" branch="False" />
            <line number="15" hits="36" branch="False" />
            <line number="16" hits="36" branch="False" />
            <line number="17" hits="35" branch="False" />
            <line number="18" hits="53" branch="False" />
            <line number="19" hits="56" branch="False" />
            <line number="20" hits="51" branch="False" />
            <line number="21" hits="51" branch="False" />
          </lines>
        </class>
      </classes>
    </package>
  </packages>
</coverage>