<?xml version="1.0" encoding="utf-8"?>
<coverage line-rate="1" branch-rate="1" version="1.9" timestamp="1772278212" lines-covered="1741" lines-valid="1741" branches-covered="582" branches-valid="582">
  <sources>
    <source>/home/rutasan/AIG/src/AIG.Game/</source>
  </sources>
  <packages>
    <package name="AIG.Game" line-rate="1" branch-rate="1" complexity="706">
      <classes>
        <class name="AIG.Game.Program" filename="Program.cs" line-rate="1" branch-rate="1" complexity="32">
          <methods>
            <method name="get_GameFactory" signature="()" line-rate="1" branch-rate="1" complexity="1">
              <lines>
                <line number="10" hits="11" branch="False" />
              </lines>
            </method>
            <method name="get_AutoCaptureFactory" signature="()" line-rate="1" branch-rate="1" complexity="1">
              <lines>
                <line number="11" hits="14" branch="False" />
              </lines>
            </method>
            <method name="get_AutoPerfFactory" signature="()" line-rate="1" branch-rate="1" complexity="1">
              <lines>
                <line number="12" hits="18" branch="False" />
              </lines>
            </method>
            <method name="get_AutoCaptureConfigFactory" signature="()" line-rate="1" branch-rate="1" complexity="1">
              <lines>
                <line number="13" hits="5" branch="False" />
              </lines>
            </method>
            <method name="get_AutoPerfConfigFactory" signature="()" line-rate="1" branch-rate="1" complexity="1">
              <lines>
                <line number="19" hits="5" branch="False" />
              </lines>
            </method>
            <method name="get_PlatformFactory" signature="()" line-rate="1" branch-rate="1" complexity="1">
              <lines>
                <line number="27" hits="9" branch="False" />
              </lines>
            </method>
            <method name="get_WorldFactory" signature="()" line-rate="1" branch-rate="1" complexity="1">
              <lines>
                <line number="28" hits="9" branch="False" />
              </lines>
            </method>
            <method name="Main" signature="(System.String[])" line-rate="1" branch-rate="1" complexity="4">
              <lines>
                <line number="32" hits="3" branch="False" />
                <line number="33" hits="3" branch="True" condition-coverage="100% (4/4)">
                  <conditions>
                    <condition number="7" type="jump" coverage="100%" />
                    <condition number="20" type="jump" coverage="100%" />
                  </conditions>
                </line>
                <line number="34" hits="2" branch="False" />
                <line number="35" hits="2" branch="False" />
                <line number="38" hits="1" branch="False" />
                <line number="39" hits="3" branch="False" />
              </lines>
            </method>
            <method name="TryRunAutoCapture" signature="(System.String[])" line-rate="1" branch-rate="1" complexity="6">
              <lines>
                <line number="42" hits="6" branch="False" />
                <line number="43" hits="6" branch="True" condition-coverage="100% (4/4)">
                  <conditions>
                    <condition number="3" type="jump" coverage="100%" />
                    <condition number="27" type="jump" coverage="100%" />
                  </conditions>
                </line>
                <line number="44" hits="3" branch="False" />
                <line number="45" hits="3" branch="False" />
                <line number="48" hits="3" branch="True" condition-coverage="100% (2/2)">
                  <conditions>
                    <condition number="38" type="jump" coverage="100%" />
                  </conditions>
                </line>
                <line number="49" hits="3" branch="False" />
                <line number="50" hits="3" branch="False" />
                <line number="52" hits="3" branch="False" />
                <line number="53" hits="3" branch="False" />
                <line number="54" hits="6" branch="False" />
              </lines>
            </method>
            <method name="TryRunAutoPerf" signature="(System.String[])" line-rate="1" branch-rate="1" complexity="6">
              <lines>
                <line number="57" hits="6" branch="False" />
                <line number="58" hits="6" branch="True" condition-coverage="100% (4/4)">
                  <conditions>
                    <condition number="3" type="jump" coverage="100%" />
                    <condition number="27" type="jump" coverage="100%" />
                  </conditions>
                </line>
                <line number="59" hits="2" branch="False" />
                <line number="60" hits="2" branch="False" />
                <line number="63" hits="4" branch="True" condition-coverage="100% (2/2)">
                  <conditions>
                    <condition number="39" type="jump" coverage="100%" />
                  </conditions>
                </line>
                <line number="64" hits="4" branch="False" />
                <line number="65" hits="4" branch="False" />
                <line number="67" hits="4" branch="False" />
                <line number="68" hits="4" branch="False" />
                <line number="70" hits="4" branch="False" />
                <line number="71" hits="4" branch="False" />
                <line number="72" hits="6" branch="False" />
              </lines>
            </method>
            <method name="ParseDuration" signature="(System.String[])" line-rate="1" branch-rate="1" complexity="4">
              <lines>
                <line number="75" hits="4" branch="False" />
                <line number="76" hits="4" branch="True" condition-coverage="100% (4/4)">
                  <conditions>
                    <condition number="5" type="jump" coverage="100%" />
                    <condition number="35" type="jump" coverage="100%" />
                  </conditions>
                </line>
                <line number="77" hits="4" branch="False" />
                <line number="78" hits="1" branch="False" />
                <line number="79" hits="1" branch="False" />
                <line number="82" hits="3" branch="False" />
                <line number="83" hits="4" branch="False" />
              </lines>
            </method>
            <method name="ParseMinFps" signature="(System.String[])" line-rate="1" branch-rate="1" complexity="4">
              <lines>
                <line number="86" hits="4" branch="False" />
                <line number="87" hits="4" branch="True" condition-coverage="100% (4/4)">
                  <conditions>
                    <condition number="5" type="jump" coverage="100%" />
                    <condition number="25" type="jump" coverage="100%" />
                  </conditions>
                </line>
                <line number="88" hits="1" branch="False" />
                <line number="89" hits="1" branch="False" />
                <line number="92" hits="3" branch="False" />
                <line number="93" hits="4" branch="False" />
              </lines>
            </method>
            <method name=".cctor" signature="()" line-rate="1" branch-rate="1" complexity="1">
              <lines>
                <line number="14" hits="1" branch="False" />
                <line number="15" hits="1" branch="False" />
                <line number="16" hits="1" branch="False" />
                <line number="17" hits="1" branch="False" />
                <line number="18" hits="1" branch="False" />
                <line number="20" hits="1" branch="False" />
                <line number="21" hits="1" branch="False" />
                <line number="22" hits="1" branch="False" />
                <line number="23" hits="1" branch="False" />
                <line number="24" hits="1" branch="False" />
                <line number="25" hits="1" branch="False" />
                <line number="26" hits="1" branch="False" />
                <line number="29" hits="1" branch="False" />
              </lines>
            </method>
          </methods>
          <lines>
            <line number="10" hits="11" branch="False" />
            <line number="11" hits="14" branch="False" />
            <line number="12" hits="18" branch="False" />
            <line number="13" hits="5" branch="False" />
            <line number="19" hits="5" branch="False" />
            <line number="27" hits="9" branch="False" />
            <line number="28" hits="9" branch="False" />
            <line number="32" hits="3" branch="False" />
            <line number="33" hits="3" branch="True" condition-coverage="100% (4/4)">
              <conditions>
                <condition number="7" type="jump" coverage="100%" />
                <condition number="20" type="jump" coverage="100%" />
              </conditions>
            </line>
            <line number="34" hits="2" branch="False" />
            <line number="35" hits="2" branch="False" />
            <line number="38" hits="1" branch="False" />
            <line number="39" hits="3" branch="False" />
            <line number="42" hits="6" branch="False" />
            <line number="43" hits="6" branch="True" condition-coverage="100% (4/4)">
              <conditions>
                <condition number="3" type="jump" coverage="100%" />
                <condition number="27" type="jump" coverage="100%" />
              </conditions>
            </line>
            <line number="44" hits="3" branch="False" />
            <line number="45" hits="3" branch="False" />
            <line number="48" hits="3" branch="True" condition-coverage="100% (2/2)">
              <conditions>
                <condition number="38" type="jump" coverage="100%" />
              </conditions>
            </line>
            <line number="49" hits="3" branch="False" />
            <line number="50" hits="3" branch="False" />
            <line number="52" hits="3" branch="False" />
            <line number="53" hits="3" branch="False" />
            <line number="54" hits="6" branch="False" />
            <line number="57" hits="6" branch="False" />
            <line number="58" hits="6" branch="True" condition-coverage="100% (4/4)">
              <conditions>
                <condition number="3" type="jump" coverage="100%" />
                <condition number="27" type="jump" coverage="100%" />
              </conditions>
            </line>
            <line number="59" hits="2" branch="False" />
            <line number="60" hits="2" branch="False" />
            <line number="63" hits="4" branch="True" condition-coverage="100% (2/2)">
              <conditions>
                <condition number="39" type="jump" coverage="100%" />
              </conditions>
            </line>
            <line number="64" hits="4" branch="False" />
            <line number="65" hits="4" branch="False" />
            <line number="67" hits="4" branch="False" />
            <line number="68" hits="4" branch="False" />
            <line number="70" hits="4" branch="False" />
            <line number="71" hits="4" branch="False" />
            <line number="72" hits="6" branch="False" />
            <line number="75" hits="4" branch="False" />
            <line number="76" hits="4" branch="True" condition-coverage="100% (4/4)">
              <conditions>
                <condition number="5" type="jump" coverage="100%" />
                <condition number="35" type="jump" coverage="100%" />
              </conditions>
            </line>
            <line number="77" hits="4" branch="False" />
            <line number="78" hits="1" branch="False" />
            <line number="79" hits="1" branch="False" />
            <line number="82" hits="3" branch="False" />
            <line number="83" hits="4" branch="False" />
            <line number="86" hits="4" branch="False" />
            <line number="87" hits="4" branch="True" condition-coverage="100% (4/4)">
              <conditions>
                <condition number="5" type="jump" coverage="100%" />
                <condition number="25" type="jump" coverage="100%" />
              </conditions>
            </line>
            <line number="88" hits="1" branch="False" />
            <line number="89" hits="1" branch="False" />
            <line number="92" hits="3" branch="False" />
            <line number="93" hits="4" branch="False" />
            <line number="14" hits="1" branch="False" />
            <line number="15" hits="1" branch="False" />
            <line number="16" hits="1" branch="False" />
            <line number="17" hits="1" branch="False" />
            <line number="18" hits="1" branch="False" />
            <line number="20" hits="1" branch="False" />
            <line number="21" hits="1" branch="False" />
            <line number="22" hits="1" branch="False" />
            <line number="23" hits="1" branch="False" />
            <line number="24" hits="1" branch="False" />
            <line number="25" hits="1" branch="False" />
            <line number="26" hits="1" branch="False" />
            <line number="29" hits="1" branch="False" />
          </lines>
        </class>
        <class name="AIG.Game.Program/AutoCaptureRunner" filename="Program.cs" line-rate="1" branch-rate="1" complexity="2">
          <methods>
            <method name="Run" signature="()" line-rate="1" branch-rate="1" complexity="1">
              <lines>
                <line number="98" hits="1" branch="False" />
                <line number="99" hits="1" branch="False" />
                <line number="100" hits="1" branch="False" />
                <line number="101" hits="1" branch="False" />
                <line number="102" hits="1" branch="False" />
                <line number="103" hits="1" branch="False" />
              </lines>
            </method>
            <method name=".ctor" signature="(System.String)" line-rate="1" branch-rate="1" complexity="1">
              <lines>
                <line number="95" hits="1" branch="False" />
              </lines>
            </method>
          </methods>
          <lines>
            <line number="98" hits="1" branch="False" />
            <line number="99" hits="1" branch="False" />
            <line number="100" hits="1" branch="False" />
            <line number="101" hits="1" branch="False" />
            <line number="102" hits="1" branch="False" />
            <line number="103" hits="1" branch="False" />
            <line number="95" hits="1" branch="False" />
          </lines>
        </class>
        <class name="AIG.Game.Program/AutoPerfRunner" filename="Program.cs" line-rate="1" branch-rate="1" complexity="2">
          <methods>
            <method name="Run" signature="()" line-rate="1" branch-rate="1" complexity="1">
              <lines>
                <line number="109" hits="1" branch="False" />
                <line number="110" hits="1" branch="False" />
                <line number="111" hits="1" branch="False" />
                <line number="112" hits="1" branch="False" />
                <line number="113" hits="1" branch="False" />
                <line number="114" hits="1" branch="False" />
              </lines>
            </method>
            <method name=".ctor" signature="(System.String,System.Single,System.Int32)" line-rate="1" branch-rate="1" complexity="1">
              <lines>
                <line number="106" hits="1" branch="False" />
              </lines>
            </method>
          </methods>
          <lines>
            <line number="109" hits="1" branch="False" />
            <line number="110" hits="1" branch="False" />
            <line number="111" hits="1" branch="False" />
            <line number="112" hits="1" branch="False" />
            <line number="113" hits="1" branch="False" />
            <line number="114" hits="1" branch="False" />
            <line number="106" hits="1" branch="False" />
          </lines>
        </class>
        <class name="AIG.Game.World.WorldMap" filename="World/WorldMap.cs" line-rate="1" branch-rate="1" complexity="147">
          <methods>
            <method name="get_Width" signature="()" line-rate="1" branch-rate="1" complexity="1">
              <lines>
                <line number="24" hits="3901634" branch="False" />
              </lines>
            </method>
            <method name="get_Height" signature="()" line-rate="1" branch-rate="1" complexity="1">
              <lines>
                <line number="25" hits="4782814" branch="False" />
              </lines>
            </method>
            <method name="get_Depth" signature="()" line-rate="1" branch-rate="1" complexity="1">
              <lines>
                <line number="26" hits="3884336" branch="False" />
              </lines>
            </method>
            <method name="get_ChunkSize" signature="()" line-rate="1" branch-rate="1" complexity="1">
              <lines>
                <line number="27" hits="14578800" branch="False" />
              </lines>
            </method>
            <method name="get_Seed" signature="()" line-rate="1" branch-rate="1" complexity="1">
              <lines>
                <line number="28" hits="3854559" branch="False" />
              </lines>
            </method>
            <method name="get_LoadedChunkCount" signature="()" line-rate="1" branch-rate="1" complexity="1">
              <lines>
                <line number="29" hits="8" branch="False" />
              </lines>
            </method>
            <method name="GetBlock" signature="(System.Int32,System.Int32,System.Int32)" line-rate="1" branch-rate="1" complexity="2">
              <lines>
                <line number="32" hits="3636516" branch="False" />
                <line number="33" hits="3636516" branch="True" condition-coverage="100% (2/2)">
                  <conditions>
                    <condition number="15" type="jump" coverage="100%" />
                  </conditions>
                </line>
                <line number="34" hits="19004" branch="False" />
                <line number="35" hits="19004" branch="False" />
                <line number="38" hits="3617512" branch="False" />
                <line number="39" hits="3617512" branch="False" />
                <line number="40" hits="3636516" branch="False" />
              </lines>
            </method>
            <method name="SetBlock" signature="(System.Int32,System.Int32,System.Int32,AIG.Game.World.BlockType)" line-rate="1" branch-rate="1" complexity="2">
              <lines>
                <line number="43" hits="186" branch="False" />
                <line number="44" hits="186" branch="True" condition-coverage="100% (2/2)">
                  <conditions>
                    <condition number="15" type="jump" coverage="100%" />
                  </conditions>
                </line>
                <line number="45" hits="6" branch="False" />
                <line number="46" hits="6" branch="False" />
                <line number="49" hits="180" branch="False" />
                <line number="50" hits="180" branch="False" />
                <line number="51" hits="180" branch="False" />
                <line number="52" hits="186" branch="False" />
              </lines>
            </method>
            <method name="IsSolid" signature="(System.Int32,System.Int32,System.Int32)" line-rate="1" branch-rate="1" complexity="1">
              <lines>
                <line number="55" hits="2254582" branch="False" />
                <line number="56" hits="2254582" branch="False" />
                <line number="57" hits="2254582" branch="False" />
              </lines>
            </method>
            <method name="IsSolidAt" signature="(System.Numerics.Vector3)" line-rate="1" branch-rate="1" complexity="1">
              <lines>
                <line number="60" hits="1633" branch="False" />
                <line number="61" hits="1633" branch="False" />
                <line number="62" hits="1633" branch="False" />
                <line number="63" hits="1633" branch="False" />
                <line number="64" hits="1633" branch="False" />
                <line number="65" hits="1633" branch="False" />
              </lines>
            </method>
            <method name="IsInside" signature="(System.Int32,System.Int32,System.Int32)" line-rate="1" branch-rate="1" complexity="10">
              <lines>
                <line number="68" hits="3667807" branch="False" />
                <line number="69" hits="3667807" branch="True" condition-coverage="100% (10/10)">
                  <conditions>
                    <condition number="3" type="jump" coverage="100%" />
                    <condition number="12" type="jump" coverage="100%" />
                    <condition number="16" type="jump" coverage="100%" />
                    <condition number="25" type="jump" coverage="100%" />
                    <condition number="29" type="jump" coverage="100%" />
                  </conditions>
                </line>
                <line number="70" hits="3667807" branch="False" />
              </lines>
            </method>
            <method name="GetTerrainTopY" signature="(System.Int32,System.Int32)" line-rate="1" branch-rate="1" complexity="4">
              <lines>
                <line number="73" hits="70776" branch="False" />
                <line number="74" hits="70776" branch="True" condition-coverage="100% (2/2)">
                  <conditions>
                    <condition number="14" type="jump" coverage="100%" />
                  </conditions>
                </line>
                <line number="75" hits="2" branch="False" />
                <line number="76" hits="2" branch="False" />
                <line number="79" hits="70774" branch="True" condition-coverage="100% (2/2)">
                  <conditions>
                    <condition number="32" type="jump" coverage="100%" />
                  </conditions>
                </line>
                <line number="80" hits="12499" branch="False" />
                <line number="81" hits="12499" branch="False" />
                <line number="84" hits="58275" branch="False" />
                <line number="85" hits="70776" branch="False" />
              </lines>
            </method>
            <method name="EnsureChunksAround" signature="(System.Numerics.Vector3,System.Int32)" line-rate="1" branch-rate="1" complexity="1">
              <lines>
                <line number="88" hits="33" branch="False" />
                <line number="89" hits="33" branch="False" />
                <line number="90" hits="33" branch="False" />
                <line number="91" hits="33" branch="False" />
                <line number="92" hits="33" branch="False" />
              </lines>
            </method>
            <method name="EnsureChunksAround" signature="(System.Int32,System.Int32,System.Int32)" line-rate="1" branch-rate="1" complexity="8">
              <lines>
                <line number="95" hits="35" branch="False" />
                <line number="96" hits="35" branch="True" condition-coverage="100% (4/4)">
                  <conditions>
                    <condition number="7" type="jump" coverage="100%" />
                    <condition number="25" type="jump" coverage="100%" />
                  </conditions>
                </line>
                <line number="97" hits="1" branch="False" />
                <line number="98" hits="1" branch="False" />
                <line number="101" hits="34" branch="False" />
                <line number="102" hits="34" branch="False" />
                <line number="103" hits="34" branch="False" />
                <line number="104" hits="34" branch="False" />
                <line number="105" hits="34" branch="False" />
                <line number="107" hits="34" branch="False" />
                <line number="108" hits="34" branch="False" />
                <line number="109" hits="34" branch="False" />
                <line number="110" hits="34" branch="False" />
                <line number="112" hits="286" branch="True" condition-coverage="100% (2/2)">
                  <conditions>
                    <condition number="221" type="jump" coverage="100%" />
                  </conditions>
                </line>
                <line number="113" hits="109" branch="False" />
                <line number="114" hits="1072" branch="True" condition-coverage="100% (2/2)">
                  <conditions>
                    <condition number="199" type="jump" coverage="100%" />
                  </conditions>
                </line>
                <line number="115" hits="427" branch="False" />
                <line number="116" hits="427" branch="False" />
                <line number="117" hits="427" branch="False" />
                <line number="118" hits="109" branch="False" />
                <line number="119" hits="35" branch="False" />
              </lines>
            </method>
            <method name="UnloadFarChunks" signature="(System.Numerics.Vector3,System.Int32)" line-rate="1" branch-rate="1" complexity="10">
              <lines>
                <line number="122" hits="35" branch="False" />
                <line number="123" hits="35" branch="True" condition-coverage="100% (2/2)">
                  <conditions>
                    <condition number="19" type="jump" coverage="100%" />
                  </conditions>
                </line>
                <line number="124" hits="1" branch="False" />
                <line number="125" hits="1" branch="False" />
                <line number="128" hits="34" branch="True" condition-coverage="100% (2/2)">
                  <conditions>
                    <condition number="35" type="jump" coverage="100%" />
                  </conditions>
                </line>
                <line number="129" hits="2" branch="False" />
                <line number="130" hits="2" branch="False" />
                <line number="131" hits="2" branch="False" />
                <line number="134" hits="32" branch="False" />
                <line number="135" hits="32" branch="False" />
                <line number="136" hits="32" branch="False" />
                <line number="137" hits="32" branch="False" />
                <line number="138" hits="32" branch="False" />
                <line number="139" hits="32" branch="False" />
                <line number="141" hits="32" branch="False" />
                <line number="142" hits="898" branch="True" condition-coverage="100% (2/2)">
                  <conditions>
                    <condition number="242" type="jump" coverage="100%" />
                  </conditions>
                </line>
                <line number="143" hits="401" branch="False" />
                <line number="144" hits="401" branch="True" condition-coverage="100% (4/4)">
                  <conditions>
                    <condition number="189" type="jump" coverage="100%" />
                    <condition number="216" type="jump" coverage="100%" />
                  </conditions>
                </line>
                <line number="145" hits="401" branch="False" />
                <line number="146" hits="8" branch="False" />
                <line number="147" hits="8" branch="False" />
                <line number="148" hits="8" branch="False" />
                <line number="149" hits="401" branch="False" />
                <line number="150" hits="35" branch="False" />
              </lines>
            </method>
            <method name="IsChunkLoaded" signature="(System.Int32,System.Int32)" line-rate="1" branch-rate="1" complexity="1">
              <lines>
                <line number="153" hits="2" branch="False" />
                <line number="154" hits="2" branch="False" />
                <line number="155" hits="2" branch="False" />
              </lines>
            </method>
            <method name="IsInsideXZ" signature="(System.Int32,System.Int32)" line-rate="1" branch-rate="1" complexity="6">
              <lines>
                <line number="158" hits="140664" branch="False" />
                <line number="159" hits="140664" branch="True" condition-coverage="100% (6/6)">
                  <conditions>
                    <condition number="3" type="jump" coverage="100%" />
                    <condition number="12" type="jump" coverage="100%" />
                    <condition number="16" type="jump" coverage="100%" />
                  </conditions>
                </line>
                <line number="160" hits="140664" branch="False" />
              </lines>
            </method>
            <method name="GetOrCreateChunk" signature="(System.Int32,System.Int32)" line-rate="1" branch-rate="1" complexity="2">
              <lines>
                <line number="163" hits="3618119" branch="False" />
                <line number="164" hits="3618119" branch="True" condition-coverage="100% (2/2)">
                  <conditions>
                    <condition number="23" type="jump" coverage="100%" />
                  </conditions>
                </line>
                <line number="165" hits="3617789" branch="False" />
                <line number="166" hits="3617789" branch="False" />
                <line number="169" hits="330" branch="False" />
                <line number="170" hits="330" branch="False" />
                <line number="171" hits="330" branch="False" />
                <line number="172" hits="3618119" branch="False" />
              </lines>
            </method>
            <method name="GenerateChunk" signature="(System.Int32,System.Int32)" line-rate="1" branch-rate="1" complexity="1">
              <lines>
                <line number="175" hits="330" branch="False" />
                <line number="176" hits="330" branch="False" />
                <line number="177" hits="330" branch="False" />
                <line number="178" hits="330" branch="False" />
                <line number="179" hits="330" branch="False" />
                <line number="180" hits="330" branch="False" />
                <line number="181" hits="330" branch="False" />
              </lines>
            </method>
            <method name="GenerateTerrainColumns" signature="(AIG.Game.World.Chunks.Chunk,System.Int32,System.Int32)" line-rate="1" branch-rate="1" complexity="14">
              <lines>
                <line number="184" hits="330" branch="False" />
                <line number="185" hits="10004" branch="True" condition-coverage="100% (2/2)">
                  <conditions>
                    <condition number="196" type="jump" coverage="100%" />
                  </conditions>
                </line>
                <line number="186" hits="4672" branch="False" />
                <line number="187" hits="149120" branch="True" condition-coverage="100% (2/2)">
                  <conditions>
                    <condition number="173" type="jump" coverage="100%" />
                  </conditions>
                </line>
                <line number="188" hits="69888" branch="False" />
                <line number="189" hits="69888" branch="False" />
                <line number="190" hits="69888" branch="False" />
                <line number="191" hits="69888" branch="True" condition-coverage="100% (2/2)">
                  <conditions>
                    <condition number="54" type="jump" coverage="100%" />
                  </conditions>
                </line>
                <line number="192" hits="2550" branch="False" />
                <line number="193" hits="2550" branch="False" />
                <line number="196" hits="67338" branch="False" />
                <line number="197" hits="67338" branch="True" condition-coverage="100% (2/2)">
                  <conditions>
                    <condition number="75" type="jump" coverage="100%" />
                  </conditions>
                </line>
                <line number="198" hits="2003442" branch="True" condition-coverage="100% (4/4)">
                  <conditions>
                    <condition number="153" type="jump" coverage="100%" />
                    <condition number="134" type="jump" coverage="100%" />
                  </conditions>
                </line>
                <line number="199" hits="934383" branch="False" />
                <line number="200" hits="934383" branch="True" condition-coverage="100% (2/2)">
                  <conditions>
                    <condition number="102" type="jump" coverage="100%" />
                  </conditions>
                </line>
                <line number="201" hits="934383" branch="False" />
                <line number="202" hits="934383" branch="False" />
                <line number="203" hits="67338" branch="False" />
                <line number="204" hits="4672" branch="False" />
                <line number="205" hits="330" branch="False" />
              </lines>
            </method>
            <method name="GenerateTrees" signature="(AIG.Game.World.Chunks.Chunk,System.Int32,System.Int32)" line-rate="1" branch-rate="1" complexity="10">
              <lines>
                <line number="208" hits="330" branch="False" />
                <line number="209" hits="330" branch="True" condition-coverage="100% (2/2)">
                  <conditions>
                    <condition number="14" type="jump" coverage="100%" />
                  </conditions>
                </line>
                <line number="210" hits="109" branch="False" />
                <line number="211" hits="109" branch="False" />
                <line number="215" hits="221" branch="False" />
                <line number="216" hits="221" branch="False" />
                <line number="217" hits="221" branch="False" />
                <line number="218" hits="221" branch="False" />
                <line number="220" hits="221" branch="False" />
                <line number="221" hits="221" branch="False" />
                <line number="222" hits="221" branch="False" />
                <line number="223" hits="221" branch="False" />
                <line number="225" hits="9626" branch="True" condition-coverage="100% (2/2)">
                  <conditions>
                    <condition number="278" type="jump" coverage="100%" />
                  </conditions>
                </line>
                <line number="226" hits="4592" branch="False" />
                <line number="227" hits="201356" branch="True" condition-coverage="100% (2/2)">
                  <conditions>
                    <condition number="256" type="jump" coverage="100%" />
                  </conditions>
                </line>
                <line number="228" hits="96086" branch="False" />
                <line number="229" hits="96086" branch="True" condition-coverage="100% (2/2)">
                  <conditions>
                    <condition number="177" type="jump" coverage="100%" />
                  </conditions>
                </line>
                <line number="230" hits="95233" branch="False" />
                <line number="231" hits="95233" branch="False" />
                <line number="234" hits="853" branch="False" />
                <line number="235" hits="853" branch="True" condition-coverage="100% (2/2)">
                  <conditions>
                    <condition number="213" type="jump" coverage="100%" />
                  </conditions>
                </line>
                <line number="236" hits="136" branch="False" />
                <line number="237" hits="136" branch="False" />
                <line number="240" hits="717" branch="False" />
                <line number="241" hits="717" branch="False" />
                <line number="242" hits="4592" branch="False" />
                <line number="243" hits="330" branch="False" />
              </lines>
            </method>
            <method name="ShouldPlaceTree" signature="(System.Int32,System.Int32)" line-rate="1" branch-rate="1" complexity="12">
              <lines>
                <line number="246" hits="96086" branch="False" />
                <line number="247" hits="96086" branch="True" condition-coverage="100% (8/8)">
                  <conditions>
                    <condition number="3" type="jump" coverage="100%" />
                    <condition number="7" type="jump" coverage="100%" />
                    <condition number="18" type="jump" coverage="100%" />
                    <condition number="41" type="jump" coverage="100%" />
                  </conditions>
                </line>
                <line number="248" hits="5224" branch="False" />
                <line number="249" hits="5224" branch="False" />
                <line number="252" hits="90862" branch="False" />
                <line number="253" hits="90862" branch="True" condition-coverage="100% (2/2)">
                  <conditions>
                    <condition number="126" type="jump" coverage="100%" />
                  </conditions>
                </line>
                <line number="254" hits="52715" branch="False" />
                <line number="255" hits="52715" branch="False" />
                <line number="258" hits="38147" branch="False" />
                <line number="259" hits="38147" branch="True" condition-coverage="100% (2/2)">
                  <conditions>
                    <condition number="200" type="jump" coverage="100%" />
                  </conditions>
                </line>
                <line number="260" hits="37294" branch="False" />
                <line number="261" hits="37294" branch="False" />
                <line number="264" hits="853" branch="False" />
                <line number="265" hits="853" branch="False" />
                <line number="266" hits="853" branch="False" />
                <line number="267" hits="853" branch="False" />
                <line number="268" hits="853" branch="False" />
                <line number="269" hits="96086" branch="False" />
              </lines>
            </method>
            <method name="PlaceTreeIntoChunk" signature="(AIG.Game.World.Chunks.Chunk,System.Int32,System.Int32,System.Int32,System.Int32,System.Int32)" line-rate="1" branch-rate="1" complexity="18">
              <lines>
                <line number="272" hits="717" branch="False" />
                <line number="273" hits="717" branch="False" />
                <line number="274" hits="717" branch="False" />
                <line number="276" hits="8628" branch="True" condition-coverage="100% (2/2)">
                  <conditions>
                    <condition number="76" type="jump" coverage="100%" />
                  </conditions>
                </line>
                <line number="277" hits="3597" branch="False" />
                <line number="278" hits="3597" branch="False" />
                <line number="279" hits="3597" branch="False" />
                <line number="281" hits="5736" branch="True" condition-coverage="100% (2/2)">
                  <conditions>
                    <condition number="293" type="jump" coverage="100%" />
                  </conditions>
                </line>
                <line number="282" hits="2151" branch="False" />
                <line number="283" hits="2151" branch="False" />
                <line number="284" hits="2151" branch="True" condition-coverage="100% (2/2)">
                  <conditions>
                    <condition number="102" type="jump" coverage="100%" />
                  </conditions>
                </line>
                <line number="285" hits="20076" branch="True" condition-coverage="100% (2/2)">
                  <conditions>
                    <condition number="267" type="jump" coverage="100%" />
                  </conditions>
                </line>
                <line number="286" hits="7887" branch="False" />
                <line number="287" hits="77436" branch="True" condition-coverage="100% (2/2)">
                  <conditions>
                    <condition number="242" type="jump" coverage="100%" />
                  </conditions>
                </line>
                <line number="288" hits="30831" branch="False" />
                <line number="289" hits="30831" branch="True" condition-coverage="100% (2/2)">
                  <conditions>
                    <condition number="164" type="jump" coverage="100%" />
                  </conditions>
                </line>
                <line number="290" hits="2868" branch="False" />
                <line number="291" hits="2868" branch="False" />
                <line number="294" hits="27963" branch="True" condition-coverage="100% (6/6)">
                  <conditions>
                    <condition number="173" type="jump" coverage="100%" />
                    <condition number="179" type="jump" coverage="100%" />
                    <condition number="196" type="jump" coverage="100%" />
                  </conditions>
                </line>
                <line number="295" hits="1434" branch="False" />
                <line number="296" hits="1434" branch="False" />
                <line number="299" hits="26529" branch="False" />
                <line number="300" hits="26529" branch="False" />
                <line number="301" hits="7887" branch="False" />
                <line number="302" hits="2151" branch="False" />
                <line number="304" hits="717" branch="False" />
                <line number="305" hits="717" branch="False" />
              </lines>
            </method>
            <method name="Hash" signature="(System.Int32,System.Int32,System.Int32)" line-rate="1" branch-rate="1" complexity="1">
              <lines>
                <line number="308" hits="3341549" branch="False" />
                <line number="310" hits="3341549" branch="False" />
                <line number="311" hits="3341549" branch="False" />
                <line number="312" hits="3341549" branch="False" />
                <line number="313" hits="3341549" branch="False" />
                <line number="314" hits="3341549" branch="False" />
                <line number="315" hits="3341549" branch="False" />
                <line number="316" hits="3341549" branch="False" />
                <line number="317" hits="3341549" branch="False" />
                <line number="319" hits="3341549" branch="False" />
              </lines>
            </method>
            <method name="CalculateTerrainTopY" signature="(System.Int32,System.Int32)" line-rate="1" branch-rate="1" complexity="1">
              <lines>
                <line number="322" hits="58275" branch="False" />
                <line number="323" hits="58275" branch="False" />
                <line number="324" hits="58275" branch="False" />
                <line number="326" hits="58275" branch="False" />
                <line number="327" hits="58275" branch="False" />
                <line number="328" hits="58275" branch="False" />
                <line number="329" hits="58275" branch="False" />
                <line number="331" hits="58275" branch="False" />
                <line number="332" hits="58275" branch="False" />
                <line number="333" hits="58275" branch="False" />
                <line number="335" hits="58275" branch="False" />
                <line number="336" hits="58275" branch="False" />
                <line number="337" hits="58275" branch="False" />
              </lines>
            </method>
            <method name="FractalNoise" signature="(System.Single,System.Single,System.Int32,System.Single,System.Single)" line-rate="1" branch-rate="1" complexity="4">
              <lines>
                <line number="340" hits="265688" branch="False" />
                <line number="341" hits="265688" branch="False" />
                <line number="342" hits="265688" branch="False" />
                <line number="343" hits="265688" branch="False" />
                <line number="344" hits="265688" branch="False" />
                <line number="346" hits="2125498" branch="True" condition-coverage="100% (2/2)">
                  <conditions>
                    <condition number="78" type="jump" coverage="100%" />
                  </conditions>
                </line>
                <line number="347" hits="797061" branch="False" />
                <line number="348" hits="797061" branch="False" />
                <line number="349" hits="797061" branch="False" />
                <line number="350" hits="797061" branch="False" />
                <line number="351" hits="797061" branch="False" />
                <line number="352" hits="797061" branch="False" />
                <line number="354" hits="265688" branch="True" condition-coverage="100% (2/2)">
                  <conditions>
                    <condition number="86" type="jump" coverage="100%" />
                  </conditions>
                </line>
                <line number="355" hits="265688" branch="False" />
              </lines>
            </method>
            <method name="ValueNoise" signature="(System.Single,System.Single)" line-rate="1" branch-rate="1" complexity="1">
              <lines>
                <line number="358" hits="835208" branch="False" />
                <line number="359" hits="835208" branch="False" />
                <line number="360" hits="835208" branch="False" />
                <line number="361" hits="835208" branch="False" />
                <line number="362" hits="835208" branch="False" />
                <line number="364" hits="835208" branch="False" />
                <line number="365" hits="835208" branch="False" />
                <line number="367" hits="835208" branch="False" />
                <line number="368" hits="835208" branch="False" />
                <line number="369" hits="835208" branch="False" />
                <line number="370" hits="835208" branch="False" />
                <line number="372" hits="835208" branch="False" />
                <line number="373" hits="835208" branch="False" />
                <line number="375" hits="835208" branch="False" />
                <line number="376" hits="835208" branch="False" />
                <line number="377" hits="835208" branch="False" />
                <line number="378" hits="835208" branch="False" />
              </lines>
            </method>
            <method name="HashToUnit" signature="(System.Int32,System.Int32)" line-rate="1" branch-rate="1" complexity="1">
              <lines>
                <line number="381" hits="3340832" branch="False" />
                <line number="382" hits="3340832" branch="False" />
                <line number="383" hits="3340832" branch="False" />
                <line number="384" hits="3340832" branch="False" />
              </lines>
            </method>
            <method name="SmoothStep" signature="(System.Single)" line-rate="1" branch-rate="1" complexity="1">
              <lines>
                <line number="387" hits="1670416" branch="False" />
                <line number="388" hits="1670416" branch="False" />
                <line number="389" hits="1670416" branch="False" />
              </lines>
            </method>
            <method name="Lerp" signature="(System.Single,System.Single,System.Single)" line-rate="1" branch-rate="1" complexity="1">
              <lines>
                <line number="392" hits="2505624" branch="False" />
                <line number="393" hits="2505624" branch="False" />
                <line number="394" hits="2505624" branch="False" />
              </lines>
            </method>
            <method name="SetBlockInChunk" signature="(AIG.Game.World.Chunks.Chunk,System.Int32,System.Int32,System.Int32,System.Int32,System.Int32,AIG.Game.World.BlockType,System.Boolean)" line-rate="1" branch-rate="1" complexity="10">
              <lines>
                <line number="397" hits="30844" branch="False" />
                <line number="398" hits="30844" branch="True" condition-coverage="100% (2/2)">
                  <conditions>
                    <condition number="20" type="jump" coverage="100%" />
                  </conditions>
                </line>
                <line number="399" hits="1" branch="False" />
                <line number="400" hits="1" branch="False" />
                <line number="403" hits="30843" branch="False" />
                <line number="404" hits="30843" branch="False" />
                <line number="405" hits="30843" branch="True" condition-coverage="100% (4/4)">
                  <conditions>
                    <condition number="47" type="jump" coverage="100%" />
                    <condition number="63" type="jump" coverage="100%" />
                  </conditions>
                </line>
                <line number="406" hits="8719" branch="False" />
                <line number="407" hits="8719" branch="False" />
                <line number="410" hits="22124" branch="False" />
                <line number="411" hits="22124" branch="False" />
                <line number="412" hits="22124" branch="True" condition-coverage="100% (4/4)">
                  <conditions>
                    <condition number="94" type="jump" coverage="100%" />
                    <condition number="116" type="jump" coverage="100%" />
                  </conditions>
                </line>
                <line number="413" hits="13083" branch="False" />
                <line number="414" hits="13083" branch="False" />
                <line number="417" hits="9041" branch="False" />
                <line number="418" hits="30844" branch="False" />
              </lines>
            </method>
            <method name="ApplyChunkOverrides" signature="(AIG.Game.World.Chunks.Chunk,System.Int32,System.Int32)" line-rate="1" branch-rate="1" complexity="16">
              <lines>
                <line number="421" hits="330" branch="False" />
                <line number="422" hits="330" branch="True" condition-coverage="100% (2/2)">
                  <conditions>
                    <condition number="19" type="jump" coverage="100%" />
                  </conditions>
                </line>
                <line number="423" hits="285" branch="False" />
                <line number="424" hits="285" branch="False" />
                <line number="427" hits="45" branch="False" />
                <line number="428" hits="45" branch="False" />
                <line number="429" hits="45" branch="False" />
                <line number="430" hits="45" branch="False" />
                <line number="432" hits="389" branch="True" condition-coverage="100% (2/2)">
                  <conditions>
                    <condition number="254" type="jump" coverage="100%" />
                  </conditions>
                </line>
                <line number="433" hits="127" branch="False" />
                <line number="434" hits="127" branch="False" />
                <line number="435" hits="127" branch="False" />
                <line number="436" hits="127" branch="False" />
                <line number="438" hits="127" branch="True" condition-coverage="100% (12/12)">
                  <conditions>
                    <condition number="167" type="jump" coverage="100%" />
                    <condition number="172" type="jump" coverage="100%" />
                    <condition number="177" type="jump" coverage="100%" />
                    <condition number="182" type="jump" coverage="100%" />
                    <condition number="187" type="jump" coverage="100%" />
                    <condition number="209" type="jump" coverage="100%" />
                  </conditions>
                </line>
                <line number="439" hits="126" branch="False" />
                <line number="440" hits="126" branch="False" />
                <line number="443" hits="1" branch="False" />
                <line number="444" hits="1" branch="False" />
                <line number="445" hits="1" branch="False" />
                <line number="446" hits="1" branch="False" />
                <line number="447" hits="330" branch="False" />
              </lines>
            </method>
            <method name="ResolveChunkCoords" signature="(System.Int32,System.Int32)" line-rate="1" branch-rate="1" complexity="1">
              <lines>
                <line number="450" hits="3617692" branch="False" />
                <line number="451" hits="3617692" branch="False" />
                <line number="452" hits="3617692" branch="False" />
                <line number="454" hits="3617692" branch="False" />
                <line number="455" hits="3617692" branch="False" />
                <line number="457" hits="3617692" branch="False" />
                <line number="458" hits="3617692" branch="False" />
              </lines>
            </method>
            <method name=".ctor" signature="(System.Int32,System.Int32,System.Int32,System.Int32,System.Int32)" line-rate="1" branch-rate="1" complexity="1">
              <lines>
                <line number="8" hits="76" branch="False" />
                <line number="9" hits="76" branch="False" />
                <line number="13" hits="76" branch="False" />
                <line number="14" hits="76" branch="False" />
                <line number="15" hits="76" branch="False" />
                <line number="16" hits="76" branch="False" />
                <line number="17" hits="76" branch="False" />
                <line number="18" hits="76" branch="False" />
                <line number="19" hits="76" branch="False" />
                <line number="20" hits="76" branch="False" />
                <line number="21" hits="76" branch="False" />
                <line number="22" hits="76" branch="False" />
              </lines>
            </method>
          </methods>
          <lines>
            <line number="24" hits="3901634" branch="False" />
            <line number="25" hits="4782814" branch="False" />
            <line number="26" hits="3884336" branch="False" />
            <line number="27" hits="14578800" branch="False" />
            <line number="28" hits="3854559" branch="False" />
            <line number="29" hits="8" branch="False" />
            <line number="32" hits="3636516" branch="False" />
            <line number="33" hits="3636516" branch="True" condition-coverage="100% (2/2)">
              <conditions>
                <condition number="15" type="jump" coverage="100%" />
              </conditions>
            </line>
            <line number="34" hits="19004" branch="False" />
            <line number="35" hits="19004" branch="False" />
            <line number="38" hits="3617512" branch="False" />
            <line number="39" hits="3617512" branch="False" />
            <line number="40" hits="3636516" branch="False" />
            <line number="43" hits="186" branch="False" />
            <line number="44" hits="186" branch="True" condition-coverage="100% (2/2)">
              <conditions>
                <condition number="15" type="jump" coverage="100%" />
              </conditions>
            </line>
            <line number="45" hits="6" branch="False" />
            <line number="46" hits="6" branch="False" />
            <line number="49" hits="180" branch="False" />
            <line number="50" hits="180" branch="False" />
            <line number="51" hits="180" branch="False" />
            <line number="52" hits="186" branch="False" />
            <line number="55" hits="2254582" branch="False" />
            <line number="56" hits="2254582" branch="False" />
            <line number="57" hits="2254582" branch="False" />
            <line number="60" hits="1633" branch="False" />
            <line number="61" hits="1633" branch="False" />
            <line number="62" hits="1633" branch="False" />
            <line number="63" hits="1633" branch="False" />
            <line number="64" hits="1633" branch="False" />
            <line number="65" hits="1633" branch="False" />
            <line number="68" hits="3667807" branch="False" />
            <line number="69" hits="3667807" branch="True" condition-coverage="100% (10/10)">
              <conditions>
                <condition number="3" type="jump" coverage="100%" />
                <condition number="12" type="jump" coverage="100%" />
                <condition number="16" type="jump" coverage="100%" />
                <condition number="25" type="jump" coverage="100%" />
                <condition number="29" type="jump" coverage="100%" />
              </conditions>
            </line>
            <line number="70" hits="3667807" branch="False" />
            <line number="73" hits="70776" branch="False" />
            <line number="74" hits="70776" branch="True" condition-coverage="100% (2/2)">
              <conditions>
                <condition number="14" type="jump" coverage="100%" />
              </conditions>
            </line>
            <line number="75" hits="2" branch="False" />
            <line number="76" hits="2" branch="False" />
            <line number="79" hits="70774" branch="True" condition-coverage="100% (2/2)">
              <conditions>
                <condition number="32" type="jump" coverage="100%" />
              </conditions>
            </line>
            <line number="80" hits="12499" branch="False" />
            <line number="81" hits="12499" branch="False" />
            <line number="84" hits="58275" branch="False" />
            <line number="85" hits="70776" branch="False" />
            <line number="88" hits="33" branch="False" />
            <line number="89" hits="33" branch="False" />
            <line number="90" hits="33" branch="False" />
            <line number="91" hits="33" branch="False" />
            <line number="92" hits="33" branch="False" />
            <line number="95" hits="35" branch="False" />
            <line number="96" hits="35" branch="True" condition-coverage="100% (4/4)">
              <conditions>
                <condition number="7" type="jump" coverage="100%" />
                <condition number="25" type="jump" coverage="100%" />
              </conditions>
            </line>
            <line number="97" hits="1" branch="False" />
            <line number="98" hits="1" branch="False" />
            <line number="101" hits="34" branch="False" />
            <line number="102" hits="34" branch="False" />
            <line number="103" hits="34" branch="False" />
            <line number="104" hits="34" branch="False" />
            <line number="105" hits="34" branch="False" />
            <line number="107" hits="34" branch="False" />
            <line number="108" hits="34" branch="False" />
            <line number="109" hits="34" branch="False" />
            <line number="110" hits="34" branch="False" />
            <line number="112" hits="286" branch="True" condition-coverage="100% (2/2)">
              <conditions>
                <condition number="221" type="jump" coverage="100%" />
              </conditions>
            </line>
            <line number="113" hits="109" branch="False" />
            <line number="114" hits="1072" branch="True" condition-coverage="100% (2/2)">
              <conditions>
                <condition number="199" type="jump" coverage="100%" />
              </conditions>
            </line>
            <line number="115" hits="427" branch="False" />
            <line number="116" hits="427" branch="False" />
            <line number="117" hits="427" branch="False" />
            <line number="118" hits="109" branch="False" />
            <line number="119" hits="35" branch="False" />
            <line number="122" hits="35" branch="False" />
            <line number="123" hits="35" branch="True" condition-coverage="100% (2/2)">
              <conditions>
                <condition number="19" type="jump" coverage="100%" />
              </conditions>
            </line>
            <line number="124" hits="1" branch="False" />
            <line number="125" hits="1" branch="False" />
            <line number="128" hits="34" branch="True" condition-coverage="100% (2/2)">
              <conditions>
                <condition number="35" type="jump" coverage="100%" />
              </conditions>
            </line>
            <line number="129" hits="2" branch="False" />
            <line number="130" hits="2" branch="False" />
            <line number="131" hits="2" branch="False" />
            <line number="134" hits="32" branch="False" />
            <line number="135" hits="32" branch="False" />
            <line number="136" hits="32" branch="False" />
            <line number="137" hits="32" branch="False" />
            <line number="138" hits="32" branch="False" />
            <line number="139" hits="32" branch="False" />
            <line number="141" hits="32" branch="False" />
            <line number="142" hits="898" branch="True" condition-coverage="100% (2/2)">
              <conditions>
                <condition number="242" type="jump" coverage="100%" />
              </conditions>
            </line>
            <line number="143" hits="401" branch="False" />
            <line number="144" hits="401" branch="True" condition-coverage="100% (4/4)">
              <conditions>
                <condition number="189" type="jump" coverage="100%" />
                <condition number="216" type="jump" coverage="100%" />
              </conditions>
            </line>
            <line number="145" hits="401" branch="False" />
            <line number="146" hits="8" branch="False" />
            <line number="147" hits="8" branch="False" />
            <line number="148" hits="8" branch="False" />
            <line number="149" hits="401" branch="False" />
            <line number="150" hits="35" branch="False" />
            <line number="153" hits="2" branch="False" />
            <line number="154" hits="2" branch="False" />
            <line number="155" hits="2" branch="False" />
            <line number="158" hits="140664" branch="False" />
            <line number="159" hits="140664" branch="True" condition-coverage="100% (6/6)">
              <conditions>
                <condition number="3" type="jump" coverage="100%" />
                <condition number="12" type="jump" coverage="100%" />
                <condition number="16" type="jump" coverage="100%" />
              </conditions>
            </line>
            <line number="160" hits="140664" branch="False" />
            <line number="163" hits="3618119" branch="False" />
            <line number="164" hits="3618119" branch="True" condition-coverage="100% (2/2)">
              <conditions>
                <condition number="23" type="jump" coverage="100%" />
              </conditions>
            </line>
            <line number="165" hits="3617789" branch="False" />
            <line number="166" hits="3617789" branch="False" />
            <line number="169" hits="330" branch="False" />
            <line number="170" hits="330" branch="False" />
            <line number="171" hits="330" branch="False" />
            <line number="172" hits="3618119" branch="False" />
            <line number="175" hits="330" branch="False" />
            <line number="176" hits="330" branch="False" />
            <line number="177" hits="330" branch="False" />
            <line number="178" hits="330" branch="False" />
            <line number="179" hits="330" branch="False" />
            <line number="180" hits="330" branch="False" />
            <line number="181" hits="330" branch="False" />
            <line number="184" hits="330" branch="False" />
            <line number="185" hits="10004" branch="True" condition-coverage="100% (2/2)">
              <conditions>
                <condition number="196" type="jump" coverage="100%" />
              </conditions>
            </line>
            <line number="186" hits="4672" branch="False" />
            <line number="187" hits="149120" branch="True" condition-coverage="100% (2/2)">
              <conditions>
                <condition number="173" type="jump" coverage="100%" />
              </conditions>
            </line>
            <line number="188" hits="69888" branch="False" />
            <line number="189" hits="69888" branch="False" />
            <line number="190" hits="69888" branch="False" />
            <line number="191" hits="69888" branch="True" condition-coverage="100% (2/2)">
              <conditions>
                <condition number="54" type="jump" coverage="100%" />
              </conditions>
            </line>
            <line number="192" hits="2550" branch="False" />
            <line number="193" hits="2550" branch="False" />
            <line number="196" hits="67338" branch="False" />
            <line number="197" hits="67338" branch="True" condition-coverage="100% (2/2)">
              <conditions>
                <condition number="75" type="jump" coverage="100%" />
              </conditions>
            </line>
            <line number="198" hits="2003442" branch="True" condition-coverage="100% (4/4)">
              <conditions>
                <condition number="153" type="jump" coverage="100%" />
                <condition number="134" type="jump" coverage="100%" />
              </conditions>
            </line>
            <line number="199" hits="934383" branch="False" />
            <line number="200" hits="934383" branch="True" condition-coverage="100% (2/2)">
              <conditions>
                <condition number="102" type="jump" coverage="100%" />
              </conditions>
            </line>
            <line number="201" hits="934383" branch="False" />
            <line number="202" hits="934383" branch="False" />
            <line number="203" hits="67338" branch="False" />
            <line number="204" hits="4672" branch="False" />
            <line number="205" hits="330" branch="False" />
            <line number="208" hits="330" branch="False" />
            <line number="209" hits="330" branch="True" condition-coverage="100% (2/2)">
              <conditions>
                <condition number="14" type="jump" coverage="100%" />
              </conditions>
            </line>
            <line number="210" hits="109" branch="False" />
            <line number="211" hits="109" branch="False" />
            <line number="215" hits="221" branch="False" />
            <line number="216" hits="221" branch="False" />
            <line number="217" hits="221" branch="False" />
            <line number="218" hits="221" branch="False" />
            <line number="220" hits="221" branch="False" />
            <line number="221" hits="221" branch="False" />
            <line number="222" hits="221" branch="False" />
            <line number="223" hits="221" branch="False" />
            <line number="225" hits="9626" branch="True" condition-coverage="100% (2/2)">
              <conditions>
                <condition number="278" type="jump" coverage="100%" />
              </conditions>
            </line>
            <line number="226" hits="4592" branch="False" />
            <line number="227" hits="201356" branch="True" condition-coverage="100% (2/2)">
              <conditions>
                <condition number="256" type="jump" coverage="100%" />
              </conditions>
            </line>
            <line number="228" hits="96086" branch="False" />
            <line number="229" hits="96086" branch="True" condition-coverage="100% (2/2)">
              <conditions>
                <condition number="177" type="jump" coverage="100%" />
              </conditions>
            </line>
            <line number="230" hits="95233" branch="False" />
            <line number="231" hits="95233" branch="False" />
            <line number="234" hits="853" branch="False" />
            <line number="235" hits="853" branch="True" condition-coverage="100% (2/2)">
              <conditions>
                <condition number="213" type="jump" coverage="100%" />
              </conditions>
            </line>
            <line number="236" hits="136" branch="False" />
            <line number="237" hits="136" branch="False" />
            <line number="240" hits="717" branch="False" />
            <line number="241" hits="717" branch="False" />
            <line number="242" hits="4592" branch="False" />
            <line number="243" hits="330" branch="False" />
            <line number="246" hits="96086" branch="False" />
            <line number="247" hits="96086" branch="True" condition-coverage="100% (8/8)">
              <conditions>
                <condition number="3" type="jump" coverage="100%" />
                <condition number="7" type="jump" coverage="100%" />
                <condition number="18" type="jump" coverage="100%" />
                <condition number="41" type="jump" coverage="100%" />
              </conditions>
            </line>
            <line number="248" hits="5224" branch="False" />
            <line number="249" hits="5224" branch="False" />
            <line number="252" hits="90862" branch="False" />
            <line number="253" hits="90862" branch="True" condition-coverage="100% (2/2)">
              <conditions>
                <condition number="126" type="jump" coverage="100%" />
              </conditions>
            </line>
            <line number="254" hits="52715" branch="False" />
            <line number="255" hits="52715" branch="False" />
            <line number="258" hits="38147" branch="False" />
            <line number="259" hits="38147" branch="True" condition-coverage="100% (2/2)">
              <conditions>
                <condition number="200" type="jump" coverage="100%" />
              </conditions>
            </line>
            <line number="260" hits="37294" branch="False" />
            <line number="261" hits="37294" branch="False" />
            <line number="264" hits="853" branch="False" />
            <line number="265" hits="853" branch="False" />
            <line number="266" hits="853" branch="False" />
            <line number="267" hits="853" branch="False" />
            <line number="268" hits="853" branch="False" />
            <line number="269" hits="96086" branch="False" />
            <line number="272" hits="717" branch="False" />
            <line number="273" hits="717" branch="False" />
            <line number="274" hits="717" branch="False" />
            <line number="276" hits="8628" branch="True" condition-coverage="100% (2/2)">
              <conditions>
                <condition number="76" type="jump" coverage="100%" />
              </conditions>
            </line>
            <line number="277" hits="3597" branch="False" />
            <line number="278" hits="3597" branch="False" />
            <line number="279" hits="3597" branch="False" />
            <line number="281" hits="5736" branch="True" condition-coverage="100% (2/2)">
              <conditions>
                <condition number="293" type="jump" coverage="100%" />
              </conditions>
            </line>
            <line number="282" hits="2151" branch="False" />
            <line number="283" hits="2151" branch="False" />
            <line number="284" hits="2151" branch="True" condition-coverage="100% (2/2)">
              <conditions>
                <condition number="102" type="jump" coverage="100%" />
              </conditions>
            </line>
            <line number="285" hits="20076" branch="True" condition-coverage="100% (2/2)">
              <conditions>
                <condition number="267" type="jump" coverage="100%" />
              </conditions>
            </line>
            <line number="286" hits="7887" branch="False" />
            <line number="287" hits="77436" branch="True" condition-coverage="100% (2/2)">
              <conditions>
                <condition number="242" type="jump" coverage="100%" />
              </conditions>
            </line>
            <line number="288" hits="30831" branch="False" />
            <line number="289" hits="30831" branch="True" condition-coverage="100% (2/2)">
              <conditions>
                <condition number="164" type="jump" coverage="100%" />
              </conditions>
            </line>
            <line number="290" hits="2868" branch="False" />
            <line number="291" hits="2868" branch="False" />
            <line number="294" hits="27963" branch="True" condition-coverage="100% (6/6)">
              <conditions>
                <condition number="173" type="jump" coverage="100%" />
                <condition number="179" type="jump" coverage="100%" />
                <condition number="196" type="jump" coverage="100%" />
              </conditions>
            </line>
            <line number="295" hits="1434" branch="False" />
            <line number="296" hits="1434" branch="False" />
            <line number="299" hits="26529" branch="False" />
            <line number="300" hits="26529" branch="False" />
            <line number="301" hits="7887" branch="False" />
            <line number="302" hits="2151" branch="False" />
            <line number="304" hits="717" branch="False" />
            <line number="305" hits="717" branch="False" />
            <line number="308" hits="3341549" branch="False" />
            <line number="310" hits="3341549" branch="False" />
            <line number="311" hits="3341549" branch="False" />
            <line number="312" hits="3341549" branch="False" />
            <line number="313" hits="3341549" branch="False" />
            <line number="314" hits="3341549" branch="False" />
            <line number="315" hits="3341549" branch="False" />
            <line number="316" hits="3341549" branch="False" />
            <line number="317" hits="3341549" branch="False" />
            <line number="319" hits="3341549" branch="False" />
            <line number="322" hits="58275" branch="False" />
            <line number="323" hits="58275" branch="False" />
            <line number="324" hits="58275" branch="False" />
            <line number="326" hits="58275" branch="False" />
            <line number="327" hits="58275" branch="False" />
            <line number="328" hits="58275" branch="False" />
            <line number="329" hits="58275" branch="False" />
            <line number="331" hits="58275" branch="False" />
            <line number="332" hits="58275" branch="False" />
            <line number="333" hits="58275" branch="False" />
            <line number="335" hits="58275" branch="False" />
            <line number="336" hits="58275" branch="False" />
            <line number="337" hits="58275" branch="False" />
            <line number="340" hits="265688" branch="False" />
            <line number="341" hits="265688" branch="False" />
            <line number="342" hits="265688" branch="False" />
            <line number="343" hits="265688" branch="False" />
            <line number="344" hits="265688" branch="False" />
            <line number="346" hits="2125498" branch="True" condition-coverage="100% (2/2)">
              <conditions>
                <condition number="78" type="jump" coverage="100%" />
              </conditions>
            </line>
            <line number="347" hits="797061" branch="False" />
            <line number="348" hits="797061" branch="False" />
            <line number="349" hits="797061" branch="False" />
            <line number="350" hits="797061" branch="False" />
            <line number="351" hits="797061" branch="False" />
            <line number="352" hits="797061" branch="False" />
            <line number="354" hits="265688" branch="True" condition-coverage="100% (2/2)">
              <conditions>
                <condition number="86" type="jump" coverage="100%" />
              </conditions>
            </line>
            <line number="355" hits="265688" branch="False" />
            <line number="358" hits="835208" branch="False" />
            <line number="359" hits="835208" branch="False" />
            <line number="360" hits="835208" branch="False" />
            <line number="361" hits="835208" branch="False" />
            <line number="362" hits="835208" branch="False" />
            <line number="364" hits="835208" branch="False" />
            <line number="365" hits="835208" branch="False" />
            <line number="367" hits="835208" branch="False" />
            <line number="368" hits="835208" branch="False" />
            <line number="369" hits="835208" branch="False" />
            <line number="370" hits="835208" branch="False" />
            <line number="372" hits="835208" branch="False" />
            <line number="373" hits="835208" branch="False" />
            <line number="375" hits="835208" branch="False" />
            <line number="376" hits="835208" branch="False" />
            <line number="377" hits="835208" branch="False" />
            <line number="378" hits="835208" branch="False" />
            <line number="381" hits="3340832" branch="False" />
            <line number="382" hits="3340832" branch="False" />
            <line number="383" hits="3340832" branch="False" />
            <line number="384" hits="3340832" branch="False" />
            <line number="387" hits="1670416" branch="False" />
            <line number="388" hits="1670416" branch="False" />
            <line number="389" hits="1670416" branch="False" />
            <line number="392" hits="2505624" branch="False" />
            <line number="393" hits="2505624" branch="False" />
            <line number="394" hits="2505624" branch="False" />
            <line number="397" hits="30844" branch="False" />
            <line number="398" hits="30844" branch="True" condition-coverage="100% (2/2)">
              <conditions>
                <condition number="20" type="jump" coverage="100%" />
              </conditions>
            </line>
            <line number="399" hits="1" branch="False" />
            <line number="400" hits="1" branch="False" />
            <line number="403" hits="30843" branch="False" />
            <line number="404" hits="30843" branch="False" />
            <line number="405" hits="30843" branch="True" condition-coverage="100% (4/4)">
              <conditions>
                <condition number="47" type="jump" coverage="100%" />
                <condition number="63" type="jump" coverage="100%" />
              </conditions>
            </line>
            <line number="406" hits="8719" branch="False" />
            <line number="407" hits="8719" branch="False" />
            <line number="410" hits="22124" branch="False" />
            <line number="411" hits="22124" branch="False" />
            <line number="412" hits="22124" branch="True" condition-coverage="100% (4/4)">
              <conditions>
                <condition number="94" type="jump" coverage="100%" />
                <condition number="116" type="jump" coverage="100%" />
              </conditions>
            </line>
            <line number="413" hits="13083" branch="False" />
            <line number="414" hits="13083" branch="False" />
            <line number="417" hits="9041" branch="False" />
            <line number="418" hits="30844" branch="False" />
            <line number="421" hits="330" branch="False" />
            <line number="422" hits="330" branch="True" condition-coverage="100% (2/2)">
              <conditions>
                <condition number="19" type="jump" coverage="100%" />
              </conditions>
            </line>
[...]
            </method>
            <method name="CycleQuality" signature="()" line-rate="1" branch-rate="1" complexity="4">
              <lines>
                <line number="33" hits="6" branch="False" />
                <line number="34" hits="6" branch="True" condition-coverage="100% (4/4)">
                  <conditions>
                    <condition number="13" type="jump" coverage="100%" />
                    <condition number="19" type="jump" coverage="100%" />
                  </conditions>
                </line>
                <line number="35" hits="6" branch="False" />
                <line number="36" hits="2" branch="False" />
                <line number="37" hits="3" branch="False" />
                <line number="38" hits="1" branch="False" />
                <line number="39" hits="6" branch="False" />
                <line number="41" hits="6" branch="False" />
                <line number="42" hits="6" branch="False" />
              </lines>
            </method>
            <method name="ToggleFog" signature="()" line-rate="1" branch-rate="1" complexity="1">
              <lines>
                <line number="44" hits="3" branch="False" />
              </lines>
            </method>
            <method name="ToggleReliefContours" signature="()" line-rate="1" branch-rate="1" complexity="1">
              <lines>
                <line number="46" hits="2" branch="False" />
              </lines>
            </method>
            <method name="ApplyPreset" signature="(AIG.Game.Config.GraphicsQuality)" line-rate="1" branch-rate="1" complexity="4">
              <lines>
                <line number="49" hits="37" branch="False" />
                <line number="50" hits="37" branch="False" />
                <line number="51" hits="37" branch="True" condition-coverage="100% (4/4)">
                  <conditions>
                    <condition number="14" type="jump" coverage="100%" />
                    <condition number="20" type="jump" coverage="100%" />
                  </conditions>
                </line>
                <line number="54" hits="5" branch="False" />
                <line number="55" hits="5" branch="False" />
                <line number="56" hits="5" branch="False" />
                <line number="57" hits="5" branch="False" />
                <line number="58" hits="5" branch="False" />
                <line number="59" hits="5" branch="False" />
                <line number="60" hits="5" branch="False" />
                <line number="61" hits="5" branch="False" />
                <line number="62" hits="5" branch="False" />
                <line number="63" hits="5" branch="False" />
                <line number="65" hits="22" branch="False" />
                <line number="66" hits="22" branch="False" />
                <line number="67" hits="22" branch="False" />
                <line number="68" hits="22" branch="False" />
                <line number="69" hits="22" branch="False" />
                <line number="70" hits="22" branch="False" />
                <line number="71" hits="22" branch="False" />
                <line number="72" hits="22" branch="False" />
                <line number="73" hits="22" branch="False" />
                <line number="74" hits="22" branch="False" />
                <line number="76" hits="10" branch="False" />
                <line number="77" hits="10" branch="False" />
                <line number="78" hits="10" branch="False" />
                <line number="79" hits="10" branch="False" />
                <line number="80" hits="10" branch="False" />
                <line number="81" hits="10" branch="False" />
                <line number="82" hits="10" branch="False" />
                <line number="83" hits="10" branch="False" />
                <line number="84" hits="10" branch="False" />
                <line number="85" hits="10" branch="False" />
                <line number="87" hits="37" branch="False" />
              </lines>
            </method>
            <method name=".ctor" signature="(AIG.Game.Config.GameConfig)" line-rate="1" branch-rate="1" complexity="1">
              <lines>
                <line number="10" hits="31" branch="False" />
                <line number="11" hits="31" branch="False" />
                <line number="12" hits="31" branch="False" />
                <line number="13" hits="31" branch="False" />
                <line number="14" hits="31" branch="False" />
                <line number="15" hits="31" branch="False" />
                <line number="16" hits="31" branch="False" />
                <line number="17" hits="31" branch="False" />
              </lines>
            </method>
          </methods>
          <lines>
            <line number="19" hits="346" branch="False" />
            <line number="20" hits="55663" branch="False" />
            <line number="21" hits="49645" branch="False" />
            <line number="22" hits="185" branch="False" />
            <line number="23" hits="55723" branch="False" />
            <line number="24" hits="106218" branch="False" />
            <line number="25" hits="53128" branch="False" />
            <line number="26" hits="55647" branch="False" />
            <line number="27" hits="55647" branch="False" />
            <line number="28" hits="53129" branch="False" />
            <line number="29" hits="55649" branch="False" />
            <line number="30" hits="148" branch="False" />
            <line number="33" hits="6" branch="False" />
            <line number="34" hits="6" branch="True" condition-coverage="100% (4/4)">
              <conditions>
                <condition number="13" type="jump" coverage="100%" />
                <condition number="19" type="jump" coverage="100%" />
              </conditions>
            </line>
            <line number="35" hits="6" branch="False" />
            <line number="36" hits="2" branch="False" />
            <line number="37" hits="3" branch="False" />
            <line number="38" hits="1" branch="False" />
            <line number="39" hits="6" branch="False" />
            <line number="41" hits="6" branch="False" />
            <line number="42" hits="6" branch="False" />
            <line number="44" hits="3" branch="False" />
            <line number="46" hits="2" branch="False" />
            <line number="49" hits="37" branch="False" />
            <line number="50" hits="37" branch="False" />
            <line number="51" hits="37" branch="True" condition-coverage="100% (4/4)">
              <conditions>
                <condition number="14" type="jump" coverage="100%" />
                <condition number="20" type="jump" coverage="100%" />
              </conditions>
            </line>
            <line number="54" hits="5" branch="False" />
            <line number="55" hits="5" branch="False" />
            <line number="56" hits="5" branch="False" />
            <line number="57" hits="5" branch="False" />
            <line number="58" hits="5" branch="False" />
            <line number="59" hits="5" branch="False" />
            <line number="60" hits="5" branch="False" />
            <line number="61" hits="5" branch="False" />
            <line number="62" hits="5" branch="False" />
            <line number="63" hits="5" branch="False" />
            <line number="65" hits="22" branch="False" />
            <line number="66" hits="22" branch="False" />
            <line number="67" hits="22" branch="False" />
            <line number="68" hits="22" branch="False" />
            <line number="69" hits="22" branch="False" />
            <line number="70" hits="22" branch="False" />
            <line number="71" hits="22" branch="False" />
            <line number="72" hits="22" branch="False" />
            <line number="73" hits="22" branch="False" />
            <line number="74" hits="22" branch="False" />
            <line number="76" hits="10" branch="False" />
            <line number="77" hits="10" branch="False" />
            <line number="78" hits="10" branch="False" />
            <line number="79" hits="10" branch="False" />
            <line number="80" hits="10" branch="False" />
            <line number="81" hits="10" branch="False" />
            <line number="82" hits="10" branch="False" />
            <line number="83" hits="10" branch="False" />
            <line number="84" hits="10" branch="False" />
            <line number="85" hits="10" branch="False" />
            <line number="87" hits="37" branch="False" />
            <line number="10" hits="31" branch="False" />
            <line number="11" hits="31" branch="False" />
            <line number="12" hits="31" branch="False" />
            <line number="13" hits="31" branch="False" />
            <line number="14" hits="31" branch="False" />
            <line number="15" hits="31" branch="False" />
            <line number="16" hits="31" branch="False" />
            <line number="17" hits="31" branch="False" />
          </lines>
        </class>
        <class name="AIG.Game.Core.PlayerVisualState" filename="Core/PlayerVisualState.cs" line-rate="1" branch-rate="1" complexity="10">
          <methods>
            <method name="get_WalkPhase" signature="()" line-rate="1" branch-rate="1" complexity="1">
              <lines>
                <line number="10" hits="187" branch="False" />
              </lines>
            </method>
            <method name="get_WalkBlend" signature="()" line-rate="1" branch-rate="1" complexity="1">
              <lines>
                <line number="11" hits="268" branch="False" />
              </lines>
            </method>
            <method name="get_VerticalSpeed" signature="()" line-rate="1" branch-rate="1" complexity="1">
              <lines>
                <line number="12" hits="84" branch="False" />
              </lines>
            </method>
            <method name="get_IsJumping" signature="()" line-rate="1" branch-rate="1" complexity="1">
              <lines>
                <line number="14" hits="8" branch="False" />
              </lines>
            </method>
            <method name="get_IsFalling" signature="()" line-rate="1" branch-rate="1" complexity="1">
              <lines>
                <line number="15" hits="7" branch="False" />
              </lines>
            </method>
            <method name="Reset" signature="(System.Numerics.Vector3)" line-rate="1" branch-rate="1" complexity="1">
              <lines>
                <line number="18" hits="26" branch="False" />
                <line number="19" hits="26" branch="False" />
                <line number="20" hits="26" branch="False" />
                <line number="21" hits="26" branch="False" />
                <line number="22" hits="26" branch="False" />
                <line number="23" hits="26" branch="False" />
                <line number="24" hits="26" branch="False" />
              </lines>
            </method>
            <method name="Update" signature="(System.Numerics.Vector3,System.Single,System.Single)" line-rate="1" branch-rate="1" complexity="4">
              <lines>
                <line number="27" hits="42" branch="False" />
                <line number="28" hits="42" branch="True" condition-coverage="100% (2/2)">
                  <conditions>
                    <condition number="14" type="jump" coverage="100%" />
                  </conditions>
                </line>
                <line number="29" hits="1" branch="False" />
                <line number="30" hits="1" branch="False" />
                <line number="31" hits="1" branch="False" />
                <line number="34" hits="41" branch="False" />
                <line number="35" hits="41" branch="False" />
                <line number="36" hits="41" branch="False" />
                <line number="37" hits="41" branch="False" />
                <line number="38" hits="41" branch="True" condition-coverage="100% (2/2)">
                  <conditions>
                    <condition number="101" type="jump" coverage="100%" />
                  </conditions>
                </line>
                <line number="40" hits="41" branch="False" />
                <line number="41" hits="41" branch="False" />
                <line number="42" hits="41" branch="False" />
                <line number="43" hits="41" branch="False" />
                <line number="44" hits="41" branch="False" />
                <line number="46" hits="41" branch="False" />
                <line number="47" hits="42" branch="False" />
              </lines>
            </method>
          </methods>
          <lines>
            <line number="10" hits="187" branch="False" />
            <line number="11" hits="268" branch="False" />
            <line number="12" hits="84" branch="False" />
            <line number="14" hits="8" branch="False" />
            <line number="15" hits="7" branch="False" />
            <line number="18" hits="26" branch="False" />
            <line number="19" hits="26" branch="False" />
            <line number="20" hits="26" branch="False" />
            <line number="21" hits="26" branch="False" />
            <line number="22" hits="26" branch="False" />
            <line number="23" hits="26" branch="False" />
            <line number="24" hits="26" branch="False" />
            <line number="27" hits="42" branch="False" />
            <line number="28" hits="42" branch="True" condition-coverage="100% (2/2)">
              <conditions>
                <condition number="14" type="jump" coverage="100%" />
              </conditions>
            </line>
            <line number="29" hits="1" branch="False" />
            <line number="30" hits="1" branch="False" />
            <line number="31" hits="1" branch="False" />
            <line number="34" hits="41" branch="False" />
            <line number="35" hits="41" branch="False" />
            <line number="36" hits="41" branch="False" />
            <line number="37" hits="41" branch="False" />
            <line number="38" hits="41" branch="True" condition-coverage="100% (2/2)">
              <conditions>
                <condition number="101" type="jump" coverage="100%" />
              </conditions>
            </line>
            <line number="40" hits="41" branch="False" />
            <line number="41" hits="41" branch="False" />
            <line number="42" hits="41" branch="False" />
            <line number="43" hits="41" branch="False" />
            <line number="44" hits="41" branch="False" />
            <line number="46" hits="41" branch="False" />
            <line number="47" hits="42" branch="False" />
          </lines>
        </class>
        <class name="AIG.Game.Config.GameConfig" filename="Config/GameConfig.cs" line-rate="1" branch-rate="1" complexity="17">
          <methods>
            <method name="get_WindowWidth" signature="()" line-rate="1" branch-rate="1" complexity="1">
              <lines>
                <line number="5" hits="70" branch="False" />
              </lines>
            </method>
            <method name="get_WindowHeight" signature="()" line-rate="1" branch-rate="1" complexity="1">
              <lines>
                <line number="6" hits="70" branch="False" />
              </lines>
            </method>
            <method name="get_Title" signature="()" line-rate="1" branch-rate="1" complexity="1">
              <lines>
                <line number="7" hits="81" branch="False" />
              </lines>
            </method>
            <method name="get_MouseSensitivity" signature="()" line-rate="1" branch-rate="1" complexity="1">
              <lines>
                <line number="8" hits="1345" branch="False" />
              </lines>
            </method>
            <method name="get_MoveSpeed" signature="()" line-rate="1" branch-rate="1" complexity="1">
              <lines>
                <line number="9" hits="886" branch="False" />
              </lines>
            </method>
            <method name="get_JumpSpeed" signature="()" line-rate="1" branch-rate="1" complexity="1">
              <lines>
                <line number="10" hits="54" branch="False" />
              </lines>
            </method>
            <method name="get_Gravity" signature="()" line-rate="1" branch-rate="1" complexity="1">
              <lines>
                <line number="11" hits="848" branch="False" />
              </lines>
            </method>
            <method name="get_TargetFps" signature="()" line-rate="1" branch-rate="1" complexity="1">
              <lines>
                <line number="12" hits="70" branch="False" />
              </lines>
            </method>
            <method name="get_FullscreenByDefault" signature="()" line-rate="1" branch-rate="1" complexity="1">
              <lines>
                <line number="13" hits="83" branch="False" />
              </lines>
            </method>
            <method name="get_InteractionDistance" signature="()" line-rate="1" branch-rate="1" complexity="1">
              <lines>
                <line number="14" hits="99" branch="False" />
              </lines>
            </method>
            <method name="get_WorldSeed" signature="()" line-rate="1" branch-rate="1" complexity="1">
              <lines>
                <line number="15" hits="56" branch="False" />
              </lines>
            </method>
            <method name="get_ChunkSize" signature="()" line-rate="1" branch-rate="1" complexity="1">
              <lines>
                <line number="16" hits="56" branch="False" />
              </lines>
            </method>
            <method name="get_RenderDistance" signature="()" line-rate="1" branch-rate="1" complexity="1">
              <lines>
                <line number="17" hits="54" branch="False" />
              </lines>
            </method>
            <method name="get_DrawBlockWires" signature="()" line-rate="1" branch-rate="1" complexity="1">
              <lines>
                <line number="18" hits="85" branch="False" />
              </lines>
            </method>
            <method name="get_GraphicsQuality" signature="()" line-rate="1" branch-rate="1" complexity="1">
              <lines>
                <line number="19" hits="94" branch="False" />
              </lines>
            </method>
            <method name="get_FogEnabled" signature="()" line-rate="1" branch-rate="1" complexity="1">
              <lines>
                <line number="20" hits="83" branch="False" />
              </lines>
            </method>
            <method name="get_ReliefContoursEnabled" signature="()" line-rate="1" branch-rate="1" complexity="1">
              <lines>
                <line number="21" hits="83" branch="False" />
              </lines>
            </method>
          </methods>
          <lines>
            <line number="5" hits="70" branch="False" />
            <line number="6" hits="70" branch="False" />
            <line number="7" hits="81" branch="False" />
            <line number="8" hits="1345" branch="False" />
            <line number="9" hits="886" branch="False" />
            <line number="10" hits="54" branch="False" />
            <line number="11" hits="848" branch="False" />
            <line number="12" hits="70" branch="False" />
            <line number="13" hits="83" branch="False" />
            <line number="14" hits="99" branch="False" />
            <line number="15" hits="56" branch="False" />
            <line number="16" hits="56" branch="False" />
            <line number="17" hits="54" branch="False" />
            <line number="18" hits="85" branch="False" />
            <line number="19" hits="94" branch="False" />
            <line number="20" hits="83" branch="False" />
            <line number="21" hits="83" branch="False" />
          </lines>
        </class>
      </classes>
    </package>
  </packages>
</coverage>